D:\AESTESIS\CODE\ELEKTROSDK\ELEKTRONIKA\ALIB.BSC
D:\AESTESIS\CODE\ELEKTROSDK\ELEKTRONIKA\ALIB.DLL
D:\AESTESIS\CODE\ELEKTROSDK\ELEKTRONIKA\ALIB.ILK
D:\AESTESIS\CODE\ELEKTROSDK\SRC\ALIB\DEBUG VSTUDIO\_DISPLAY.SBR
D:\AESTESIS\CODE\ELEKTROSDK\SRC\ALIB\DEBUG VSTUDIO\ADLER32.SBR
D:\AESTESIS\CODE\ELEKTROSDK\SRC\ALIB\DEBUG VSTUDIO\ALIB.DLL.EMBED.MANIFEST
D:\AESTESIS\CODE\ELEKTROSDK\SRC\ALIB\DEBUG VSTUDIO\ALIB.DLL.EMBED.MANIFEST.RES
D:\AESTESIS\CODE\ELEKTROSDK\SRC\ALIB\DEBUG VSTUDIO\ALIB.DLL.INTERMEDIATE.MANIFEST
D:\AESTESIS\CODE\ELEKTROSDK\SRC\ALIB\DEBUG VSTUDIO\ALIB.RES
D:\aestesis\code\elektroSDK\src\Alib\debug VSTUDIO\Alib.write.1.tlog
D:\aestesis\code\elektroSDK\src\Alib\debug VSTUDIO\Alib_manifest.rc
D:\AESTESIS\CODE\ELEKTROSDK\SRC\ALIB\DEBUG VSTUDIO\AVI.SBR
D:\AESTESIS\CODE\ELEKTROSDK\SRC\ALIB\DEBUG VSTUDIO\BITBUF.SBR
D:\AESTESIS\CODE\ELEKTROSDK\SRC\ALIB\DEBUG VSTUDIO\BITMAP.SBR
D:\aestesis\code\elektroSDK\src\Alib\debug VSTUDIO\BscMake.command.1.tlog
D:\aestesis\code\elektroSDK\src\Alib\debug VSTUDIO\bscmake.read.1.tlog
D:\aestesis\code\elektroSDK\src\Alib\debug VSTUDIO\bscmake.write.1.tlog
D:\AESTESIS\CODE\ELEKTROSDK\SRC\ALIB\DEBUG VSTUDIO\BUFFER.SBR
D:\AESTESIS\CODE\ELEKTROSDK\SRC\ALIB\DEBUG VSTUDIO\BUTTON.SBR
D:\AESTESIS\CODE\ELEKTROSDK\SRC\ALIB\DEBUG VSTUDIO\CDJPEG.SBR
D:\AESTESIS\CODE\ELEKTROSDK\SRC\ALIB\DEBUG VSTUDIO\CJPEG.SBR
D:\aestesis\code\elektroSDK\src\Alib\debug VSTUDIO\cl.command.1.tlog
D:\aestesis\code\elektroSDK\src\Alib\debug VSTUDIO\CL.read.1.tlog
D:\aestesis\code\elektroSDK\src\Alib\debug VSTUDIO\CL.write.1.tlog
D:\AESTESIS\CODE\ELEKTROSDK\SRC\ALIB\DEBUG VSTUDIO\CLIPBOARD.SBR
D:\AESTESIS\CODE\ELEKTROSDK\SRC\ALIB\DEBUG VSTUDIO\CURVE.SBR
D:\AESTESIS\CODE\ELEKTROSDK\SRC\ALIB\DEBUG VSTUDIO\D3D.SBR
D:\AESTESIS\CODE\ELEKTROSDK\SRC\ALIB\DEBUG VSTUDIO\DEBUG.SBR
D:\AESTESIS\CODE\ELEKTROSDK\SRC\ALIB\DEBUG VSTUDIO\DISPLAY.SBR
D:\AESTESIS\CODE\ELEKTROSDK\SRC\ALIB\DEBUG VSTUDIO\EDIT.SBR
D:\AESTESIS\CODE\ELEKTROSDK\SRC\ALIB\DEBUG VSTUDIO\EDITTEXT.SBR
D:\AESTESIS\CODE\ELEKTROSDK\SRC\ALIB\DEBUG VSTUDIO\FILE.SBR
D:\AESTESIS\CODE\ELEKTROSDK\SRC\ALIB\DEBUG VSTUDIO\FILEDLG.SBR
D:\AESTESIS\CODE\ELEKTROSDK\SRC\ALIB\DEBUG VSTUDIO\FILEHD.SBR
D:\AESTESIS\CODE\ELEKTROSDK\SRC\ALIB\DEBUG VSTUDIO\FILEMEM.SBR
D:\AESTESIS\CODE\ELEKTROSDK\SRC\ALIB\DEBUG VSTUDIO\FIXED.SBR
D:\AESTESIS\CODE\ELEKTROSDK\SRC\ALIB\DEBUG VSTUDIO\FLASH.SBR
D:\AESTESIS\CODE\ELEKTROSDK\SRC\ALIB\DEBUG VSTUDIO\FONT.SBR
D:\AESTESIS\CODE\ELEKTROSDK\SRC\ALIB\DEBUG VSTUDIO\FTP.SBR
D:\AESTESIS\CODE\ELEKTROSDK\SRC\ALIB\DEBUG VSTUDIO\GEOM.SBR
D:\AESTESIS\CODE\ELEKTROSDK\SRC\ALIB\DEBUG VSTUDIO\GLOBAL.SBR
D:\AESTESIS\CODE\ELEKTROSDK\SRC\ALIB\DEBUG VSTUDIO\INFBLOCK.SBR
D:\AESTESIS\CODE\ELEKTROSDK\SRC\ALIB\DEBUG VSTUDIO\INFCODES.SBR
D:\AESTESIS\CODE\ELEKTROSDK\SRC\ALIB\DEBUG VSTUDIO\INFFAST.SBR
D:\AESTESIS\CODE\ELEKTROSDK\SRC\ALIB\DEBUG VSTUDIO\INFLATE.SBR
D:\AESTESIS\CODE\ELEKTROSDK\SRC\ALIB\DEBUG VSTUDIO\INFTREES.SBR
D:\AESTESIS\CODE\ELEKTROSDK\SRC\ALIB\DEBUG VSTUDIO\INFUTIL.SBR
D:\AESTESIS\CODE\ELEKTROSDK\SRC\ALIB\DEBUG VSTUDIO\INTERFACE.SBR
D:\AESTESIS\CODE\ELEKTROSDK\SRC\ALIB\DEBUG VSTUDIO\ITEM.SBR
D:\AESTESIS\CODE\ELEKTROSDK\SRC\ALIB\DEBUG VSTUDIO\JCAPIMIN.SBR
D:\AESTESIS\CODE\ELEKTROSDK\SRC\ALIB\DEBUG VSTUDIO\JCAPISTD.SBR
D:\AESTESIS\CODE\ELEKTROSDK\SRC\ALIB\DEBUG VSTUDIO\JCCOEFCT.SBR
D:\AESTESIS\CODE\ELEKTROSDK\SRC\ALIB\DEBUG VSTUDIO\JCCOLOR.SBR
D:\AESTESIS\CODE\ELEKTROSDK\SRC\ALIB\DEBUG VSTUDIO\JCDCTMGR.SBR
D:\AESTESIS\CODE\ELEKTROSDK\SRC\ALIB\DEBUG VSTUDIO\JCHUFF.SBR
D:\AESTESIS\CODE\ELEKTROSDK\SRC\ALIB\DEBUG VSTUDIO\JCINIT.SBR
D:\AESTESIS\CODE\ELEKTROSDK\SRC\ALIB\DEBUG VSTUDIO\JCMAINCT.SBR
D:\AESTESIS\CODE\ELEKTROSDK\SRC\ALIB\DEBUG VSTUDIO\JCMARKER.SBR
D:\AESTESIS\CODE\ELEKTROSDK\SRC\ALIB\DEBUG VSTUDIO\JCMASTER.SBR
D:\AESTESIS\CODE\ELEKTROSDK\SRC\ALIB\DEBUG VSTUDIO\JCOMAPI.SBR
D:\AESTESIS\CODE\ELEKTROSDK\SRC\ALIB\DEBUG VSTUDIO\JCPARAM.SBR
D:\AESTESIS\CODE\ELEKTROSDK\SRC\ALIB\DEBUG VSTUDIO\JCPHUFF.SBR
D:\AESTESIS\CODE\ELEKTROSDK\SRC\ALIB\DEBUG VSTUDIO\JCPREPCT.SBR
D:\AESTESIS\CODE\ELEKTROSDK\SRC\ALIB\DEBUG VSTUDIO\JCSAMPLE.SBR
D:\AESTESIS\CODE\ELEKTROSDK\SRC\ALIB\DEBUG VSTUDIO\JDAPIMIN.SBR
D:\AESTESIS\CODE\ELEKTROSDK\SRC\ALIB\DEBUG VSTUDIO\JDAPISTD.SBR
D:\AESTESIS\CODE\ELEKTROSDK\SRC\ALIB\DEBUG VSTUDIO\JDATADST.SBR
D:\AESTESIS\CODE\ELEKTROSDK\SRC\ALIB\DEBUG VSTUDIO\JDATASRC.SBR
D:\AESTESIS\CODE\ELEKTROSDK\SRC\ALIB\DEBUG VSTUDIO\JDCOEFCT.SBR
D:\AESTESIS\CODE\ELEKTROSDK\SRC\ALIB\DEBUG VSTUDIO\JDCOLOR.SBR
D:\AESTESIS\CODE\ELEKTROSDK\SRC\ALIB\DEBUG VSTUDIO\JDDCTMGR.SBR
D:\AESTESIS\CODE\ELEKTROSDK\SRC\ALIB\DEBUG VSTUDIO\JDHUFF.SBR
D:\AESTESIS\CODE\ELEKTROSDK\SRC\ALIB\DEBUG VSTUDIO\JDINPUT.SBR
D:\AESTESIS\CODE\ELEKTROSDK\SRC\ALIB\DEBUG VSTUDIO\JDMAINCT.SBR
D:\AESTESIS\CODE\ELEKTROSDK\SRC\ALIB\DEBUG VSTUDIO\JDMARKER.SBR
D:\AESTESIS\CODE\ELEKTROSDK\SRC\ALIB\DEBUG VSTUDIO\JDMASTER.SBR
D:\AESTESIS\CODE\ELEKTROSDK\SRC\ALIB\DEBUG VSTUDIO\JDPHUFF.SBR
D:\AESTESIS\CODE\ELEKTROSDK\SRC\ALIB\DEBUG VSTUDIO\JDPOSTCT.SBR
D:\AESTESIS\CODE\ELEKTROSDK\SRC\ALIB\DEBUG VSTUDIO\JDSAMPLE.SBR
D:\AESTESIS\CODE\ELEKTROSDK\SRC\ALIB\DEBUG VSTUDIO\JERROR.SBR
D:\AESTESIS\CODE\ELEKTROSDK\SRC\ALIB\DEBUG VSTUDIO\JFDCTFLT.SBR
D:\AESTESIS\CODE\ELEKTROSDK\SRC\ALIB\DEBUG VSTUDIO\JFDCTINT.SBR
D:\AESTESIS\CODE\ELEKTROSDK\SRC\ALIB\DEBUG VSTUDIO\JIDCTFLT.SBR
D:\AESTESIS\CODE\ELEKTROSDK\SRC\ALIB\DEBUG VSTUDIO\JIDCTINT.SBR
D:\AESTESIS\CODE\ELEKTROSDK\SRC\ALIB\DEBUG VSTUDIO\JMEMMGR.SBR
D:\AESTESIS\CODE\ELEKTROSDK\SRC\ALIB\DEBUG VSTUDIO\JMEMNOBS.SBR
D:\AESTESIS\CODE\ELEKTROSDK\SRC\ALIB\DEBUG VSTUDIO\JPEG.SBR
D:\AESTESIS\CODE\ELEKTROSDK\SRC\ALIB\DEBUG VSTUDIO\JUTILS.SBR
D:\aestesis\code\elektroSDK\src\Alib\debug VSTUDIO\link.command.1.tlog
D:\aestesis\code\elektroSDK\src\Alib\debug VSTUDIO\link.read.1.tlog
D:\aestesis\code\elektroSDK\src\Alib\debug VSTUDIO\link.write.1.tlog
D:\aestesis\code\elektroSDK\src\Alib\debug VSTUDIO\link-cvtres.read.1.tlog
D:\aestesis\code\elektroSDK\src\Alib\debug VSTUDIO\link-cvtres.write.1.tlog
D:\AESTESIS\CODE\ELEKTROSDK\SRC\ALIB\DEBUG VSTUDIO\LIST.SBR
D:\AESTESIS\CODE\ELEKTROSDK\SRC\ALIB\DEBUG VSTUDIO\MEMCOP.SBR
D:\AESTESIS\CODE\ELEKTROSDK\SRC\ALIB\DEBUG VSTUDIO\MENU.SBR
D:\AESTESIS\CODE\ELEKTROSDK\SRC\ALIB\DEBUG VSTUDIO\MLIST.SBR
D:\AESTESIS\CODE\ELEKTROSDK\SRC\ALIB\DEBUG VSTUDIO\MORPHINTER.SBR
D:\AESTESIS\CODE\ELEKTROSDK\SRC\ALIB\DEBUG VSTUDIO\MOVIE.SBR
D:\AESTESIS\CODE\ELEKTROSDK\SRC\ALIB\DEBUG VSTUDIO\MP3DECODER.SBR
D:\AESTESIS\CODE\ELEKTROSDK\SRC\ALIB\DEBUG VSTUDIO\MSGBOX.SBR
D:\aestesis\code\elektroSDK\src\Alib\debug VSTUDIO\mt.command.1.tlog
D:\aestesis\code\elektroSDK\src\Alib\debug VSTUDIO\mt.read.1.tlog
D:\aestesis\code\elektroSDK\src\Alib\debug VSTUDIO\mt.write.1.tlog
D:\AESTESIS\CODE\ELEKTROSDK\SRC\ALIB\DEBUG VSTUDIO\NODE.SBR
D:\AESTESIS\CODE\ELEKTROSDK\SRC\ALIB\DEBUG VSTUDIO\OBJECT.SBR
D:\AESTESIS\CODE\ELEKTROSDK\SRC\ALIB\DEBUG VSTUDIO\OGLBITMAP.SBR
D:\AESTESIS\CODE\ELEKTROSDK\SRC\ALIB\DEBUG VSTUDIO\PALETTE.SBR
D:\AESTESIS\CODE\ELEKTROSDK\SRC\ALIB\DEBUG VSTUDIO\PIPE.SBR
D:\AESTESIS\CODE\ELEKTROSDK\SRC\ALIB\DEBUG VSTUDIO\PLAYERWND.SBR
D:\AESTESIS\CODE\ELEKTROSDK\SRC\ALIB\DEBUG VSTUDIO\PLUGZ.SBR
D:\AESTESIS\CODE\ELEKTROSDK\SRC\ALIB\DEBUG VSTUDIO\POINT.SBR
D:\AESTESIS\CODE\ELEKTROSDK\SRC\ALIB\DEBUG VSTUDIO\PROGRESS.SBR
D:\AESTESIS\CODE\ELEKTROSDK\SRC\ALIB\DEBUG VSTUDIO\RASTER.SBR
D:\aestesis\code\elektroSDK\src\Alib\debug VSTUDIO\rc.command.1.tlog
D:\aestesis\code\elektroSDK\src\Alib\debug VSTUDIO\rc.read.1.tlog
D:\aestesis\code\elektroSDK\src\Alib\debug VSTUDIO\rc.write.1.tlog
D:\AESTESIS\CODE\ELEKTROSDK\SRC\ALIB\DEBUG VSTUDIO\RDBMP.SBR
D:\AESTESIS\CODE\ELEKTROSDK\SRC\ALIB\DEBUG VSTUDIO\RDCOLMAP.SBR
D:\AESTESIS\CODE\ELEKTROSDK\SRC\ALIB\DEBUG VSTUDIO\RDGIF.SBR
D:\AESTESIS\CODE\ELEKTROSDK\SRC\ALIB\DEBUG VSTUDIO\RDPPM.SBR
D:\AESTESIS\CODE\ELEKTROSDK\SRC\ALIB\DEBUG VSTUDIO\RDRLE.SBR
D:\AESTESIS\CODE\ELEKTROSDK\SRC\ALIB\DEBUG VSTUDIO\RDSWITCH.SBR
D:\AESTESIS\CODE\ELEKTROSDK\SRC\ALIB\DEBUG VSTUDIO\RDTARGA.SBR
D:\AESTESIS\CODE\ELEKTROSDK\SRC\ALIB\DEBUG VSTUDIO\RECTANGLE.SBR
D:\AESTESIS\CODE\ELEKTROSDK\SRC\ALIB\DEBUG VSTUDIO\REGISTRY.SBR
D:\AESTESIS\CODE\ELEKTROSDK\SRC\ALIB\DEBUG VSTUDIO\RESOURCES.SBR
D:\AESTESIS\CODE\ELEKTROSDK\SRC\ALIB\DEBUG VSTUDIO\SBITMAP.SBR
D:\AESTESIS\CODE\ELEKTROSDK\SRC\ALIB\DEBUG VSTUDIO\SCROLLBAR.SBR
D:\AESTESIS\CODE\ELEKTROSDK\SRC\ALIB\DEBUG VSTUDIO\SDISPLAY.SBR
D:\AESTESIS\CODE\ELEKTROSDK\SRC\ALIB\DEBUG VSTUDIO\SECTION.SBR
D:\AESTESIS\CODE\ELEKTROSDK\SRC\ALIB\DEBUG VSTUDIO\SEGMENT.SBR
D:\AESTESIS\CODE\ELEKTROSDK\SRC\ALIB\DEBUG VSTUDIO\SELBUTTON.SBR
D:\AESTESIS\CODE\ELEKTROSDK\SRC\ALIB\DEBUG VSTUDIO\SELSIZE.SBR
D:\AESTESIS\CODE\ELEKTROSDK\SRC\ALIB\DEBUG VSTUDIO\SERIAL.SBR
D:\AESTESIS\CODE\ELEKTROSDK\SRC\ALIB\DEBUG VSTUDIO\SNDCODEC.SBR
D:\AESTESIS\CODE\ELEKTROSDK\SRC\ALIB\DEBUG VSTUDIO\SNDMIX.SBR
D:\AESTESIS\CODE\ELEKTROSDK\SRC\ALIB\DEBUG VSTUDIO\SOBJECT.SBR
D:\AESTESIS\CODE\ELEKTROSDK\SRC\ALIB\DEBUG VSTUDIO\SOUND.SBR
D:\AESTESIS\CODE\ELEKTROSDK\SRC\ALIB\DEBUG VSTUDIO\SPLAY.SBR
D:\AESTESIS\CODE\ELEKTROSDK\SRC\ALIB\DEBUG VSTUDIO\SPLAYER.SBR
D:\AESTESIS\CODE\ELEKTROSDK\SRC\ALIB\DEBUG VSTUDIO\SSTROKER.SBR
D:\AESTESIS\CODE\ELEKTROSDK\SRC\ALIB\DEBUG VSTUDIO\STATIC.SBR
D:\AESTESIS\CODE\ELEKTROSDK\SRC\ALIB\DEBUG VSTUDIO\SURFACE.SBR
D:\AESTESIS\CODE\ELEKTROSDK\SRC\ALIB\DEBUG VSTUDIO\THREAD.SBR
D:\AESTESIS\CODE\ELEKTROSDK\SRC\ALIB\DEBUG VSTUDIO\TITLEBAR.SBR
D:\AESTESIS\CODE\ELEKTROSDK\SRC\ALIB\DEBUG VSTUDIO\TOOLBAR.SBR
D:\AESTESIS\CODE\ELEKTROSDK\SRC\ALIB\DEBUG VSTUDIO\TOOLTIPS.SBR
D:\AESTESIS\CODE\ELEKTROSDK\SRC\ALIB\DEBUG VSTUDIO\TREEVIEW.SBR
D:\AESTESIS\CODE\ELEKTROSDK\SRC\ALIB\DEBUG VSTUDIO\UDP.SBR
D:\AESTESIS\CODE\ELEKTROSDK\SRC\ALIB\DEBUG VSTUDIO\UNCOMPR.SBR
D:\AESTESIS\CODE\ELEKTROSDK\SRC\ALIB\DEBUG VSTUDIO\UNIXFONTS.SBR
D:\AESTESIS\CODE\ELEKTROSDK\SRC\ALIB\DEBUG VSTUDIO\UTIL.SBR
D:\AESTESIS\CODE\ELEKTROSDK\SRC\ALIB\DEBUG VSTUDIO\WFLILIB.SBR
D:\AESTESIS\CODE\ELEKTROSDK\SRC\ALIB\DEBUG VSTUDIO\WINDOW.SBR
D:\AESTESIS\CODE\ELEKTROSDK\SRC\ALIB\DEBUG VSTUDIO\WRBMP.SBR
D:\AESTESIS\CODE\ELEKTROSDK\SRC\ALIB\DEBUG VSTUDIO\WRGIF.SBR
D:\AESTESIS\CODE\ELEKTROSDK\SRC\ALIB\DEBUG VSTUDIO\WRPPM.SBR
D:\AESTESIS\CODE\ELEKTROSDK\SRC\ALIB\DEBUG VSTUDIO\WRRLE.SBR
D:\AESTESIS\CODE\ELEKTROSDK\SRC\ALIB\DEBUG VSTUDIO\WRTARGA.SBR
D:\AESTESIS\CODE\ELEKTROSDK\SRC\ALIB\DEBUG VSTUDIO\ZUTIL.SBR
D:\AESTESIS\CODE\ELEKTROSDK\SRC\ALIB\DEBUG\_DISPLAY.OBJ
D:\AESTESIS\CODE\ELEKTROSDK\SRC\ALIB\DEBUG\ADLER32.OBJ
D:\aestesis\code\elektroSDK\src\Alib\Debug\alib100.exp
D:\aestesis\code\elektroSDK\src\Alib\Debug\alib100.lib
D:\AESTESIS\CODE\ELEKTROSDK\SRC\ALIB\DEBUG\ALIB100.PDB
D:\AESTESIS\CODE\ELEKTROSDK\SRC\ALIB\DEBUG\AVI.OBJ
D:\AESTESIS\CODE\ELEKTROSDK\SRC\ALIB\DEBUG\BITBUF.OBJ
D:\AESTESIS\CODE\ELEKTROSDK\SRC\ALIB\DEBUG\BITMAP.OBJ
D:\AESTESIS\CODE\ELEKTROSDK\SRC\ALIB\DEBUG\BUFFER.OBJ
D:\AESTESIS\CODE\ELEKTROSDK\SRC\ALIB\DEBUG\BUTTON.OBJ
D:\AESTESIS\CODE\ELEKTROSDK\SRC\ALIB\DEBUG\CDJPEG.OBJ
D:\AESTESIS\CODE\ELEKTROSDK\SRC\ALIB\DEBUG\CJPEG.OBJ
D:\AESTESIS\CODE\ELEKTROSDK\SRC\ALIB\DEBUG\CLIPBOARD.OBJ
D:\AESTESIS\CODE\ELEKTROSDK\SRC\ALIB\DEBUG\CURVE.OBJ
D:\AESTESIS\CODE\ELEKTROSDK\SRC\ALIB\DEBUG\D3D.OBJ
D:\AESTESIS\CODE\ELEKTROSDK\SRC\ALIB\DEBUG\DEBUG.OBJ
D:\AESTESIS\CODE\ELEKTROSDK\SRC\ALIB\DEBUG\DISPLAY.OBJ
D:\AESTESIS\CODE\ELEKTROSDK\SRC\ALIB\DEBUG\EDIT.OBJ
D:\AESTESIS\CODE\ELEKTROSDK\SRC\ALIB\DEBUG\EDITTEXT.OBJ
D:\AESTESIS\CODE\ELEKTROSDK\SRC\ALIB\DEBUG\FILE.OBJ
D:\AESTESIS\CODE\ELEKTROSDK\SRC\ALIB\DEBUG\FILEDLG.OBJ
D:\AESTESIS\CODE\ELEKTROSDK\SRC\ALIB\DEBUG\FILEHD.OBJ
D:\AESTESIS\CODE\ELEKTROSDK\SRC\ALIB\DEBUG\FILEMEM.OBJ
D:\AESTESIS\CODE\ELEKTROSDK\SRC\ALIB\DEBUG\FIXED.OBJ
D:\AESTESIS\CODE\ELEKTROSDK\SRC\ALIB\DEBUG\FLASH.OBJ
D:\AESTESIS\CODE\ELEKTROSDK\SRC\ALIB\DEBUG\FONT.OBJ
D:\AESTESIS\CODE\ELEKTROSDK\SRC\ALIB\DEBUG\FTP.OBJ
D:\AESTESIS\CODE\ELEKTROSDK\SRC\ALIB\DEBUG\GEOM.OBJ
D:\AESTESIS\CODE\ELEKTROSDK\SRC\ALIB\DEBUG\GLOBAL.OBJ
D:\AESTESIS\CODE\ELEKTROSDK\SRC\ALIB\DEBUG\INFBLOCK.OBJ
D:\AESTESIS\CODE\ELEKTROSDK\SRC\ALIB\DEBUG\INFCODES.OBJ
D:\AESTESIS\CODE\ELEKTROSDK\SRC\ALIB\DEBUG\INFFAST.OBJ
D:\AESTESIS\CODE\ELEKTROSDK\SRC\ALIB\DEBUG\INFLATE.OBJ
D:\AESTESIS\CODE\ELEKTROSDK\SRC\ALIB\DEBUG\INFTREES.OBJ
D:\AESTESIS\CODE\ELEKTROSDK\SRC\ALIB\DEBUG\INFUTIL.OBJ
D:\AESTESIS\CODE\ELEKTROSDK\SRC\ALIB\DEBUG\INTERFACE.OBJ
D:\AESTESIS\CODE\ELEKTROSDK\SRC\ALIB\DEBUG\ITEM.OBJ
D:\AESTESIS\CODE\ELEKTROSDK\SRC\ALIB\DEBUG\JCAPIMIN.OBJ
D:\AESTESIS\CODE\ELEKTROSDK\SRC\ALIB\DEBUG\JCAPISTD.OBJ
D:\AESTESIS\CODE\ELEKTROSDK\SRC\ALIB\DEBUG\JCCOEFCT.OBJ
D:\AESTESIS\CODE\ELEKTROSDK\SRC\ALIB\DEBUG\JCCOLOR.OBJ
D:\AESTESIS\CODE\ELEKTROSDK\SRC\ALIB\DEBUG\JCDCTMGR.OBJ
D:\AESTESIS\CODE\ELEKTROSDK\SRC\ALIB\DEBUG\JCHUFF.OBJ
D:\AESTESIS\CODE\ELEKTROSDK\SRC\ALIB\DEBUG\JCINIT.OBJ
D:\AESTESIS\CODE\ELEKTROSDK\SRC\ALIB\DEBUG\JCMAINCT.OBJ
D:\AESTESIS\CODE\ELEKTROSDK\SRC\ALIB\DEBUG\JCMARKER.OBJ
D:\AESTESIS\CODE\ELEKTROSDK\SRC\ALIB\DEBUG\JCMASTER.OBJ
D:\AESTESIS\CODE\ELEKTROSDK\SRC\ALIB\DEBUG\JCOMAPI.OBJ
D:\AESTESIS\CODE\ELEKTROSDK\SRC\ALIB\DEBUG\JCPARAM.OBJ
D:\AESTESIS\CODE\ELEKTROSDK\SRC\ALIB\DEBUG\JCPHUFF.OBJ
D:\AESTESIS\CODE\ELEKTROSDK\SRC\ALIB\DEBUG\JCPREPCT.OBJ
D:\AESTESIS\CODE\ELEKTROSDK\SRC\ALIB\DEBUG\JCSAMPLE.OBJ
D:\AESTESIS\CODE\ELEKTROSDK\SRC\ALIB\DEBUG\JDAPIMIN.OBJ
D:\AESTESIS\CODE\ELEKTROSDK\SRC\ALIB\DEBUG\JDAPISTD.OBJ
D:\AESTESIS\CODE\ELEKTROSDK\SRC\ALIB\DEBUG\JDATADST.OBJ
D:\AESTESIS\CODE\ELEKTROSDK\SRC\ALIB\DEBUG\JDATASRC.OBJ
D:\AESTESIS\CODE\ELEKTROSDK\SRC\ALIB\DEBUG\JDCOEFCT.OBJ
D:\AESTESIS\CODE\ELEKTROSDK\SRC\ALIB\DEBUG\JDCOLOR.OBJ
D:\AESTESIS\CODE\ELEKTROSDK\SRC\ALIB\DEBUG\JDDCTMGR.OBJ
D:\AESTESIS\CODE\ELEKTROSDK\SRC\ALIB\DEBUG\JDHUFF.OBJ
D:\AESTESIS\CODE\ELEKTROSDK\SRC\ALIB\DEBUG\JDINPUT.OBJ
D:\AESTESIS\CODE\ELEKTROSDK\SRC\ALIB\DEBUG\JDMAINCT.OBJ
D:\AESTESIS\CODE\ELEKTROSDK\SRC\ALIB\DEBUG\JDMARKER.OBJ
D:\AESTESIS\CODE\ELEKTROSDK\SRC\ALIB\DEBUG\JDMASTER.OBJ
D:\AESTESIS\CODE\ELEKTROSDK\SRC\ALIB\DEBUG\JDPHUFF.OBJ
D:\AESTESIS\CODE\ELEKTROSDK\SRC\ALIB\DEBUG\JDPOSTCT.OBJ
D:\AESTESIS\CODE\ELEKTROSDK\SRC\ALIB\DEBUG\JDSAMPLE.OBJ
D:\AESTESIS\CODE\ELEKTROSDK\SRC\ALIB\DEBUG\JERROR.OBJ
D:\AESTESIS\CODE\ELEKTROSDK\SRC\ALIB\DEBUG\JFDCTFLT.OBJ
D:\AESTESIS\CODE\ELEKTROSDK\SRC\ALIB\DEBUG\JFDCTINT.OBJ
D:\AESTESIS\CODE\ELEKTROSDK\SRC\ALIB\DEBUG\JIDCTFLT.OBJ
D:\AESTESIS\CODE\ELEKTROSDK\SRC\ALIB\DEBUG\JIDCTINT.OBJ
D:\AESTESIS\CODE\ELEKTROSDK\SRC\ALIB\DEBUG\JMEMMGR.OBJ
D:\AESTESIS\CODE\ELEKTROSDK\SRC\ALIB\DEBUG\JMEMNOBS.OBJ
D:\AESTESIS\CODE\ELEKTROSDK\SRC\ALIB\DEBUG\JPEG.OBJ
D:\AESTESIS\CODE\ELEKTROSDK\SRC\ALIB\DEBUG\JUTILS.OBJ
D:\AESTESIS\CODE\ELEKTROSDK\SRC\ALIB\DEBUG\LIST.OBJ
D:\AESTESIS\CODE\ELEKTROSDK\SRC\ALIB\DEBUG\MEMCOP.OBJ
D:\AESTESIS\CODE\ELEKTROSDK\SRC\ALIB\DEBUG\MENU.OBJ
D:\AESTESIS\CODE\ELEKTROSDK\SRC\ALIB\DEBUG\MLIST.OBJ
D:\AESTESIS\CODE\ELEKTROSDK\SRC\ALIB\DEBUG\MORPHINTER.OBJ
D:\AESTESIS\CODE\ELEKTROSDK\SRC\ALIB\DEBUG\MOVIE.OBJ
D:\AESTESIS\CODE\ELEKTROSDK\SRC\ALIB\DEBUG\MP3DECODER.OBJ
D:\AESTESIS\CODE\ELEKTROSDK\SRC\ALIB\DEBUG\MSGBOX.OBJ
D:\AESTESIS\CODE\ELEKTROSDK\SRC\ALIB\DEBUG\NODE.OBJ
D:\AESTESIS\CODE\ELEKTROSDK\SRC\ALIB\DEBUG\OBJECT.OBJ
D:\AESTESIS\CODE\ELEKTROSDK\SRC\ALIB\DEBUG\OGLBITMAP.OBJ
D:\AESTESIS\CODE\ELEKTROSDK\SRC\ALIB\DEBUG\PALETTE.OBJ
D:\AESTESIS\CODE\ELEKTROSDK\SRC\ALIB\DEBUG\PIPE.OBJ
D:\AESTESIS\CODE\ELEKTROSDK\SRC\ALIB\DEBUG\PLAYERWND.OBJ
D:\AESTESIS\CODE\ELEKTROSDK\SRC\ALIB\DEBUG\PLUGZ.OBJ
D:\AESTESIS\CODE\ELEKTROSDK\SRC\ALIB\DEBUG\POINT.OBJ
D:\AESTESIS\CODE\ELEKTROSDK\SRC\ALIB\DEBUG\PROGRESS.OBJ
D:\AESTESIS\CODE\ELEKTROSDK\SRC\ALIB\DEBUG\RASTER.OBJ
D:\AESTESIS\CODE\ELEKTROSDK\SRC\ALIB\DEBUG\RDBMP.OBJ
D:\AESTESIS\CODE\ELEKTROSDK\SRC\ALIB\DEBUG\RDCOLMAP.OBJ
D:\AESTESIS\CODE\ELEKTROSDK\SRC\ALIB\DEBUG\RDGIF.OBJ
D:\AESTESIS\CODE\ELEKTROSDK\SRC\ALIB\DEBUG\RDPPM.OBJ
D:\AESTESIS\CODE\ELEKTROSDK\SRC\ALIB\DEBUG\RDRLE.OBJ
D:\AESTESIS\CODE\ELEKTROSDK\SRC\ALIB\DEBUG\RDSWITCH.OBJ
D:\AESTESIS\CODE\ELEKTROSDK\SRC\ALIB\DEBUG\RDTARGA.OBJ
D:\AESTESIS\CODE\ELEKTROSDK\SRC\ALIB\DEBUG\RECTANGLE.OBJ
D:\AESTESIS\CODE\ELEKTROSDK\SRC\ALIB\DEBUG\REGISTRY.OBJ
D:\AESTESIS\CODE\ELEKTROSDK\SRC\ALIB\DEBUG\RESOURCES.OBJ
D:\AESTESIS\CODE\ELEKTROSDK\SRC\ALIB\DEBUG\SBITMAP.OBJ
D:\AESTESIS\CODE\ELEKTROSDK\SRC\ALIB\DEBUG\SCROLLBAR.OBJ
D:\AESTESIS\CODE\ELEKTROSDK\SRC\ALIB\DEBUG\SDISPLAY.OBJ
D:\AESTESIS\CODE\ELEKTROSDK\SRC\ALIB\DEBUG\SECTION.OBJ
D:\AESTESIS\CODE\ELEKTROSDK\SRC\ALIB\DEBUG\SEGMENT.OBJ
D:\AESTESIS\CODE\ELEKTROSDK\SRC\ALIB\DEBUG\SELBUTTON.OBJ
D:\AESTESIS\CODE\ELEKTROSDK\SRC\ALIB\DEBUG\SELSIZE.OBJ
D:\AESTESIS\CODE\ELEKTROSDK\SRC\ALIB\DEBUG\SERIAL.OBJ
D:\AESTESIS\CODE\ELEKTROSDK\SRC\ALIB\DEBUG\SNDCODEC.OBJ
D:\AESTESIS\CODE\ELEKTROSDK\SRC\ALIB\DEBUG\SNDMIX.OBJ
D:\AESTESIS\CODE\ELEKTROSDK\SRC\ALIB\DEBUG\SOBJECT.OBJ
D:\AESTESIS\CODE\ELEKTROSDK\SRC\ALIB\DEBUG\SOUND.OBJ
D:\AESTESIS\CODE\ELEKTROSDK\SRC\ALIB\DEBUG\SPLAY.OBJ
D:\AESTESIS\CODE\ELEKTROSDK\SRC\ALIB\DEBUG\SPLAYER.OBJ
D:\AESTESIS\CODE\ELEKTROSDK\SRC\ALIB\DEBUG\SSTROKER.OBJ
D:\AESTESIS\CODE\ELEKTROSDK\SRC\ALIB\DEBUG\STATIC.OBJ
D:\AESTESIS\CODE\ELEKTROSDK\SRC\ALIB\DEBUG\SURFACE.OBJ
D:\AESTESIS\CODE\ELEKTROSDK\SRC\ALIB\DEBUG\THREAD.OBJ
D:\AESTESIS\CODE\ELEKTROSDK\SRC\ALIB\DEBUG\TITLEBAR.OBJ
D:\AESTESIS\CODE\ELEKTROSDK\SRC\ALIB\DEBUG\TOOLBAR.OBJ
D:\AESTESIS\CODE\ELEKTROSDK\SRC\ALIB\DEBUG\TOOLTIPS.OBJ
D:\AESTESIS\CODE\ELEKTROSDK\SRC\ALIB\DEBUG\TREEVIEW.OBJ
D:\AESTESIS\CODE\ELEKTROSDK\SRC\ALIB\DEBUG\UDP.OBJ
D:\AESTESIS\CODE\ELEKTROSDK\SRC\ALIB\DEBUG\UNCOMPR.OBJ
D:\AESTESIS\CODE\ELEKTROSDK\SRC\ALIB\DEBUG\UNIXFONTS.OBJ
D:\AESTESIS\CODE\ELEKTROSDK\SRC\ALIB\DEBUG\UTIL.OBJ
D:\AESTESIS\CODE\ELEKTROSDK\SRC\ALIB\DEBUG\VC100.PDB
D:\AESTESIS\CODE\ELEKTROSDK\SRC\ALIB\DEBUG\WFLILIB.OBJ
D:\AESTESIS\CODE\ELEKTROSDK\SRC\ALIB\DEBUG\WINDOW.OBJ
D:\AESTESIS\CODE\ELEKTROSDK\SRC\ALIB\DEBUG\WRBMP.OBJ
D:\AESTESIS\CODE\ELEKTROSDK\SRC\ALIB\DEBUG\WRGIF.OBJ
D:\AESTESIS\CODE\ELEKTROSDK\SRC\ALIB\DEBUG\WRPPM.OBJ
D:\AESTESIS\CODE\ELEKTROSDK\SRC\ALIB\DEBUG\WRRLE.OBJ
D:\AESTESIS\CODE\ELEKTROSDK\SRC\ALIB\DEBUG\WRTARGA.OBJ
D:\AESTESIS\CODE\ELEKTROSDK\SRC\ALIB\DEBUG\ZUTIL.OBJ
