D:\AESTESIS\CODE\ELEKTROSDK\ELEKTRONIKA\ALIB100.DLL
D:\AESTESIS\CODE\ELEKTROSDK\SRC\ALIB\RELEASE VSTUDIO\ALIB.RES
D:\aestesis\code\elektroSDK\src\Alib\Release VSTUDIO\Alib.write.1.tlog
D:\AESTESIS\CODE\ELEKTROSDK\SRC\ALIB\RELEASE VSTUDIO\ALIB100.DLL.INTERMEDIATE.MANIFEST
D:\aestesis\code\elektroSDK\src\Alib\Release VSTUDIO\cl.command.1.tlog
D:\aestesis\code\elektroSDK\src\Alib\Release VSTUDIO\CL.read.1.tlog
D:\aestesis\code\elektroSDK\src\Alib\Release VSTUDIO\CL.write.1.tlog
D:\aestesis\code\elektroSDK\src\Alib\Release VSTUDIO\link.command.1.tlog
D:\aestesis\code\elektroSDK\src\Alib\Release VSTUDIO\link.read.1.tlog
D:\aestesis\code\elektroSDK\src\Alib\Release VSTUDIO\link.write.1.tlog
D:\aestesis\code\elektroSDK\src\Alib\Release VSTUDIO\link-cvtres.read.1.tlog
D:\aestesis\code\elektroSDK\src\Alib\Release VSTUDIO\link-cvtres.write.1.tlog
D:\aestesis\code\elektroSDK\src\Alib\Release VSTUDIO\mt.command.1.tlog
D:\aestesis\code\elektroSDK\src\Alib\Release VSTUDIO\mt.read.1.tlog
D:\aestesis\code\elektroSDK\src\Alib\Release VSTUDIO\mt.write.1.tlog
D:\aestesis\code\elektroSDK\src\Alib\Release VSTUDIO\rc.command.1.tlog
D:\aestesis\code\elektroSDK\src\Alib\Release VSTUDIO\rc.read.1.tlog
D:\aestesis\code\elektroSDK\src\Alib\Release VSTUDIO\rc.write.1.tlog
D:\AESTESIS\CODE\ELEKTROSDK\SRC\ALIB\RELEASE\_DISPLAY.OBJ
D:\AESTESIS\CODE\ELEKTROSDK\SRC\ALIB\RELEASE\ADLER32.OBJ
D:\aestesis\code\elektroSDK\src\Alib\Release\alib100.exp
D:\aestesis\code\elektroSDK\src\Alib\Release\alib100.lib
D:\AESTESIS\CODE\ELEKTROSDK\SRC\ALIB\RELEASE\AVI.OBJ
D:\AESTESIS\CODE\ELEKTROSDK\SRC\ALIB\RELEASE\BITBUF.OBJ
D:\AESTESIS\CODE\ELEKTROSDK\SRC\ALIB\RELEASE\BITMAP.OBJ
D:\AESTESIS\CODE\ELEKTROSDK\SRC\ALIB\RELEASE\BUFFER.OBJ
D:\AESTESIS\CODE\ELEKTROSDK\SRC\ALIB\RELEASE\BUTTON.OBJ
D:\AESTESIS\CODE\ELEKTROSDK\SRC\ALIB\RELEASE\CDJPEG.OBJ
D:\AESTESIS\CODE\ELEKTROSDK\SRC\ALIB\RELEASE\CJPEG.OBJ
D:\AESTESIS\CODE\ELEKTROSDK\SRC\ALIB\RELEASE\CLIPBOARD.OBJ
D:\AESTESIS\CODE\ELEKTROSDK\SRC\ALIB\RELEASE\CURVE.OBJ
D:\AESTESIS\CODE\ELEKTROSDK\SRC\ALIB\RELEASE\D3D.OBJ
D:\AESTESIS\CODE\ELEKTROSDK\SRC\ALIB\RELEASE\DEBUG.OBJ
D:\AESTESIS\CODE\ELEKTROSDK\SRC\ALIB\RELEASE\DISPLAY.OBJ
D:\AESTESIS\CODE\ELEKTROSDK\SRC\ALIB\RELEASE\EDIT.OBJ
D:\AESTESIS\CODE\ELEKTROSDK\SRC\ALIB\RELEASE\EDITTEXT.OBJ
D:\AESTESIS\CODE\ELEKTROSDK\SRC\ALIB\RELEASE\FILE.OBJ
D:\AESTESIS\CODE\ELEKTROSDK\SRC\ALIB\RELEASE\FILEDLG.OBJ
D:\AESTESIS\CODE\ELEKTROSDK\SRC\ALIB\RELEASE\FILEHD.OBJ
D:\AESTESIS\CODE\ELEKTROSDK\SRC\ALIB\RELEASE\FILEMEM.OBJ
D:\AESTESIS\CODE\ELEKTROSDK\SRC\ALIB\RELEASE\FIXED.OBJ
D:\AESTESIS\CODE\ELEKTROSDK\SRC\ALIB\RELEASE\FLASH.OBJ
D:\AESTESIS\CODE\ELEKTROSDK\SRC\ALIB\RELEASE\FONT.OBJ
D:\AESTESIS\CODE\ELEKTROSDK\SRC\ALIB\RELEASE\FTP.OBJ
D:\AESTESIS\CODE\ELEKTROSDK\SRC\ALIB\RELEASE\GEOM.OBJ
D:\AESTESIS\CODE\ELEKTROSDK\SRC\ALIB\RELEASE\GLOBAL.OBJ
D:\AESTESIS\CODE\ELEKTROSDK\SRC\ALIB\RELEASE\INFBLOCK.OBJ
D:\AESTESIS\CODE\ELEKTROSDK\SRC\ALIB\RELEASE\INFCODES.OBJ
D:\AESTESIS\CODE\ELEKTROSDK\SRC\ALIB\RELEASE\INFFAST.OBJ
D:\AESTESIS\CODE\ELEKTROSDK\SRC\ALIB\RELEASE\INFLATE.OBJ
D:\AESTESIS\CODE\ELEKTROSDK\SRC\ALIB\RELEASE\INFTREES.OBJ
D:\AESTESIS\CODE\ELEKTROSDK\SRC\ALIB\RELEASE\INFUTIL.OBJ
D:\AESTESIS\CODE\ELEKTROSDK\SRC\ALIB\RELEASE\INTERFACE.OBJ
D:\AESTESIS\CODE\ELEKTROSDK\SRC\ALIB\RELEASE\ITEM.OBJ
D:\AESTESIS\CODE\ELEKTROSDK\SRC\ALIB\RELEASE\JCAPIMIN.OBJ
D:\AESTESIS\CODE\ELEKTROSDK\SRC\ALIB\RELEASE\JCAPISTD.OBJ
D:\AESTESIS\CODE\ELEKTROSDK\SRC\ALIB\RELEASE\JCCOEFCT.OBJ
D:\AESTESIS\CODE\ELEKTROSDK\SRC\ALIB\RELEASE\JCCOLOR.OBJ
D:\AESTESIS\CODE\ELEKTROSDK\SRC\ALIB\RELEASE\JCDCTMGR.OBJ
D:\AESTESIS\CODE\ELEKTROSDK\SRC\ALIB\RELEASE\JCHUFF.OBJ
D:\AESTESIS\CODE\ELEKTROSDK\SRC\ALIB\RELEASE\JCINIT.OBJ
D:\AESTESIS\CODE\ELEKTROSDK\SRC\ALIB\RELEASE\JCMAINCT.OBJ
D:\AESTESIS\CODE\ELEKTROSDK\SRC\ALIB\RELEASE\JCMARKER.OBJ
D:\AESTESIS\CODE\ELEKTROSDK\SRC\ALIB\RELEASE\JCMASTER.OBJ
D:\AESTESIS\CODE\ELEKTROSDK\SRC\ALIB\RELEASE\JCOMAPI.OBJ
D:\AESTESIS\CODE\ELEKTROSDK\SRC\ALIB\RELEASE\JCPARAM.OBJ
D:\AESTESIS\CODE\ELEKTROSDK\SRC\ALIB\RELEASE\JCPHUFF.OBJ
D:\AESTESIS\CODE\ELEKTROSDK\SRC\ALIB\RELEASE\JCPREPCT.OBJ
D:\AESTESIS\CODE\ELEKTROSDK\SRC\ALIB\RELEASE\JCSAMPLE.OBJ
D:\AESTESIS\CODE\ELEKTROSDK\SRC\ALIB\RELEASE\JDAPIMIN.OBJ
D:\AESTESIS\CODE\ELEKTROSDK\SRC\ALIB\RELEASE\JDAPISTD.OBJ
D:\AESTESIS\CODE\ELEKTROSDK\SRC\ALIB\RELEASE\JDATADST.OBJ
D:\AESTESIS\CODE\ELEKTROSDK\SRC\ALIB\RELEASE\JDATASRC.OBJ
D:\AESTESIS\CODE\ELEKTROSDK\SRC\ALIB\RELEASE\JDCOEFCT.OBJ
D:\AESTESIS\CODE\ELEKTROSDK\SRC\ALIB\RELEASE\JDCOLOR.OBJ
D:\AESTESIS\CODE\ELEKTROSDK\SRC\ALIB\RELEASE\JDDCTMGR.OBJ
D:\AESTESIS\CODE\ELEKTROSDK\SRC\ALIB\RELEASE\JDHUFF.OBJ
D:\AESTESIS\CODE\ELEKTROSDK\SRC\ALIB\RELEASE\JDINPUT.OBJ
D:\AESTESIS\CODE\ELEKTROSDK\SRC\ALIB\RELEASE\JDMAINCT.OBJ
D:\AESTESIS\CODE\ELEKTROSDK\SRC\ALIB\RELEASE\JDMARKER.OBJ
D:\AESTESIS\CODE\ELEKTROSDK\SRC\ALIB\RELEASE\JDMASTER.OBJ
D:\AESTESIS\CODE\ELEKTROSDK\SRC\ALIB\RELEASE\JDPHUFF.OBJ
D:\AESTESIS\CODE\ELEKTROSDK\SRC\ALIB\RELEASE\JDPOSTCT.OBJ
D:\AESTESIS\CODE\ELEKTROSDK\SRC\ALIB\RELEASE\JDSAMPLE.OBJ
D:\AESTESIS\CODE\ELEKTROSDK\SRC\ALIB\RELEASE\JERROR.OBJ
D:\AESTESIS\CODE\ELEKTROSDK\SRC\ALIB\RELEASE\JFDCTFLT.OBJ
D:\AESTESIS\CODE\ELEKTROSDK\SRC\ALIB\RELEASE\JFDCTINT.OBJ
D:\AESTESIS\CODE\ELEKTROSDK\SRC\ALIB\RELEASE\JIDCTFLT.OBJ
D:\AESTESIS\CODE\ELEKTROSDK\SRC\ALIB\RELEASE\JIDCTINT.OBJ
D:\AESTESIS\CODE\ELEKTROSDK\SRC\ALIB\RELEASE\JMEMMGR.OBJ
D:\AESTESIS\CODE\ELEKTROSDK\SRC\ALIB\RELEASE\JMEMNOBS.OBJ
D:\AESTESIS\CODE\ELEKTROSDK\SRC\ALIB\RELEASE\JPEG.OBJ
D:\AESTESIS\CODE\ELEKTROSDK\SRC\ALIB\RELEASE\JUTILS.OBJ
D:\AESTESIS\CODE\ELEKTROSDK\SRC\ALIB\RELEASE\LIST.OBJ
D:\AESTESIS\CODE\ELEKTROSDK\SRC\ALIB\RELEASE\MEMCOP.OBJ
D:\AESTESIS\CODE\ELEKTROSDK\SRC\ALIB\RELEASE\MENU.OBJ
D:\AESTESIS\CODE\ELEKTROSDK\SRC\ALIB\RELEASE\MLIST.OBJ
D:\AESTESIS\CODE\ELEKTROSDK\SRC\ALIB\RELEASE\MORPHINTER.OBJ
D:\AESTESIS\CODE\ELEKTROSDK\SRC\ALIB\RELEASE\MOVIE.OBJ
D:\AESTESIS\CODE\ELEKTROSDK\SRC\ALIB\RELEASE\MP3DECODER.OBJ
D:\AESTESIS\CODE\ELEKTROSDK\SRC\ALIB\RELEASE\MSGBOX.OBJ
D:\AESTESIS\CODE\ELEKTROSDK\SRC\ALIB\RELEASE\NODE.OBJ
D:\AESTESIS\CODE\ELEKTROSDK\SRC\ALIB\RELEASE\OBJECT.OBJ
D:\AESTESIS\CODE\ELEKTROSDK\SRC\ALIB\RELEASE\OGLBITMAP.OBJ
D:\AESTESIS\CODE\ELEKTROSDK\SRC\ALIB\RELEASE\PALETTE.OBJ
D:\AESTESIS\CODE\ELEKTROSDK\SRC\ALIB\RELEASE\PIPE.OBJ
D:\AESTESIS\CODE\ELEKTROSDK\SRC\ALIB\RELEASE\PLAYERWND.OBJ
D:\AESTESIS\CODE\ELEKTROSDK\SRC\ALIB\RELEASE\PLUGZ.OBJ
D:\AESTESIS\CODE\ELEKTROSDK\SRC\ALIB\RELEASE\POINT.OBJ
D:\AESTESIS\CODE\ELEKTROSDK\SRC\ALIB\RELEASE\PROGRESS.OBJ
D:\AESTESIS\CODE\ELEKTROSDK\SRC\ALIB\RELEASE\RASTER.OBJ
D:\AESTESIS\CODE\ELEKTROSDK\SRC\ALIB\RELEASE\RDBMP.OBJ
D:\AESTESIS\CODE\ELEKTROSDK\SRC\ALIB\RELEASE\RDCOLMAP.OBJ
D:\AESTESIS\CODE\ELEKTROSDK\SRC\ALIB\RELEASE\RDGIF.OBJ
D:\AESTESIS\CODE\ELEKTROSDK\SRC\ALIB\RELEASE\RDPPM.OBJ
D:\AESTESIS\CODE\ELEKTROSDK\SRC\ALIB\RELEASE\RDRLE.OBJ
D:\AESTESIS\CODE\ELEKTROSDK\SRC\ALIB\RELEASE\RDSWITCH.OBJ
D:\AESTESIS\CODE\ELEKTROSDK\SRC\ALIB\RELEASE\RDTARGA.OBJ
D:\AESTESIS\CODE\ELEKTROSDK\SRC\ALIB\RELEASE\RECTANGLE.OBJ
D:\AESTESIS\CODE\ELEKTROSDK\SRC\ALIB\RELEASE\REGISTRY.OBJ
D:\AESTESIS\CODE\ELEKTROSDK\SRC\ALIB\RELEASE\RESOURCES.OBJ
D:\AESTESIS\CODE\ELEKTROSDK\SRC\ALIB\RELEASE\SBITMAP.OBJ
D:\AESTESIS\CODE\ELEKTROSDK\SRC\ALIB\RELEASE\SCROLLBAR.OBJ
D:\AESTESIS\CODE\ELEKTROSDK\SRC\ALIB\RELEASE\SDISPLAY.OBJ
D:\AESTESIS\CODE\ELEKTROSDK\SRC\ALIB\RELEASE\SECTION.OBJ
D:\AESTESIS\CODE\ELEKTROSDK\SRC\ALIB\RELEASE\SEGMENT.OBJ
D:\AESTESIS\CODE\ELEKTROSDK\SRC\ALIB\RELEASE\SELBUTTON.OBJ
D:\AESTESIS\CODE\ELEKTROSDK\SRC\ALIB\RELEASE\SELSIZE.OBJ
D:\AESTESIS\CODE\ELEKTROSDK\SRC\ALIB\RELEASE\SERIAL.OBJ
D:\AESTESIS\CODE\ELEKTROSDK\SRC\ALIB\RELEASE\SNDCODEC.OBJ
D:\AESTESIS\CODE\ELEKTROSDK\SRC\ALIB\RELEASE\SNDMIX.OBJ
D:\AESTESIS\CODE\ELEKTROSDK\SRC\ALIB\RELEASE\SOBJECT.OBJ
D:\AESTESIS\CODE\ELEKTROSDK\SRC\ALIB\RELEASE\SOUND.OBJ
D:\AESTESIS\CODE\ELEKTROSDK\SRC\ALIB\RELEASE\SPLAY.OBJ
D:\AESTESIS\CODE\ELEKTROSDK\SRC\ALIB\RELEASE\SPLAYER.OBJ
D:\AESTESIS\CODE\ELEKTROSDK\SRC\ALIB\RELEASE\SSTROKER.OBJ
D:\AESTESIS\CODE\ELEKTROSDK\SRC\ALIB\RELEASE\STATIC.OBJ
D:\AESTESIS\CODE\ELEKTROSDK\SRC\ALIB\RELEASE\SURFACE.OBJ
D:\AESTESIS\CODE\ELEKTROSDK\SRC\ALIB\RELEASE\THREAD.OBJ
D:\AESTESIS\CODE\ELEKTROSDK\SRC\ALIB\RELEASE\TITLEBAR.OBJ
D:\AESTESIS\CODE\ELEKTROSDK\SRC\ALIB\RELEASE\TOOLBAR.OBJ
D:\AESTESIS\CODE\ELEKTROSDK\SRC\ALIB\RELEASE\TOOLTIPS.OBJ
D:\AESTESIS\CODE\ELEKTROSDK\SRC\ALIB\RELEASE\TREEVIEW.OBJ
D:\AESTESIS\CODE\ELEKTROSDK\SRC\ALIB\RELEASE\UDP.OBJ
D:\AESTESIS\CODE\ELEKTROSDK\SRC\ALIB\RELEASE\UNCOMPR.OBJ
D:\AESTESIS\CODE\ELEKTROSDK\SRC\ALIB\RELEASE\UNIXFONTS.OBJ
D:\AESTESIS\CODE\ELEKTROSDK\SRC\ALIB\RELEASE\UTIL.OBJ
D:\AESTESIS\CODE\ELEKTROSDK\SRC\ALIB\RELEASE\VC100.PDB
D:\AESTESIS\CODE\ELEKTROSDK\SRC\ALIB\RELEASE\WFLILIB.OBJ
D:\AESTESIS\CODE\ELEKTROSDK\SRC\ALIB\RELEASE\WINDOW.OBJ
D:\AESTESIS\CODE\ELEKTROSDK\SRC\ALIB\RELEASE\WRBMP.OBJ
D:\AESTESIS\CODE\ELEKTROSDK\SRC\ALIB\RELEASE\WRGIF.OBJ
D:\AESTESIS\CODE\ELEKTROSDK\SRC\ALIB\RELEASE\WRPPM.OBJ
D:\AESTESIS\CODE\ELEKTROSDK\SRC\ALIB\RELEASE\WRRLE.OBJ
D:\AESTESIS\CODE\ELEKTROSDK\SRC\ALIB\RELEASE\WRTARGA.OBJ
D:\AESTESIS\CODE\ELEKTROSDK\SRC\ALIB\RELEASE\ZUTIL.OBJ
