D:\AESTESIS\CODE\ELEKTROSDK\ELEKTRONIKA\PLUGINS\98.DLL
D:\AESTESIS\CODE\ELEKTROSDK\ELEKTRONIKA\PLUGINS\98.ILK
D:\AESTESIS\CODE\ELEKTROSDK\SRC\98\DEBUG VSTUDIO\98.BSC
D:\AESTESIS\CODE\ELEKTROSDK\SRC\98\DEBUG VSTUDIO\98.DLL.EMBED.MANIFEST
D:\AESTESIS\CODE\ELEKTROSDK\SRC\98\DEBUG VSTUDIO\98.DLL.EMBED.MANIFEST.RES
D:\AESTESIS\CODE\ELEKTROSDK\SRC\98\DEBUG VSTUDIO\98.DLL.INTERMEDIATE.MANIFEST
D:\aestesis\code\elektroSDK\src\98\debug VSTUDIO\98.write.1.tlog
D:\aestesis\code\elektroSDK\src\98\debug VSTUDIO\98_manifest.rc
D:\aestesis\code\elektroSDK\src\98\debug VSTUDIO\BscMake.command.1.tlog
D:\aestesis\code\elektroSDK\src\98\debug VSTUDIO\bscmake.read.1.tlog
D:\aestesis\code\elektroSDK\src\98\debug VSTUDIO\bscmake.write.1.tlog
D:\aestesis\code\elektroSDK\src\98\debug VSTUDIO\cl.command.1.tlog
D:\aestesis\code\elektroSDK\src\98\debug VSTUDIO\CL.read.1.tlog
D:\aestesis\code\elektroSDK\src\98\debug VSTUDIO\CL.write.1.tlog
D:\AESTESIS\CODE\ELEKTROSDK\SRC\98\DEBUG VSTUDIO\DSGLURF.SBR
D:\AESTESIS\CODE\ELEKTROSDK\SRC\98\DEBUG VSTUDIO\FLAMMES.SBR
D:\AESTESIS\CODE\ELEKTROSDK\SRC\98\DEBUG VSTUDIO\HOUSE.SBR
D:\aestesis\code\elektroSDK\src\98\debug VSTUDIO\link.command.1.tlog
D:\aestesis\code\elektroSDK\src\98\debug VSTUDIO\link.read.1.tlog
D:\aestesis\code\elektroSDK\src\98\debug VSTUDIO\link.write.1.tlog
D:\aestesis\code\elektroSDK\src\98\debug VSTUDIO\link-cvtres.read.1.tlog
D:\aestesis\code\elektroSDK\src\98\debug VSTUDIO\link-cvtres.write.1.tlog
D:\AESTESIS\CODE\ELEKTROSDK\SRC\98\DEBUG VSTUDIO\MAIN.SBR
D:\aestesis\code\elektroSDK\src\98\debug VSTUDIO\mt.command.1.tlog
D:\aestesis\code\elektroSDK\src\98\debug VSTUDIO\mt.read.1.tlog
D:\aestesis\code\elektroSDK\src\98\debug VSTUDIO\mt.write.1.tlog
D:\AESTESIS\CODE\ELEKTROSDK\SRC\98\DEBUG VSTUDIO\PATCHLY.SBR
D:\AESTESIS\CODE\ELEKTROSDK\SRC\98\DEBUG VSTUDIO\PLAYER.SBR
D:\aestesis\code\elektroSDK\src\98\debug VSTUDIO\rc.command.1.tlog
D:\aestesis\code\elektroSDK\src\98\debug VSTUDIO\rc.read.1.tlog
D:\aestesis\code\elektroSDK\src\98\debug VSTUDIO\rc.write.1.tlog
D:\AESTESIS\CODE\ELEKTROSDK\SRC\98\DEBUG VSTUDIO\SCRIPT1.RES
D:\AESTESIS\CODE\ELEKTROSDK\SRC\98\DEBUG VSTUDIO\XTIME.SBR
D:\AESTESIS\CODE\ELEKTROSDK\SRC\98\DEBUG VSTUDIO\ZYGO.SBR
D:\aestesis\code\elektroSDK\src\98\Debug\98.exp
D:\aestesis\code\elektroSDK\src\98\Debug\98.lib
D:\AESTESIS\CODE\ELEKTROSDK\SRC\98\DEBUG\98.PDB
D:\AESTESIS\CODE\ELEKTROSDK\SRC\98\DEBUG\DSGLURF.OBJ
D:\AESTESIS\CODE\ELEKTROSDK\SRC\98\DEBUG\FLAMMES.OBJ
D:\AESTESIS\CODE\ELEKTROSDK\SRC\98\DEBUG\HOUSE.OBJ
D:\AESTESIS\CODE\ELEKTROSDK\SRC\98\DEBUG\MAIN.OBJ
D:\AESTESIS\CODE\ELEKTROSDK\SRC\98\DEBUG\PATCHLY.OBJ
D:\AESTESIS\CODE\ELEKTROSDK\SRC\98\DEBUG\PLAYER.OBJ
D:\AESTESIS\CODE\ELEKTROSDK\SRC\98\DEBUG\VC100.PDB
D:\AESTESIS\CODE\ELEKTROSDK\SRC\98\DEBUG\XTIME.OBJ
D:\AESTESIS\CODE\ELEKTROSDK\SRC\98\DEBUG\ZYGO.OBJ
debug VSTUDIO\98.bsc
