D:\AESTESIS\CODE\ELEKTROSDK\SDK\LIB\ZLIB.LIB
D:\aestesis\code\elektroSDK\src\zlib\debug VSTUDIO\cl.command.1.tlog
D:\aestesis\code\elektroSDK\src\zlib\debug VSTUDIO\CL.read.1.tlog
D:\aestesis\code\elektroSDK\src\zlib\debug VSTUDIO\CL.write.1.tlog
D:\aestesis\code\elektroSDK\src\zlib\debug VSTUDIO\lib.command.1.tlog
D:\aestesis\code\elektroSDK\src\zlib\debug VSTUDIO\Lib-link.read.1.tlog
D:\aestesis\code\elektroSDK\src\zlib\debug VSTUDIO\Lib-link.write.1.tlog
D:\AESTESIS\CODE\ELEKTROSDK\SRC\ZLIB\DEBUG\ADLER32.OBJ
D:\AESTESIS\CODE\ELEKTROSDK\SRC\ZLIB\DEBUG\COMPRESS.OBJ
D:\AESTESIS\CODE\ELEKTROSDK\SRC\ZLIB\DEBUG\CRC32.OBJ
D:\AESTESIS\CODE\ELEKTROSDK\SRC\ZLIB\DEBUG\DEFLATE.OBJ
D:\AESTESIS\CODE\ELEKTROSDK\SRC\ZLIB\DEBUG\INFBLOCK.OBJ
D:\AESTESIS\CODE\ELEKTROSDK\SRC\ZLIB\DEBUG\INFCODES.OBJ
D:\AESTESIS\CODE\ELEKTROSDK\SRC\ZLIB\DEBUG\INFFAST.OBJ
D:\AESTESIS\CODE\ELEKTROSDK\SRC\ZLIB\DEBUG\INFLATE.OBJ
D:\AESTESIS\CODE\ELEKTROSDK\SRC\ZLIB\DEBUG\INFTREES.OBJ
D:\AESTESIS\CODE\ELEKTROSDK\SRC\ZLIB\DEBUG\INFUTIL.OBJ
D:\AESTESIS\CODE\ELEKTROSDK\SRC\ZLIB\DEBUG\TREES.OBJ
D:\AESTESIS\CODE\ELEKTROSDK\SRC\ZLIB\DEBUG\UNCOMPR.OBJ
D:\AESTESIS\CODE\ELEKTROSDK\SRC\ZLIB\DEBUG\VC100.PDB
D:\AESTESIS\CODE\ELEKTROSDK\SRC\ZLIB\DEBUG\ZUTIL.OBJ
