Build started 06/12/2010 06:32:53.
     1>Project "D:\aestesis\code\elektroSDK\src\zlib\zlib.vcxproj" on node 2 (build target(s)).
     1>InitializeBuildStatus:
         Creating "debug VSTUDIO\zlib.unsuccessfulbuild" because "AlwaysCreate" was specified.
       ClCompile:
         C:\Program Files (x86)\Microsoft Visual Studio 10.0\VC\bin\CL.exe /c /ZI /nologo /W3 /WX- /Od /Oy- /D WIN32 /D _DEBUG /D _LIB /D _CRT_SECURE_NO_DEPRECATE /D _MBCS /Gm- /EHsc /RTC1 /MD /GS /fp:precise /Zc:wchar_t /Zc:forScope /Fo".\Debug/" /Fd".\Debug/vc100.pdb" /Gd /TC /analyze- /errorReport:prompt adler32.c compress.c crc32.c deflate.c infblock.c infcodes.c inffast.c inflate.c inftrees.c infutil.c trees.c uncompr.c zutil.c
         adler32.c
         compress.c
         crc32.c
         deflate.c
         infblock.c
         infcodes.c
         inffast.c
         inflate.c
         inftrees.c
         infutil.c
         trees.c
         uncompr.c
         zutil.c
         Generating Code...
       Lib:
         C:\Program Files (x86)\Microsoft Visual Studio 10.0\VC\bin\Lib.exe /OUT:"D:\aestesis\code\elektroSDK\sdk\lib\zlib.lib" /NOLOGO .\Debug/adler32.obj
         .\Debug/compress.obj
         .\Debug/crc32.obj
         .\Debug/deflate.obj
         .\Debug/infblock.obj
         .\Debug/infcodes.obj
         .\Debug/inffast.obj
         .\Debug/inflate.obj
         .\Debug/inftrees.obj
         .\Debug/infutil.obj
         .\Debug/trees.obj
         .\Debug/uncompr.obj
         .\Debug/zutil.obj
         zlib.vcxproj -> D:\aestesis\code\elektroSDK\sdk\lib\zlib.lib
       FinalizeBuildStatus:
         Deleting file "debug VSTUDIO\zlib.unsuccessfulbuild".
         Touching "debug VSTUDIO\zlib.lastbuildstate".
     1>Done Building Project "D:\aestesis\code\elektroSDK\src\zlib\zlib.vcxproj" (build target(s)).

Build succeeded.

Time Elapsed 00:00:00.83
