D:\AESTESIS\CODE\ELEKTROSDK\ELEKTRONIKA\PLUGINS\EXAMPLE01.DLL
D:\aestesis\code\elektroSDK\modules\example01\Release VSTUDIO\cl.command.1.tlog
D:\aestesis\code\elektroSDK\modules\example01\Release VSTUDIO\CL.read.1.tlog
D:\aestesis\code\elektroSDK\modules\example01\Release VSTUDIO\CL.write.1.tlog
D:\AESTESIS\CODE\ELEKTROSDK\MODULES\EXAMPLE01\RELEASE VSTUDIO\EXAMPLE01.DLL.INTERMEDIATE.MANIFEST
D:\aestesis\code\elektroSDK\modules\example01\Release VSTUDIO\example01.write.1.tlog
D:\aestesis\code\elektroSDK\modules\example01\Release VSTUDIO\link.command.1.tlog
D:\aestesis\code\elektroSDK\modules\example01\Release VSTUDIO\link.read.1.tlog
D:\aestesis\code\elektroSDK\modules\example01\Release VSTUDIO\link.write.1.tlog
D:\aestesis\code\elektroSDK\modules\example01\Release VSTUDIO\link-cvtres.read.1.tlog
D:\aestesis\code\elektroSDK\modules\example01\Release VSTUDIO\link-cvtres.write.1.tlog
D:\aestesis\code\elektroSDK\modules\example01\Release VSTUDIO\mt.command.1.tlog
D:\aestesis\code\elektroSDK\modules\example01\Release VSTUDIO\mt.read.1.tlog
D:\aestesis\code\elektroSDK\modules\example01\Release VSTUDIO\mt.write.1.tlog
D:\aestesis\code\elektroSDK\modules\example01\Release VSTUDIO\rc.command.1.tlog
D:\aestesis\code\elektroSDK\modules\example01\Release VSTUDIO\rc.read.1.tlog
D:\aestesis\code\elektroSDK\modules\example01\Release VSTUDIO\rc.write.1.tlog
D:\AESTESIS\CODE\ELEKTROSDK\MODULES\EXAMPLE01\RELEASE VSTUDIO\RESOURCE.RES
D:\aestesis\code\elektroSDK\modules\example01\Release\example01.exp
D:\aestesis\code\elektroSDK\modules\example01\Release\example01.lib
D:\AESTESIS\CODE\ELEKTROSDK\MODULES\EXAMPLE01\RELEASE\MAIN.OBJ
D:\AESTESIS\CODE\ELEKTROSDK\MODULES\EXAMPLE01\RELEASE\VC100.PDB
