D:\AESTESIS\CODE\ELEKTROSDK\ELEKTRONIKA\COMOBJECTS.DLL
D:\AESTESIS\CODE\ELEKTROSDK\ELEKTRONIKA\COMOBJECTS.ILK
D:\AESTESIS\CODE\ELEKTROSDK\SRC\COMOBJECTS\COMOBJECTS_H.H
D:\AESTESIS\CODE\ELEKTROSDK\SRC\COMOBJECTS\COMOBJECTS_I.C
D:\AESTESIS\CODE\ELEKTROSDK\SRC\COMOBJECTS\COMOBJECTS_P.C
D:\aestesis\code\elektroSDK\src\COMobjects\debug VSTUDIO\cl.command.1.tlog
D:\aestesis\code\elektroSDK\src\COMobjects\debug VSTUDIO\CL.read.1.tlog
D:\aestesis\code\elektroSDK\src\COMobjects\debug VSTUDIO\CL.write.1.tlog
D:\AESTESIS\CODE\ELEKTROSDK\SRC\COMOBJECTS\DEBUG VSTUDIO\COMOBJECTS.DLL.EMBED.MANIFEST
D:\AESTESIS\CODE\ELEKTROSDK\SRC\COMOBJECTS\DEBUG VSTUDIO\COMOBJECTS.DLL.EMBED.MANIFEST.RES
D:\AESTESIS\CODE\ELEKTROSDK\SRC\COMOBJECTS\DEBUG VSTUDIO\COMOBJECTS.DLL.INTERMEDIATE.MANIFEST
D:\aestesis\code\elektroSDK\src\COMobjects\debug VSTUDIO\COMobjects.exp
D:\aestesis\code\elektroSDK\src\COMobjects\debug VSTUDIO\COMobjects.lib
D:\AESTESIS\CODE\ELEKTROSDK\SRC\COMOBJECTS\DEBUG VSTUDIO\COMOBJECTS.OBJ
D:\AESTESIS\CODE\ELEKTROSDK\SRC\COMOBJECTS\DEBUG VSTUDIO\COMOBJECTS.PCH
D:\AESTESIS\CODE\ELEKTROSDK\SRC\COMOBJECTS\DEBUG VSTUDIO\COMOBJECTS.PDB
D:\AESTESIS\CODE\ELEKTROSDK\SRC\COMOBJECTS\DEBUG VSTUDIO\COMOBJECTS.RES
D:\aestesis\code\elektroSDK\src\COMobjects\debug VSTUDIO\COMobjects.write.1.tlog
D:\AESTESIS\CODE\ELEKTROSDK\SRC\COMOBJECTS\DEBUG VSTUDIO\COMOBJECTS_I.OBJ
D:\aestesis\code\elektroSDK\src\COMobjects\debug VSTUDIO\COMobjects_manifest.rc
D:\AESTESIS\CODE\ELEKTROSDK\SRC\COMOBJECTS\DEBUG VSTUDIO\CSUM.OBJ
D:\aestesis\code\elektroSDK\src\COMobjects\debug VSTUDIO\link.command.1.tlog
D:\aestesis\code\elektroSDK\src\COMobjects\debug VSTUDIO\link.read.1.tlog
D:\aestesis\code\elektroSDK\src\COMobjects\debug VSTUDIO\link.write.1.tlog
D:\aestesis\code\elektroSDK\src\COMobjects\debug VSTUDIO\link-cvtres.read.1.tlog
D:\aestesis\code\elektroSDK\src\COMobjects\debug VSTUDIO\link-cvtres.write.1.tlog
D:\aestesis\code\elektroSDK\src\COMobjects\debug VSTUDIO\midl.command.1.tlog
D:\aestesis\code\elektroSDK\src\COMobjects\debug VSTUDIO\midl.read.1.tlog
D:\aestesis\code\elektroSDK\src\COMobjects\debug VSTUDIO\midl.write.1.tlog
D:\aestesis\code\elektroSDK\src\COMobjects\debug VSTUDIO\midl-midlc.read.1.tlog
D:\aestesis\code\elektroSDK\src\COMobjects\debug VSTUDIO\midl-midlc.write.1.tlog
D:\aestesis\code\elektroSDK\src\COMobjects\debug VSTUDIO\midl-midlc-cl.read.1.tlog
D:\aestesis\code\elektroSDK\src\COMobjects\debug VSTUDIO\mt.command.1.tlog
D:\aestesis\code\elektroSDK\src\COMobjects\debug VSTUDIO\mt.read.1.tlog
D:\aestesis\code\elektroSDK\src\COMobjects\debug VSTUDIO\mt.write.1.tlog
D:\aestesis\code\elektroSDK\src\COMobjects\debug VSTUDIO\rc.command.1.tlog
D:\aestesis\code\elektroSDK\src\COMobjects\debug VSTUDIO\rc.read.1.tlog
D:\aestesis\code\elektroSDK\src\COMobjects\debug VSTUDIO\rc.write.1.tlog
D:\AESTESIS\CODE\ELEKTROSDK\SRC\COMOBJECTS\DEBUG VSTUDIO\REGISTRY.OBJ
D:\AESTESIS\CODE\ELEKTROSDK\SRC\COMOBJECTS\DEBUG VSTUDIO\STDAFX.OBJ
D:\aestesis\code\elektroSDK\src\COMobjects\debug VSTUDIO\vc100.idb
D:\AESTESIS\CODE\ELEKTROSDK\SRC\COMOBJECTS\DEBUG VSTUDIO\VC100.PDB
debug VSTUDIO\COMobjects.pdb
