Microsoft HTML Help Compiler 4.74.8702

Compiling d:\_code\YoY\elektroSDK\help\elektronika.chm


Compile time: 0 minutes, 1 second
25	Topics
27	Local links
29	Internet links
32	Graphics


Created d:\_code\YoY\elektroSDK\help\elektronika.chm, 453,034 bytes
Compression decreased file by 331,998 bytes.
Microsoft HTML Help Compiler 4.74.8702

Compiling d:\_code\YoY\elektroSDK\help\elektronika.chm


Compile time: 0 minutes, 1 second
25	Topics
26	Local links
29	Internet links
32	Graphics


Created d:\_code\YoY\elektroSDK\help\elektronika.chm, 452,976 bytes
Compression decreased file by 332,037 bytes.
Microsoft HTML Help Compiler 4.74.8702

Compiling d:\_code\YoY\elektroSDK\help\elektronika.chm


Compile time: 0 minutes, 2 seconds
25	Topics
27	Local links
29	Internet links
32	Graphics


Created d:\_code\YoY\elektroSDK\help\elektronika.chm, 451,170 bytes
Compression decreased file by 333,890 bytes.
