D:\AESTESIS\CODE\ELEKTROSDK\SDK\LIB\LIBPNG.BSC
D:\AESTESIS\CODE\ELEKTROSDK\SDK\LIB\LIBPNG.LIB
D:\aestesis\code\elektroSDK\src\libpng\debug VSTUDIO\BscMake.command.1.tlog
D:\aestesis\code\elektroSDK\src\libpng\debug VSTUDIO\bscmake.read.1.tlog
D:\aestesis\code\elektroSDK\src\libpng\debug VSTUDIO\bscmake.write.1.tlog
D:\aestesis\code\elektroSDK\src\libpng\debug VSTUDIO\cl.command.1.tlog
D:\aestesis\code\elektroSDK\src\libpng\debug VSTUDIO\CL.read.1.tlog
D:\aestesis\code\elektroSDK\src\libpng\debug VSTUDIO\CL.write.1.tlog
D:\AESTESIS\CODE\ELEKTROSDK\SRC\LIBPNG\DEBUG VSTUDIO\EXAMPLE.SBR
D:\aestesis\code\elektroSDK\src\libpng\debug VSTUDIO\lib.command.1.tlog
D:\aestesis\code\elektroSDK\src\libpng\debug VSTUDIO\Lib-link.read.1.tlog
D:\aestesis\code\elektroSDK\src\libpng\debug VSTUDIO\Lib-link.write.1.tlog
D:\aestesis\code\elektroSDK\src\libpng\debug VSTUDIO\libpng.write.1.tlog
D:\AESTESIS\CODE\ELEKTROSDK\SRC\LIBPNG\DEBUG VSTUDIO\PNG.SBR
D:\AESTESIS\CODE\ELEKTROSDK\SRC\LIBPNG\DEBUG VSTUDIO\PNGERROR.SBR
D:\AESTESIS\CODE\ELEKTROSDK\SRC\LIBPNG\DEBUG VSTUDIO\PNGGET.SBR
D:\AESTESIS\CODE\ELEKTROSDK\SRC\LIBPNG\DEBUG VSTUDIO\PNGMEM.SBR
D:\AESTESIS\CODE\ELEKTROSDK\SRC\LIBPNG\DEBUG VSTUDIO\PNGPREAD.SBR
D:\AESTESIS\CODE\ELEKTROSDK\SRC\LIBPNG\DEBUG VSTUDIO\PNGREAD.SBR
D:\AESTESIS\CODE\ELEKTROSDK\SRC\LIBPNG\DEBUG VSTUDIO\PNGRIO.SBR
D:\AESTESIS\CODE\ELEKTROSDK\SRC\LIBPNG\DEBUG VSTUDIO\PNGRTRAN.SBR
D:\AESTESIS\CODE\ELEKTROSDK\SRC\LIBPNG\DEBUG VSTUDIO\PNGRUTIL.SBR
D:\AESTESIS\CODE\ELEKTROSDK\SRC\LIBPNG\DEBUG VSTUDIO\PNGSET.SBR
D:\AESTESIS\CODE\ELEKTROSDK\SRC\LIBPNG\DEBUG VSTUDIO\PNGTEST.SBR
D:\AESTESIS\CODE\ELEKTROSDK\SRC\LIBPNG\DEBUG VSTUDIO\PNGTRANS.SBR
D:\AESTESIS\CODE\ELEKTROSDK\SRC\LIBPNG\DEBUG VSTUDIO\PNGVCRD.SBR
D:\AESTESIS\CODE\ELEKTROSDK\SRC\LIBPNG\DEBUG VSTUDIO\PNGWIO.SBR
D:\AESTESIS\CODE\ELEKTROSDK\SRC\LIBPNG\DEBUG VSTUDIO\PNGWRITE.SBR
D:\AESTESIS\CODE\ELEKTROSDK\SRC\LIBPNG\DEBUG VSTUDIO\PNGWTRAN.SBR
D:\AESTESIS\CODE\ELEKTROSDK\SRC\LIBPNG\DEBUG VSTUDIO\PNGWUTIL.SBR
D:\AESTESIS\CODE\ELEKTROSDK\SRC\LIBPNG\DEBUG\EXAMPLE.OBJ
D:\AESTESIS\CODE\ELEKTROSDK\SRC\LIBPNG\DEBUG\PNG.OBJ
D:\AESTESIS\CODE\ELEKTROSDK\SRC\LIBPNG\DEBUG\PNGERROR.OBJ
D:\AESTESIS\CODE\ELEKTROSDK\SRC\LIBPNG\DEBUG\PNGGET.OBJ
D:\AESTESIS\CODE\ELEKTROSDK\SRC\LIBPNG\DEBUG\PNGMEM.OBJ
D:\AESTESIS\CODE\ELEKTROSDK\SRC\LIBPNG\DEBUG\PNGPREAD.OBJ
D:\AESTESIS\CODE\ELEKTROSDK\SRC\LIBPNG\DEBUG\PNGREAD.OBJ
D:\AESTESIS\CODE\ELEKTROSDK\SRC\LIBPNG\DEBUG\PNGRIO.OBJ
D:\AESTESIS\CODE\ELEKTROSDK\SRC\LIBPNG\DEBUG\PNGRTRAN.OBJ
D:\AESTESIS\CODE\ELEKTROSDK\SRC\LIBPNG\DEBUG\PNGRUTIL.OBJ
D:\AESTESIS\CODE\ELEKTROSDK\SRC\LIBPNG\DEBUG\PNGSET.OBJ
D:\AESTESIS\CODE\ELEKTROSDK\SRC\LIBPNG\DEBUG\PNGTEST.OBJ
D:\AESTESIS\CODE\ELEKTROSDK\SRC\LIBPNG\DEBUG\PNGTRANS.OBJ
D:\AESTESIS\CODE\ELEKTROSDK\SRC\LIBPNG\DEBUG\PNGVCRD.OBJ
D:\AESTESIS\CODE\ELEKTROSDK\SRC\LIBPNG\DEBUG\PNGWIO.OBJ
D:\AESTESIS\CODE\ELEKTROSDK\SRC\LIBPNG\DEBUG\PNGWRITE.OBJ
D:\AESTESIS\CODE\ELEKTROSDK\SRC\LIBPNG\DEBUG\PNGWTRAN.OBJ
D:\AESTESIS\CODE\ELEKTROSDK\SRC\LIBPNG\DEBUG\PNGWUTIL.OBJ
D:\AESTESIS\CODE\ELEKTROSDK\SRC\LIBPNG\DEBUG\VC100.PDB
