D:\AESTESIS\CODE\ELEKTROSDK\ELEKTRONIKA\ELEKTRO.BSC
D:\AESTESIS\CODE\ELEKTROSDK\ELEKTRONIKA\ELEKTRO.DLL
D:\AESTESIS\CODE\ELEKTROSDK\ELEKTRONIKA\ELEKTRO.ILK
D:\AESTESIS\CODE\ELEKTROSDK\SRC\ELEKTRO\DEBUG VSTUDIO\ACONTROL.SBR
D:\AESTESIS\CODE\ELEKTROSDK\SRC\ELEKTRO\DEBUG VSTUDIO\BPMTRACKER.SBR
D:\aestesis\code\elektroSDK\src\eleKtro\debug VSTUDIO\BscMake.command.1.tlog
D:\aestesis\code\elektroSDK\src\eleKtro\debug VSTUDIO\bscmake.read.1.tlog
D:\aestesis\code\elektroSDK\src\eleKtro\debug VSTUDIO\bscmake.write.1.tlog
D:\AESTESIS\CODE\ELEKTROSDK\SRC\ELEKTRO\DEBUG VSTUDIO\CAPSULE.SBR
D:\aestesis\code\elektroSDK\src\eleKtro\debug VSTUDIO\cl.command.1.tlog
D:\aestesis\code\elektroSDK\src\eleKtro\debug VSTUDIO\CL.read.1.tlog
D:\aestesis\code\elektroSDK\src\eleKtro\debug VSTUDIO\CL.write.1.tlog
D:\AESTESIS\CODE\ELEKTROSDK\SRC\ELEKTRO\DEBUG VSTUDIO\CONNECT.SBR
D:\AESTESIS\CODE\ELEKTROSDK\SRC\ELEKTRO\DEBUG VSTUDIO\CTRLBUTTON.SBR
D:\AESTESIS\CODE\ELEKTROSDK\SRC\ELEKTRO\DEBUG VSTUDIO\EFFECT.SBR
D:\AESTESIS\CODE\ELEKTROSDK\SRC\ELEKTRO\DEBUG VSTUDIO\EFFECT3D.SBR
D:\AESTESIS\CODE\ELEKTROSDK\SRC\ELEKTRO\DEBUG VSTUDIO\ELEKTRO.DLL.EMBED.MANIFEST
D:\AESTESIS\CODE\ELEKTROSDK\SRC\ELEKTRO\DEBUG VSTUDIO\ELEKTRO.DLL.EMBED.MANIFEST.RES
D:\AESTESIS\CODE\ELEKTROSDK\SRC\ELEKTRO\DEBUG VSTUDIO\ELEKTRO.DLL.INTERMEDIATE.MANIFEST
D:\AESTESIS\CODE\ELEKTROSDK\SRC\ELEKTRO\DEBUG VSTUDIO\ELEKTRO.RES
D:\aestesis\code\elektroSDK\src\eleKtro\debug VSTUDIO\eleKtro.write.1.tlog
D:\aestesis\code\elektroSDK\src\eleKtro\debug VSTUDIO\elektro_manifest.rc
D:\AESTESIS\CODE\ELEKTROSDK\SRC\ELEKTRO\DEBUG VSTUDIO\EQUALIZER.SBR
D:\aestesis\code\elektroSDK\src\eleKtro\debug VSTUDIO\link.command.1.tlog
D:\aestesis\code\elektroSDK\src\eleKtro\debug VSTUDIO\link.read.1.tlog
D:\aestesis\code\elektroSDK\src\eleKtro\debug VSTUDIO\link.write.1.tlog
D:\aestesis\code\elektroSDK\src\eleKtro\debug VSTUDIO\link-cvtres.read.1.tlog
D:\aestesis\code\elektroSDK\src\eleKtro\debug VSTUDIO\link-cvtres.write.1.tlog
D:\AESTESIS\CODE\ELEKTROSDK\SRC\ELEKTRO\DEBUG VSTUDIO\MAIN.SBR
D:\aestesis\code\elektroSDK\src\eleKtro\debug VSTUDIO\mt.command.1.tlog
D:\aestesis\code\elektroSDK\src\eleKtro\debug VSTUDIO\mt.read.1.tlog
D:\aestesis\code\elektroSDK\src\eleKtro\debug VSTUDIO\mt.write.1.tlog
D:\AESTESIS\CODE\ELEKTROSDK\SRC\ELEKTRO\DEBUG VSTUDIO\PADDLE.SBR
D:\AESTESIS\CODE\ELEKTROSDK\SRC\ELEKTRO\DEBUG VSTUDIO\PIN.SBR
D:\aestesis\code\elektroSDK\src\eleKtro\debug VSTUDIO\rc.command.1.tlog
D:\aestesis\code\elektroSDK\src\eleKtro\debug VSTUDIO\rc.read.1.tlog
D:\aestesis\code\elektroSDK\src\eleKtro\debug VSTUDIO\rc.write.1.tlog
D:\AESTESIS\CODE\ELEKTROSDK\SRC\ELEKTRO\DEBUG VSTUDIO\SAMPLE.SBR
D:\AESTESIS\CODE\ELEKTROSDK\SRC\ELEKTRO\DEBUG VSTUDIO\SELCOLOR.SBR
D:\AESTESIS\CODE\ELEKTROSDK\SRC\ELEKTRO\DEBUG VSTUDIO\SELECT.SBR
D:\AESTESIS\CODE\ELEKTROSDK\SRC\ELEKTRO\DEBUG VSTUDIO\SELECTVIEW.SBR
D:\AESTESIS\CODE\ELEKTROSDK\SRC\ELEKTRO\DEBUG VSTUDIO\SELPAD.SBR
D:\AESTESIS\CODE\ELEKTROSDK\SRC\ELEKTRO\DEBUG VSTUDIO\SEQUENCER.SBR
D:\AESTESIS\CODE\ELEKTROSDK\SRC\ELEKTRO\DEBUG VSTUDIO\SIMPLE.SBR
D:\AESTESIS\CODE\ELEKTROSDK\SRC\ELEKTRO\DEBUG VSTUDIO\SLIDER.SBR
D:\AESTESIS\CODE\ELEKTROSDK\SRC\ELEKTRO\DEBUG VSTUDIO\TABLE.SBR
D:\AESTESIS\CODE\ELEKTROSDK\SRC\ELEKTRO\DEBUG VSTUDIO\TCPREMOTE.SBR
D:\AESTESIS\CODE\ELEKTROSDK\SRC\ELEKTRO\DEBUG VSTUDIO\TIMELINE.SBR
D:\AESTESIS\CODE\ELEKTROSDK\SRC\ELEKTRO\DEBUG VSTUDIO\TRANSITION.SBR
D:\AESTESIS\CODE\ELEKTROSDK\SRC\ELEKTRO\DEBUG VSTUDIO\TRIGGER.SBR
D:\AESTESIS\CODE\ELEKTROSDK\SRC\ELEKTRO\DEBUG VSTUDIO\VIDEO.SBR
D:\AESTESIS\CODE\ELEKTROSDK\SRC\ELEKTRO\DEBUG VSTUDIO\ZONE.SBR
D:\AESTESIS\CODE\ELEKTROSDK\SRC\ELEKTRO\DEBUG\ACONTROL.OBJ
D:\AESTESIS\CODE\ELEKTROSDK\SRC\ELEKTRO\DEBUG\BPMTRACKER.OBJ
D:\AESTESIS\CODE\ELEKTROSDK\SRC\ELEKTRO\DEBUG\CAPSULE.OBJ
D:\AESTESIS\CODE\ELEKTROSDK\SRC\ELEKTRO\DEBUG\CONNECT.OBJ
D:\AESTESIS\CODE\ELEKTROSDK\SRC\ELEKTRO\DEBUG\CTRLBUTTON.OBJ
D:\AESTESIS\CODE\ELEKTROSDK\SRC\ELEKTRO\DEBUG\EFFECT.OBJ
D:\AESTESIS\CODE\ELEKTROSDK\SRC\ELEKTRO\DEBUG\EFFECT3D.OBJ
D:\aestesis\code\elektroSDK\src\eleKtro\Debug\eleKtro.exp
D:\aestesis\code\elektroSDK\src\eleKtro\Debug\eleKtro.lib
D:\AESTESIS\CODE\ELEKTROSDK\SRC\ELEKTRO\DEBUG\ELEKTRO.PDB
D:\AESTESIS\CODE\ELEKTROSDK\SRC\ELEKTRO\DEBUG\EQUALIZER.OBJ
D:\AESTESIS\CODE\ELEKTROSDK\SRC\ELEKTRO\DEBUG\MAIN.OBJ
D:\AESTESIS\CODE\ELEKTROSDK\SRC\ELEKTRO\DEBUG\PADDLE.OBJ
D:\AESTESIS\CODE\ELEKTROSDK\SRC\ELEKTRO\DEBUG\PIN.OBJ
D:\AESTESIS\CODE\ELEKTROSDK\SRC\ELEKTRO\DEBUG\SAMPLE.OBJ
D:\AESTESIS\CODE\ELEKTROSDK\SRC\ELEKTRO\DEBUG\SELCOLOR.OBJ
D:\AESTESIS\CODE\ELEKTROSDK\SRC\ELEKTRO\DEBUG\SELECT.OBJ
D:\AESTESIS\CODE\ELEKTROSDK\SRC\ELEKTRO\DEBUG\SELECTVIEW.OBJ
D:\AESTESIS\CODE\ELEKTROSDK\SRC\ELEKTRO\DEBUG\SELPAD.OBJ
D:\AESTESIS\CODE\ELEKTROSDK\SRC\ELEKTRO\DEBUG\SEQUENCER.OBJ
D:\AESTESIS\CODE\ELEKTROSDK\SRC\ELEKTRO\DEBUG\SIMPLE.OBJ
D:\AESTESIS\CODE\ELEKTROSDK\SRC\ELEKTRO\DEBUG\SLIDER.OBJ
D:\AESTESIS\CODE\ELEKTROSDK\SRC\ELEKTRO\DEBUG\TABLE.OBJ
D:\AESTESIS\CODE\ELEKTROSDK\SRC\ELEKTRO\DEBUG\TCPREMOTE.OBJ
D:\AESTESIS\CODE\ELEKTROSDK\SRC\ELEKTRO\DEBUG\TIMELINE.OBJ
D:\AESTESIS\CODE\ELEKTROSDK\SRC\ELEKTRO\DEBUG\TRANSITION.OBJ
D:\AESTESIS\CODE\ELEKTROSDK\SRC\ELEKTRO\DEBUG\TRIGGER.OBJ
D:\AESTESIS\CODE\ELEKTROSDK\SRC\ELEKTRO\DEBUG\VC100.PDB
D:\AESTESIS\CODE\ELEKTROSDK\SRC\ELEKTRO\DEBUG\VIDEO.OBJ
D:\AESTESIS\CODE\ELEKTROSDK\SRC\ELEKTRO\DEBUG\ZONE.OBJ
