D:\AESTESIS\CODE\ELEKTROSDK\ELEKTRONIKA\PLUGINS\FLASHP.DLL
D:\AESTESIS\CODE\ELEKTROSDK\ELEKTRONIKA\PLUGINS\FLASHP.ILK
D:\aestesis\code\elektroSDK\src\flash\debug VSTUDIO\cl.command.1.tlog
D:\aestesis\code\elektroSDK\src\flash\debug VSTUDIO\CL.read.1.tlog
D:\aestesis\code\elektroSDK\src\flash\debug VSTUDIO\CL.write.1.tlog
D:\AESTESIS\CODE\ELEKTROSDK\SRC\FLASH\DEBUG VSTUDIO\FLASH.DLL.EMBED.MANIFEST
D:\AESTESIS\CODE\ELEKTROSDK\SRC\FLASH\DEBUG VSTUDIO\FLASH.DLL.EMBED.MANIFEST.RES
D:\AESTESIS\CODE\ELEKTROSDK\SRC\FLASH\DEBUG VSTUDIO\FLASH.DLL.INTERMEDIATE.MANIFEST
D:\aestesis\code\elektroSDK\src\flash\debug VSTUDIO\flash.write.1.tlog
D:\aestesis\code\elektroSDK\src\flash\debug VSTUDIO\flash_manifest.rc
D:\AESTESIS\CODE\ELEKTROSDK\SRC\FLASH\DEBUG VSTUDIO\FLASHPLAYER.RES
D:\aestesis\code\elektroSDK\src\flash\debug VSTUDIO\link.command.1.tlog
D:\aestesis\code\elektroSDK\src\flash\debug VSTUDIO\link.read.1.tlog
D:\aestesis\code\elektroSDK\src\flash\debug VSTUDIO\link.write.1.tlog
D:\aestesis\code\elektroSDK\src\flash\debug VSTUDIO\link-cvtres.read.1.tlog
D:\aestesis\code\elektroSDK\src\flash\debug VSTUDIO\link-cvtres.write.1.tlog
D:\aestesis\code\elektroSDK\src\flash\debug VSTUDIO\mt.command.1.tlog
D:\aestesis\code\elektroSDK\src\flash\debug VSTUDIO\mt.read.1.tlog
D:\aestesis\code\elektroSDK\src\flash\debug VSTUDIO\mt.write.1.tlog
D:\aestesis\code\elektroSDK\src\flash\debug VSTUDIO\rc.command.1.tlog
D:\aestesis\code\elektroSDK\src\flash\debug VSTUDIO\rc.read.1.tlog
D:\aestesis\code\elektroSDK\src\flash\debug VSTUDIO\rc.write.1.tlog
D:\AESTESIS\CODE\ELEKTROSDK\SRC\FLASH\DEBUG\APIHIJACK.OBJ
D:\AESTESIS\CODE\ELEKTROSDK\SRC\FLASH\DEBUG\FLASH.PCH
D:\aestesis\code\elektroSDK\src\flash\Debug\flashp.exp
D:\aestesis\code\elektroSDK\src\flash\Debug\flashp.lib
D:\AESTESIS\CODE\ELEKTROSDK\SRC\FLASH\DEBUG\FLASHP.PDB
D:\AESTESIS\CODE\ELEKTROSDK\SRC\FLASH\DEBUG\FLASHPLAYER.OBJ
D:\AESTESIS\CODE\ELEKTROSDK\SRC\FLASH\DEBUG\SHOCKWAVEFLASH.OBJ
D:\AESTESIS\CODE\ELEKTROSDK\SRC\FLASH\DEBUG\STDAFX.OBJ
D:\AESTESIS\CODE\ELEKTROSDK\SRC\FLASH\DEBUG\VC100.PDB
