D:\AESTESIS\CODE\ELEKTROSDK\ELEKTRONIKA\PLUGINS\EXAMPLE01.DLL
D:\AESTESIS\CODE\ELEKTROSDK\ELEKTRONIKA\PLUGINS\EXAMPLE01.ILK
D:\aestesis\code\elektroSDK\modules\example01\debug VSTUDIO\BscMake.command.1.tlog
D:\aestesis\code\elektroSDK\modules\example01\debug VSTUDIO\bscmake.read.1.tlog
D:\aestesis\code\elektroSDK\modules\example01\debug VSTUDIO\bscmake.write.1.tlog
D:\aestesis\code\elektroSDK\modules\example01\debug VSTUDIO\cl.command.1.tlog
D:\aestesis\code\elektroSDK\modules\example01\debug VSTUDIO\CL.read.1.tlog
D:\aestesis\code\elektroSDK\modules\example01\debug VSTUDIO\CL.write.1.tlog
D:\AESTESIS\CODE\ELEKTROSDK\MODULES\EXAMPLE01\DEBUG VSTUDIO\EXAMPLE01.BSC
D:\AESTESIS\CODE\ELEKTROSDK\MODULES\EXAMPLE01\DEBUG VSTUDIO\EXAMPLE01.DLL.EMBED.MANIFEST
D:\AESTESIS\CODE\ELEKTROSDK\MODULES\EXAMPLE01\DEBUG VSTUDIO\EXAMPLE01.DLL.EMBED.MANIFEST.RES
D:\AESTESIS\CODE\ELEKTROSDK\MODULES\EXAMPLE01\DEBUG VSTUDIO\EXAMPLE01.DLL.INTERMEDIATE.MANIFEST
D:\aestesis\code\elektroSDK\modules\example01\debug VSTUDIO\example01.write.1.tlog
D:\aestesis\code\elektroSDK\modules\example01\debug VSTUDIO\example01_manifest.rc
D:\aestesis\code\elektroSDK\modules\example01\debug VSTUDIO\link.command.1.tlog
D:\aestesis\code\elektroSDK\modules\example01\debug VSTUDIO\link.read.1.tlog
D:\aestesis\code\elektroSDK\modules\example01\debug VSTUDIO\link.write.1.tlog
D:\aestesis\code\elektroSDK\modules\example01\debug VSTUDIO\link-cvtres.read.1.tlog
D:\aestesis\code\elektroSDK\modules\example01\debug VSTUDIO\link-cvtres.write.1.tlog
D:\AESTESIS\CODE\ELEKTROSDK\MODULES\EXAMPLE01\DEBUG VSTUDIO\MAIN.SBR
D:\aestesis\code\elektroSDK\modules\example01\debug VSTUDIO\mt.command.1.tlog
D:\aestesis\code\elektroSDK\modules\example01\debug VSTUDIO\mt.read.1.tlog
D:\aestesis\code\elektroSDK\modules\example01\debug VSTUDIO\mt.write.1.tlog
D:\aestesis\code\elektroSDK\modules\example01\debug VSTUDIO\rc.command.1.tlog
D:\aestesis\code\elektroSDK\modules\example01\debug VSTUDIO\rc.read.1.tlog
D:\aestesis\code\elektroSDK\modules\example01\debug VSTUDIO\rc.write.1.tlog
D:\AESTESIS\CODE\ELEKTROSDK\MODULES\EXAMPLE01\DEBUG VSTUDIO\RESOURCE.RES
D:\aestesis\code\elektroSDK\modules\example01\Debug\example01.exp
D:\aestesis\code\elektroSDK\modules\example01\Debug\example01.lib
D:\AESTESIS\CODE\ELEKTROSDK\MODULES\EXAMPLE01\DEBUG\EXAMPLE01.PDB
D:\AESTESIS\CODE\ELEKTROSDK\MODULES\EXAMPLE01\DEBUG\MAIN.OBJ
D:\AESTESIS\CODE\ELEKTROSDK\MODULES\EXAMPLE01\DEBUG\VC100.PDB
debug VSTUDIO\example01.bsc
