D:\AESTESIS\CODE\ELEKTROSDK\ELEKTRONIKA\OMPP\FORMS.DLL
D:\AESTESIS\CODE\ELEKTROSDK\ELEKTRONIKA\OMPP\FORMS.ILK
D:\aestesis\code\elektroSDK\ompp\forms\debug VSTUDIO\cl.command.1.tlog
D:\aestesis\code\elektroSDK\ompp\forms\debug VSTUDIO\CL.read.1.tlog
D:\aestesis\code\elektroSDK\ompp\forms\debug VSTUDIO\CL.write.1.tlog
D:\AESTESIS\CODE\ELEKTROSDK\OMPP\FORMS\DEBUG VSTUDIO\FORMS.DLL.EMBED.MANIFEST
D:\AESTESIS\CODE\ELEKTROSDK\OMPP\FORMS\DEBUG VSTUDIO\FORMS.DLL.EMBED.MANIFEST.RES
D:\AESTESIS\CODE\ELEKTROSDK\OMPP\FORMS\DEBUG VSTUDIO\FORMS.DLL.INTERMEDIATE.MANIFEST
D:\aestesis\code\elektroSDK\ompp\forms\debug VSTUDIO\forms.exp
D:\aestesis\code\elektroSDK\ompp\forms\debug VSTUDIO\forms.lib
D:\AESTESIS\CODE\ELEKTROSDK\OMPP\FORMS\DEBUG VSTUDIO\FORMS.OBJ
D:\AESTESIS\CODE\ELEKTROSDK\OMPP\FORMS\DEBUG VSTUDIO\FORMS.PDB
D:\aestesis\code\elektroSDK\ompp\forms\debug VSTUDIO\forms.write.1.tlog
D:\aestesis\code\elektroSDK\ompp\forms\debug VSTUDIO\forms_manifest.rc
D:\aestesis\code\elektroSDK\ompp\forms\debug VSTUDIO\link.2340.read.1.tlog
D:\aestesis\code\elektroSDK\ompp\forms\debug VSTUDIO\link.2340.write.1.tlog
D:\aestesis\code\elektroSDK\ompp\forms\debug VSTUDIO\link.2340-cvtres.read.1.tlog
D:\aestesis\code\elektroSDK\ompp\forms\debug VSTUDIO\link.2340-cvtres.write.1.tlog
D:\aestesis\code\elektroSDK\ompp\forms\debug VSTUDIO\link.command.1.tlog
D:\aestesis\code\elektroSDK\ompp\forms\debug VSTUDIO\link.read.1.tlog
D:\aestesis\code\elektroSDK\ompp\forms\debug VSTUDIO\link.write.1.tlog
D:\aestesis\code\elektroSDK\ompp\forms\debug VSTUDIO\link-cvtres.read.1.tlog
D:\aestesis\code\elektroSDK\ompp\forms\debug VSTUDIO\link-cvtres.write.1.tlog
D:\aestesis\code\elektroSDK\ompp\forms\debug VSTUDIO\mt.command.1.tlog
D:\aestesis\code\elektroSDK\ompp\forms\debug VSTUDIO\mt.read.1.tlog
D:\aestesis\code\elektroSDK\ompp\forms\debug VSTUDIO\mt.write.1.tlog
D:\aestesis\code\elektroSDK\ompp\forms\debug VSTUDIO\rc.command.1.tlog
D:\aestesis\code\elektroSDK\ompp\forms\debug VSTUDIO\rc.read.1.tlog
D:\aestesis\code\elektroSDK\ompp\forms\debug VSTUDIO\rc.write.1.tlog
D:\aestesis\code\elektroSDK\ompp\forms\debug VSTUDIO\vc100.idb
D:\AESTESIS\CODE\ELEKTROSDK\OMPP\FORMS\DEBUG VSTUDIO\VC100.PDB
debug VSTUDIO\forms.pdb
