D:\AESTESIS\CODE\ELEKTROSDK\ELEKTRONIKA\ELEKTRONIKA.EXE
D:\AESTESIS\CODE\ELEKTROSDK\SRC\ELEKTRONIKA\ELEKTRONIKA___WIN32_RELEASE\AASIO.OBJ
D:\AESTESIS\CODE\ELEKTROSDK\SRC\ELEKTRONIKA\ELEKTRONIKA___WIN32_RELEASE\ABOUT.OBJ
D:\AESTESIS\CODE\ELEKTROSDK\SRC\ELEKTRONIKA\ELEKTRONIKA___WIN32_RELEASE\AESTESIS.OBJ
D:\AESTESIS\CODE\ELEKTROSDK\SRC\ELEKTRONIKA\ELEKTRONIKA___WIN32_RELEASE\ASIO.OBJ
D:\AESTESIS\CODE\ELEKTROSDK\SRC\ELEKTRONIKA\ELEKTRONIKA___WIN32_RELEASE\ASIODRIVERS.OBJ
D:\AESTESIS\CODE\ELEKTROSDK\SRC\ELEKTRONIKA\ELEKTRONIKA___WIN32_RELEASE\ASIOLIST.OBJ
D:\AESTESIS\CODE\ELEKTROSDK\SRC\ELEKTRONIKA\ELEKTRONIKA___WIN32_RELEASE\AUTOMIX.OBJ
D:\AESTESIS\CODE\ELEKTROSDK\SRC\ELEKTRONIKA\ELEKTRONIKA___WIN32_RELEASE\BACKGROUND.OBJ
D:\AESTESIS\CODE\ELEKTROSDK\SRC\ELEKTRONIKA\ELEKTRONIKA___WIN32_RELEASE\BAND.OBJ
D:\AESTESIS\CODE\ELEKTROSDK\SRC\ELEKTRONIKA\ELEKTRONIKA___WIN32_RELEASE\COLOR.OBJ
D:\AESTESIS\CODE\ELEKTROSDK\SRC\ELEKTRONIKA\ELEKTRONIKA___WIN32_RELEASE\COMPUTERINFO.OBJ
D:\AESTESIS\CODE\ELEKTROSDK\SRC\ELEKTRONIKA\ELEKTRONIKA___WIN32_RELEASE\CONFIG.OBJ
D:\AESTESIS\CODE\ELEKTROSDK\SRC\ELEKTRONIKA\ELEKTRONIKA___WIN32_RELEASE\DISPATCH.OBJ
D:\AESTESIS\CODE\ELEKTROSDK\SRC\ELEKTRONIKA\ELEKTRONIKA___WIN32_RELEASE\DVCAP.OBJ
D:\AESTESIS\CODE\ELEKTROSDK\SRC\ELEKTRONIKA\ELEKTRONIKA___WIN32_RELEASE\DXFILTER.OBJ
D:\AESTESIS\CODE\ELEKTROSDK\SRC\ELEKTRONIKA\ELEKTRONIKA___WIN32_RELEASE\EF3D-CUBE.OBJ
D:\AESTESIS\CODE\ELEKTROSDK\SRC\ELEKTRONIKA\ELEKTRONIKA___WIN32_RELEASE\EF3D-META.OBJ
D:\AESTESIS\CODE\ELEKTROSDK\SRC\ELEKTRONIKA\ELEKTRONIKA___WIN32_RELEASE\EF3D-MORPH.OBJ
D:\AESTESIS\CODE\ELEKTROSDK\SRC\ELEKTRONIKA\ELEKTRONIKA___WIN32_RELEASE\EF3D-MORPH2.OBJ
D:\AESTESIS\CODE\ELEKTROSDK\SRC\ELEKTRONIKA\ELEKTRONIKA___WIN32_RELEASE\EF3D-NODE.OBJ
D:\AESTESIS\CODE\ELEKTROSDK\SRC\ELEKTRONIKA\ELEKTRONIKA___WIN32_RELEASE\EF3D-PIXEL.OBJ
D:\AESTESIS\CODE\ELEKTROSDK\SRC\ELEKTRONIKA\ELEKTRONIKA___WIN32_RELEASE\EF3D-STREAM.OBJ
D:\AESTESIS\CODE\ELEKTROSDK\SRC\ELEKTRONIKA\ELEKTRONIKA___WIN32_RELEASE\EF3D-TEST.OBJ
D:\AESTESIS\CODE\ELEKTROSDK\SRC\ELEKTRONIKA\ELEKTRONIKA___WIN32_RELEASE\EF3D-TEXT.OBJ
D:\AESTESIS\CODE\ELEKTROSDK\SRC\ELEKTRONIKA\ELEKTRONIKA___WIN32_RELEASE\EF3D-TUNEL.OBJ
D:\AESTESIS\CODE\ELEKTROSDK\SRC\ELEKTRONIKA\ELEKTRONIKA___WIN32_RELEASE\EF3D-VIDEO.OBJ
D:\AESTESIS\CODE\ELEKTROSDK\SRC\ELEKTRONIKA\ELEKTRONIKA___WIN32_RELEASE\EF3D-ZOOM.OBJ
D:\AESTESIS\CODE\ELEKTROSDK\SRC\ELEKTRONIKA\ELEKTRONIKA___WIN32_RELEASE\EXPLORER.OBJ
D:\AESTESIS\CODE\ELEKTROSDK\SRC\ELEKTRONIKA\ELEKTRONIKA___WIN32_RELEASE\EXPORT.OBJ
D:\AESTESIS\CODE\ELEKTROSDK\SRC\ELEKTRONIKA\ELEKTRONIKA___WIN32_RELEASE\FFRAME.OBJ
D:\AESTESIS\CODE\ELEKTROSDK\SRC\ELEKTRONIKA\ELEKTRONIKA___WIN32_RELEASE\GRAB.OBJ
D:\AESTESIS\CODE\ELEKTROSDK\SRC\ELEKTRONIKA\ELEKTRONIKA___WIN32_RELEASE\LOOP.OBJ
D:\AESTESIS\CODE\ELEKTROSDK\SRC\ELEKTRONIKA\ELEKTRONIKA___WIN32_RELEASE\MAIN.OBJ
D:\AESTESIS\CODE\ELEKTROSDK\SRC\ELEKTRONIKA\ELEKTRONIKA___WIN32_RELEASE\MD5.OBJ
D:\AESTESIS\CODE\ELEKTROSDK\SRC\ELEKTRONIKA\ELEKTRONIKA___WIN32_RELEASE\MIMIX.OBJ
D:\AESTESIS\CODE\ELEKTROSDK\SRC\ELEKTRONIKA\ELEKTRONIKA___WIN32_RELEASE\NETWORK.OBJ
D:\AESTESIS\CODE\ELEKTROSDK\SRC\ELEKTRONIKA\ELEKTRONIKA___WIN32_RELEASE\OMPPWRAP.OBJ
D:\AESTESIS\CODE\ELEKTROSDK\SRC\ELEKTRONIKA\ELEKTRONIKA___WIN32_RELEASE\PRESETS.OBJ
D:\AESTESIS\CODE\ELEKTROSDK\SRC\ELEKTRONIKA\ELEKTRONIKA___WIN32_RELEASE\PREVIEW.OBJ
D:\AESTESIS\CODE\ELEKTROSDK\SRC\ELEKTRONIKA\ELEKTRONIKA___WIN32_RELEASE\PUB.OBJ
D:\AESTESIS\CODE\ELEKTROSDK\SRC\ELEKTRONIKA\ELEKTRONIKA___WIN32_RELEASE\REGFILE.OBJ
D:\AESTESIS\CODE\ELEKTROSDK\SRC\ELEKTRONIKA\ELEKTRONIKA___WIN32_RELEASE\RESELLER.OBJ
D:\AESTESIS\CODE\ELEKTROSDK\SRC\ELEKTRONIKA\ELEKTRONIKA___WIN32_RELEASE\RHYTMBOX.OBJ
D:\AESTESIS\CODE\ELEKTROSDK\SRC\ELEKTRONIKA\ELEKTRONIKA___WIN32_RELEASE\SOUNDINPUT.OBJ
D:\AESTESIS\CODE\ELEKTROSDK\SRC\ELEKTRONIKA\ELEKTRONIKA___WIN32_RELEASE\SOUNDOUTPUT.OBJ
D:\AESTESIS\CODE\ELEKTROSDK\SRC\ELEKTRONIKA\ELEKTRONIKA___WIN32_RELEASE\SPHERE.OBJ
D:\AESTESIS\CODE\ELEKTROSDK\SRC\ELEKTRONIKA\ELEKTRONIKA___WIN32_RELEASE\STATUS.OBJ
D:\AESTESIS\CODE\ELEKTROSDK\SRC\ELEKTRONIKA\ELEKTRONIKA___WIN32_RELEASE\TRAIL.OBJ
D:\AESTESIS\CODE\ELEKTROSDK\SRC\ELEKTRONIKA\ELEKTRONIKA___WIN32_RELEASE\TRANS-COLOR.OBJ
D:\AESTESIS\CODE\ELEKTROSDK\SRC\ELEKTRONIKA\ELEKTRONIKA___WIN32_RELEASE\TRANS-FADE.OBJ
D:\AESTESIS\CODE\ELEKTROSDK\SRC\ELEKTRONIKA\ELEKTRONIKA___WIN32_RELEASE\TRANS-LUMA.OBJ
D:\AESTESIS\CODE\ELEKTROSDK\SRC\ELEKTRONIKA\ELEKTRONIKA___WIN32_RELEASE\TRANS-SLICE.OBJ
D:\AESTESIS\CODE\ELEKTROSDK\SRC\ELEKTRONIKA\ELEKTRONIKA___WIN32_RELEASE\TRANS-VIDEO.OBJ
D:\AESTESIS\CODE\ELEKTROSDK\SRC\ELEKTRONIKA\ELEKTRONIKA___WIN32_RELEASE\V3DOUT.OBJ
D:\AESTESIS\CODE\ELEKTROSDK\SRC\ELEKTRONIKA\ELEKTRONIKA___WIN32_RELEASE\VC100.PDB
D:\AESTESIS\CODE\ELEKTROSDK\SRC\ELEKTRONIKA\ELEKTRONIKA___WIN32_RELEASE\VIDEOIN.OBJ
D:\AESTESIS\CODE\ELEKTROSDK\SRC\ELEKTRONIKA\ELEKTRONIKA___WIN32_RELEASE\VISWRP.OBJ
D:\AESTESIS\CODE\ELEKTROSDK\SRC\ELEKTRONIKA\ELEKTRONIKA___WIN32_RELEASE\VMIX.OBJ
D:\AESTESIS\CODE\ELEKTROSDK\SRC\ELEKTRONIKA\ELEKTRONIKA___WIN32_RELEASE\VOUT.OBJ
D:\AESTESIS\CODE\ELEKTROSDK\SRC\ELEKTRONIKA\ELEKTRONIKA___WIN32_RELEASE\VP10.OBJ
D:\AESTESIS\CODE\ELEKTROSDK\SRC\ELEKTRONIKA\ELEKTRONIKA___WIN32_RELEASE\VPONE.OBJ
D:\AESTESIS\CODE\ELEKTROSDK\SRC\ELEKTRONIKA\ELEKTRONIKA___WIN32_RELEASE\WEBCLIENT.OBJ
D:\AESTESIS\CODE\ELEKTROSDK\SRC\ELEKTRONIKA\ELEKTRONIKA___WIN32_RELEASE\WEBSRV.OBJ
D:\AESTESIS\CODE\ELEKTROSDK\SRC\ELEKTRONIKA\ELEKTRONIKA___WIN32_RELEASE\WMP.OBJ
D:\AESTESIS\CODE\ELEKTROSDK\SRC\ELEKTRONIKA\RELEASE VSTUDIO\AASIO.SBR
D:\AESTESIS\CODE\ELEKTROSDK\SRC\ELEKTRONIKA\RELEASE VSTUDIO\ABOUT.SBR
D:\AESTESIS\CODE\ELEKTROSDK\SRC\ELEKTRONIKA\RELEASE VSTUDIO\AESTESIS.SBR
D:\AESTESIS\CODE\ELEKTROSDK\SRC\ELEKTRONIKA\RELEASE VSTUDIO\ASIO.SBR
D:\AESTESIS\CODE\ELEKTROSDK\SRC\ELEKTRONIKA\RELEASE VSTUDIO\ASIODRIVERS.SBR
D:\AESTESIS\CODE\ELEKTROSDK\SRC\ELEKTRONIKA\RELEASE VSTUDIO\ASIOLIST.SBR
D:\AESTESIS\CODE\ELEKTROSDK\SRC\ELEKTRONIKA\RELEASE VSTUDIO\AUTOMIX.SBR
D:\AESTESIS\CODE\ELEKTROSDK\SRC\ELEKTRONIKA\RELEASE VSTUDIO\BACKGROUND.SBR
D:\AESTESIS\CODE\ELEKTROSDK\SRC\ELEKTRONIKA\RELEASE VSTUDIO\BAND.SBR
D:\aestesis\code\elektroSDK\src\elektronika\Release VSTUDIO\BscMake.command.1.tlog
D:\aestesis\code\elektroSDK\src\elektronika\Release VSTUDIO\bscmake.read.1.tlog
D:\aestesis\code\elektroSDK\src\elektronika\Release VSTUDIO\bscmake.write.1.tlog
D:\aestesis\code\elektroSDK\src\elektronika\Release VSTUDIO\cl.command.1.tlog
D:\aestesis\code\elektroSDK\src\elektronika\Release VSTUDIO\CL.read.1.tlog
D:\aestesis\code\elektroSDK\src\elektronika\Release VSTUDIO\CL.write.1.tlog
D:\AESTESIS\CODE\ELEKTROSDK\SRC\ELEKTRONIKA\RELEASE VSTUDIO\COLOR.SBR
D:\AESTESIS\CODE\ELEKTROSDK\SRC\ELEKTRONIKA\RELEASE VSTUDIO\COMPUTERINFO.SBR
D:\AESTESIS\CODE\ELEKTROSDK\SRC\ELEKTRONIKA\RELEASE VSTUDIO\CONFIG.SBR
D:\AESTESIS\CODE\ELEKTROSDK\SRC\ELEKTRONIKA\RELEASE VSTUDIO\DISPATCH.SBR
D:\AESTESIS\CODE\ELEKTROSDK\SRC\ELEKTRONIKA\RELEASE VSTUDIO\DVCAP.SBR
D:\AESTESIS\CODE\ELEKTROSDK\SRC\ELEKTRONIKA\RELEASE VSTUDIO\DXFILTER.SBR
D:\AESTESIS\CODE\ELEKTROSDK\SRC\ELEKTRONIKA\RELEASE VSTUDIO\EF3D-CUBE.SBR
D:\AESTESIS\CODE\ELEKTROSDK\SRC\ELEKTRONIKA\RELEASE VSTUDIO\EF3D-META.SBR
D:\AESTESIS\CODE\ELEKTROSDK\SRC\ELEKTRONIKA\RELEASE VSTUDIO\EF3D-MORPH.SBR
D:\AESTESIS\CODE\ELEKTROSDK\SRC\ELEKTRONIKA\RELEASE VSTUDIO\EF3D-MORPH2.SBR
D:\AESTESIS\CODE\ELEKTROSDK\SRC\ELEKTRONIKA\RELEASE VSTUDIO\EF3D-NODE.SBR
D:\AESTESIS\CODE\ELEKTROSDK\SRC\ELEKTRONIKA\RELEASE VSTUDIO\EF3D-PIXEL.SBR
D:\AESTESIS\CODE\ELEKTROSDK\SRC\ELEKTRONIKA\RELEASE VSTUDIO\EF3D-STREAM.SBR
D:\AESTESIS\CODE\ELEKTROSDK\SRC\ELEKTRONIKA\RELEASE VSTUDIO\EF3D-TEST.SBR
D:\AESTESIS\CODE\ELEKTROSDK\SRC\ELEKTRONIKA\RELEASE VSTUDIO\EF3D-TEXT.SBR
D:\AESTESIS\CODE\ELEKTROSDK\SRC\ELEKTRONIKA\RELEASE VSTUDIO\EF3D-TUNEL.SBR
D:\AESTESIS\CODE\ELEKTROSDK\SRC\ELEKTRONIKA\RELEASE VSTUDIO\EF3D-VIDEO.SBR
D:\AESTESIS\CODE\ELEKTROSDK\SRC\ELEKTRONIKA\RELEASE VSTUDIO\EF3D-ZOOM.SBR
D:\AESTESIS\CODE\ELEKTROSDK\SRC\ELEKTRONIKA\RELEASE VSTUDIO\ELEKTRONIKA.BSC
D:\AESTESIS\CODE\ELEKTROSDK\SRC\ELEKTRONIKA\RELEASE VSTUDIO\ELEKTRONIKA.EXE.INTERMEDIATE.MANIFEST
D:\AESTESIS\CODE\ELEKTROSDK\SRC\ELEKTRONIKA\RELEASE VSTUDIO\ELEKTRONIKA.RES
D:\aestesis\code\elektroSDK\src\elektronika\Release VSTUDIO\elektronika.write.1.tlog
D:\AESTESIS\CODE\ELEKTROSDK\SRC\ELEKTRONIKA\RELEASE VSTUDIO\EXPLORER.SBR
D:\AESTESIS\CODE\ELEKTROSDK\SRC\ELEKTRONIKA\RELEASE VSTUDIO\EXPORT.SBR
D:\AESTESIS\CODE\ELEKTROSDK\SRC\ELEKTRONIKA\RELEASE VSTUDIO\FFRAME.SBR
D:\AESTESIS\CODE\ELEKTROSDK\SRC\ELEKTRONIKA\RELEASE VSTUDIO\GRAB.SBR
D:\aestesis\code\elektroSDK\src\elektronika\Release VSTUDIO\link.command.1.tlog
D:\aestesis\code\elektroSDK\src\elektronika\Release VSTUDIO\link.read.1.tlog
D:\aestesis\code\elektroSDK\src\elektronika\Release VSTUDIO\link.write.1.tlog
D:\aestesis\code\elektroSDK\src\elektronika\Release VSTUDIO\link-cvtres.read.1.tlog
D:\aestesis\code\elektroSDK\src\elektronika\Release VSTUDIO\link-cvtres.write.1.tlog
D:\AESTESIS\CODE\ELEKTROSDK\SRC\ELEKTRONIKA\RELEASE VSTUDIO\LOOP.SBR
D:\AESTESIS\CODE\ELEKTROSDK\SRC\ELEKTRONIKA\RELEASE VSTUDIO\MAIN.SBR
D:\AESTESIS\CODE\ELEKTROSDK\SRC\ELEKTRONIKA\RELEASE VSTUDIO\MD5.SBR
D:\AESTESIS\CODE\ELEKTROSDK\SRC\ELEKTRONIKA\RELEASE VSTUDIO\MIMIX.SBR
D:\aestesis\code\elektroSDK\src\elektronika\Release VSTUDIO\mt.command.1.tlog
D:\aestesis\code\elektroSDK\src\elektronika\Release VSTUDIO\mt.read.1.tlog
D:\aestesis\code\elektroSDK\src\elektronika\Release VSTUDIO\mt.write.1.tlog
D:\AESTESIS\CODE\ELEKTROSDK\SRC\ELEKTRONIKA\RELEASE VSTUDIO\NETWORK.SBR
D:\AESTESIS\CODE\ELEKTROSDK\SRC\ELEKTRONIKA\RELEASE VSTUDIO\OMPPWRAP.SBR
D:\AESTESIS\CODE\ELEKTROSDK\SRC\ELEKTRONIKA\RELEASE VSTUDIO\PRESETS.SBR
D:\AESTESIS\CODE\ELEKTROSDK\SRC\ELEKTRONIKA\RELEASE VSTUDIO\PREVIEW.SBR
D:\AESTESIS\CODE\ELEKTROSDK\SRC\ELEKTRONIKA\RELEASE VSTUDIO\PUB.SBR
D:\aestesis\code\elektroSDK\src\elektronika\Release VSTUDIO\rc.command.1.tlog
D:\aestesis\code\elektroSDK\src\elektronika\Release VSTUDIO\rc.read.1.tlog
D:\aestesis\code\elektroSDK\src\elektronika\Release VSTUDIO\rc.write.1.tlog
D:\AESTESIS\CODE\ELEKTROSDK\SRC\ELEKTRONIKA\RELEASE VSTUDIO\REGFILE.SBR
D:\AESTESIS\CODE\ELEKTROSDK\SRC\ELEKTRONIKA\RELEASE VSTUDIO\RESELLER.SBR
D:\AESTESIS\CODE\ELEKTROSDK\SRC\ELEKTRONIKA\RELEASE VSTUDIO\RHYTMBOX.SBR
D:\AESTESIS\CODE\ELEKTROSDK\SRC\ELEKTRONIKA\RELEASE VSTUDIO\SOUNDINPUT.SBR
D:\AESTESIS\CODE\ELEKTROSDK\SRC\ELEKTRONIKA\RELEASE VSTUDIO\SOUNDOUTPUT.SBR
D:\AESTESIS\CODE\ELEKTROSDK\SRC\ELEKTRONIKA\RELEASE VSTUDIO\SPHERE.SBR
D:\AESTESIS\CODE\ELEKTROSDK\SRC\ELEKTRONIKA\RELEASE VSTUDIO\STATUS.SBR
D:\AESTESIS\CODE\ELEKTROSDK\SRC\ELEKTRONIKA\RELEASE VSTUDIO\TRAIL.SBR
D:\AESTESIS\CODE\ELEKTROSDK\SRC\ELEKTRONIKA\RELEASE VSTUDIO\TRANS-COLOR.SBR
D:\AESTESIS\CODE\ELEKTROSDK\SRC\ELEKTRONIKA\RELEASE VSTUDIO\TRANS-FADE.SBR
D:\AESTESIS\CODE\ELEKTROSDK\SRC\ELEKTRONIKA\RELEASE VSTUDIO\TRANS-LUMA.SBR
D:\AESTESIS\CODE\ELEKTROSDK\SRC\ELEKTRONIKA\RELEASE VSTUDIO\TRANS-SLICE.SBR
D:\AESTESIS\CODE\ELEKTROSDK\SRC\ELEKTRONIKA\RELEASE VSTUDIO\TRANS-VIDEO.SBR
D:\AESTESIS\CODE\ELEKTROSDK\SRC\ELEKTRONIKA\RELEASE VSTUDIO\V3DOUT.SBR
D:\AESTESIS\CODE\ELEKTROSDK\SRC\ELEKTRONIKA\RELEASE VSTUDIO\VIDEOIN.SBR
D:\AESTESIS\CODE\ELEKTROSDK\SRC\ELEKTRONIKA\RELEASE VSTUDIO\VISWRP.SBR
D:\AESTESIS\CODE\ELEKTROSDK\SRC\ELEKTRONIKA\RELEASE VSTUDIO\VMIX.SBR
D:\AESTESIS\CODE\ELEKTROSDK\SRC\ELEKTRONIKA\RELEASE VSTUDIO\VOUT.SBR
D:\AESTESIS\CODE\ELEKTROSDK\SRC\ELEKTRONIKA\RELEASE VSTUDIO\VP10.SBR
D:\AESTESIS\CODE\ELEKTROSDK\SRC\ELEKTRONIKA\RELEASE VSTUDIO\VPONE.SBR
D:\AESTESIS\CODE\ELEKTROSDK\SRC\ELEKTRONIKA\RELEASE VSTUDIO\WEBCLIENT.SBR
D:\AESTESIS\CODE\ELEKTROSDK\SRC\ELEKTRONIKA\RELEASE VSTUDIO\WEBSRV.SBR
D:\AESTESIS\CODE\ELEKTROSDK\SRC\ELEKTRONIKA\RELEASE VSTUDIO\WMP.SBR
Release VSTUDIO\elektronika.bsc
