D:\AESTESIS\CODE\ELEKTROSDK\ELEKTRONIKA\PLUGINS\DANCER.DLL
D:\AESTESIS\CODE\ELEKTROSDK\ELEKTRONIKA\PLUGINS\DANCER.ILK
D:\AESTESIS\CODE\ELEKTROSDK\SRC\DANCER\DANCER___WIN32_DEBUG\ANIMAT.OBJ
D:\aestesis\code\elektroSDK\src\dancer\dancer___Win32_Debug\dancer.exp
D:\aestesis\code\elektroSDK\src\dancer\dancer___Win32_Debug\dancer.lib
D:\AESTESIS\CODE\ELEKTROSDK\SRC\DANCER\DANCER___WIN32_DEBUG\DANCER.PDB
D:\AESTESIS\CODE\ELEKTROSDK\SRC\DANCER\DANCER___WIN32_DEBUG\MAIN.OBJ
D:\AESTESIS\CODE\ELEKTROSDK\SRC\DANCER\DANCER___WIN32_DEBUG\MATRICE.OBJ
D:\AESTESIS\CODE\ELEKTROSDK\SRC\DANCER\DANCER___WIN32_DEBUG\VC100.PDB
D:\AESTESIS\CODE\ELEKTROSDK\SRC\DANCER\DEBUG VSTUDIO\ANIMAT.SBR
D:\aestesis\code\elektroSDK\src\dancer\debug VSTUDIO\BscMake.command.1.tlog
D:\aestesis\code\elektroSDK\src\dancer\debug VSTUDIO\bscmake.read.1.tlog
D:\aestesis\code\elektroSDK\src\dancer\debug VSTUDIO\bscmake.write.1.tlog
D:\aestesis\code\elektroSDK\src\dancer\debug VSTUDIO\cl.command.1.tlog
D:\aestesis\code\elektroSDK\src\dancer\debug VSTUDIO\CL.read.1.tlog
D:\aestesis\code\elektroSDK\src\dancer\debug VSTUDIO\CL.write.1.tlog
D:\AESTESIS\CODE\ELEKTROSDK\SRC\DANCER\DEBUG VSTUDIO\DANCER.BSC
D:\AESTESIS\CODE\ELEKTROSDK\SRC\DANCER\DEBUG VSTUDIO\DANCER.DLL.EMBED.MANIFEST
D:\AESTESIS\CODE\ELEKTROSDK\SRC\DANCER\DEBUG VSTUDIO\DANCER.DLL.EMBED.MANIFEST.RES
D:\AESTESIS\CODE\ELEKTROSDK\SRC\DANCER\DEBUG VSTUDIO\DANCER.DLL.INTERMEDIATE.MANIFEST
D:\AESTESIS\CODE\ELEKTROSDK\SRC\DANCER\DEBUG VSTUDIO\DANCER.RES
D:\aestesis\code\elektroSDK\src\dancer\debug VSTUDIO\dancer.write.1.tlog
D:\aestesis\code\elektroSDK\src\dancer\debug VSTUDIO\dancer_manifest.rc
D:\aestesis\code\elektroSDK\src\dancer\debug VSTUDIO\link.command.1.tlog
D:\aestesis\code\elektroSDK\src\dancer\debug VSTUDIO\link.read.1.tlog
D:\aestesis\code\elektroSDK\src\dancer\debug VSTUDIO\link.write.1.tlog
D:\aestesis\code\elektroSDK\src\dancer\debug VSTUDIO\link-cvtres.read.1.tlog
D:\aestesis\code\elektroSDK\src\dancer\debug VSTUDIO\link-cvtres.write.1.tlog
D:\AESTESIS\CODE\ELEKTROSDK\SRC\DANCER\DEBUG VSTUDIO\MAIN.SBR
D:\AESTESIS\CODE\ELEKTROSDK\SRC\DANCER\DEBUG VSTUDIO\MATRICE.SBR
D:\aestesis\code\elektroSDK\src\dancer\debug VSTUDIO\mt.command.1.tlog
D:\aestesis\code\elektroSDK\src\dancer\debug VSTUDIO\mt.read.1.tlog
D:\aestesis\code\elektroSDK\src\dancer\debug VSTUDIO\mt.write.1.tlog
D:\aestesis\code\elektroSDK\src\dancer\debug VSTUDIO\rc.command.1.tlog
D:\aestesis\code\elektroSDK\src\dancer\debug VSTUDIO\rc.read.1.tlog
D:\aestesis\code\elektroSDK\src\dancer\debug VSTUDIO\rc.write.1.tlog
debug VSTUDIO\dancer.bsc
