D:\AESTESIS\CODE\ELEKTROSDK\ELEKTRONIKA\PLUGINS\DANCER.DLL
D:\aestesis\code\elektroSDK\src\dancer\Release VSTUDIO\cl.command.1.tlog
D:\aestesis\code\elektroSDK\src\dancer\Release VSTUDIO\CL.read.1.tlog
D:\aestesis\code\elektroSDK\src\dancer\Release VSTUDIO\CL.write.1.tlog
D:\AESTESIS\CODE\ELEKTROSDK\SRC\DANCER\RELEASE VSTUDIO\DANCER.DLL.INTERMEDIATE.MANIFEST
D:\AESTESIS\CODE\ELEKTROSDK\SRC\DANCER\RELEASE VSTUDIO\DANCER.RES
D:\aestesis\code\elektroSDK\src\dancer\Release VSTUDIO\dancer.write.1.tlog
D:\aestesis\code\elektroSDK\src\dancer\Release VSTUDIO\link.command.1.tlog
D:\aestesis\code\elektroSDK\src\dancer\Release VSTUDIO\link.read.1.tlog
D:\aestesis\code\elektroSDK\src\dancer\Release VSTUDIO\link.write.1.tlog
D:\aestesis\code\elektroSDK\src\dancer\Release VSTUDIO\link-cvtres.read.1.tlog
D:\aestesis\code\elektroSDK\src\dancer\Release VSTUDIO\link-cvtres.write.1.tlog
D:\aestesis\code\elektroSDK\src\dancer\Release VSTUDIO\mt.command.1.tlog
D:\aestesis\code\elektroSDK\src\dancer\Release VSTUDIO\mt.read.1.tlog
D:\aestesis\code\elektroSDK\src\dancer\Release VSTUDIO\mt.write.1.tlog
D:\aestesis\code\elektroSDK\src\dancer\Release VSTUDIO\rc.command.1.tlog
D:\aestesis\code\elektroSDK\src\dancer\Release VSTUDIO\rc.read.1.tlog
D:\aestesis\code\elektroSDK\src\dancer\Release VSTUDIO\rc.write.1.tlog
D:\AESTESIS\CODE\ELEKTROSDK\SRC\DANCER\RELEASE\ANIMAT.OBJ
D:\aestesis\code\elektroSDK\src\dancer\Release\dancer.exp
D:\aestesis\code\elektroSDK\src\dancer\Release\dancer.lib
D:\AESTESIS\CODE\ELEKTROSDK\SRC\DANCER\RELEASE\MAIN.OBJ
D:\AESTESIS\CODE\ELEKTROSDK\SRC\DANCER\RELEASE\MATRICE.OBJ
D:\AESTESIS\CODE\ELEKTROSDK\SRC\DANCER\RELEASE\VC100.PDB
