D:\AESTESIS\CODE\ELEKTROSDK\ELEKTRONIKA\COMOBJECTS.DLL
D:\AESTESIS\CODE\ELEKTROSDK\SRC\COMOBJECTS\COMOBJECTS_H.H
D:\AESTESIS\CODE\ELEKTROSDK\SRC\COMOBJECTS\COMOBJECTS_I.C
D:\AESTESIS\CODE\ELEKTROSDK\SRC\COMOBJECTS\COMOBJECTS_P.C
D:\aestesis\code\elektroSDK\src\COMobjects\Release VSTUDIO\cl.command.1.tlog
D:\aestesis\code\elektroSDK\src\COMobjects\Release VSTUDIO\CL.read.1.tlog
D:\aestesis\code\elektroSDK\src\COMobjects\Release VSTUDIO\CL.write.1.tlog
D:\AESTESIS\CODE\ELEKTROSDK\SRC\COMOBJECTS\RELEASE VSTUDIO\COMOBJECTS.DLL.INTERMEDIATE.MANIFEST
D:\aestesis\code\elektroSDK\src\COMobjects\Release VSTUDIO\COMobjects.exp
D:\aestesis\code\elektroSDK\src\COMobjects\Release VSTUDIO\COMobjects.lib
D:\AESTESIS\CODE\ELEKTROSDK\SRC\COMOBJECTS\RELEASE VSTUDIO\COMOBJECTS.OBJ
D:\AESTESIS\CODE\ELEKTROSDK\SRC\COMOBJECTS\RELEASE VSTUDIO\COMOBJECTS.PCH
D:\AESTESIS\CODE\ELEKTROSDK\SRC\COMOBJECTS\RELEASE VSTUDIO\COMOBJECTS.RES
D:\aestesis\code\elektroSDK\src\COMobjects\Release VSTUDIO\COMobjects.write.1.tlog
D:\AESTESIS\CODE\ELEKTROSDK\SRC\COMOBJECTS\RELEASE VSTUDIO\COMOBJECTS_I.OBJ
D:\AESTESIS\CODE\ELEKTROSDK\SRC\COMOBJECTS\RELEASE VSTUDIO\CSUM.OBJ
D:\aestesis\code\elektroSDK\src\COMobjects\Release VSTUDIO\link.command.1.tlog
D:\aestesis\code\elektroSDK\src\COMobjects\Release VSTUDIO\link.read.1.tlog
D:\aestesis\code\elektroSDK\src\COMobjects\Release VSTUDIO\link.write.1.tlog
D:\aestesis\code\elektroSDK\src\COMobjects\Release VSTUDIO\link-cvtres.read.1.tlog
D:\aestesis\code\elektroSDK\src\COMobjects\Release VSTUDIO\link-cvtres.write.1.tlog
D:\aestesis\code\elektroSDK\src\COMobjects\Release VSTUDIO\midl.command.1.tlog
D:\aestesis\code\elektroSDK\src\COMobjects\Release VSTUDIO\midl.read.1.tlog
D:\aestesis\code\elektroSDK\src\COMobjects\Release VSTUDIO\midl.write.1.tlog
D:\aestesis\code\elektroSDK\src\COMobjects\Release VSTUDIO\midl-midlc.read.1.tlog
D:\aestesis\code\elektroSDK\src\COMobjects\Release VSTUDIO\midl-midlc.write.1.tlog
D:\aestesis\code\elektroSDK\src\COMobjects\Release VSTUDIO\midl-midlc-cl.read.1.tlog
D:\aestesis\code\elektroSDK\src\COMobjects\Release VSTUDIO\mt.command.1.tlog
D:\aestesis\code\elektroSDK\src\COMobjects\Release VSTUDIO\mt.read.1.tlog
D:\aestesis\code\elektroSDK\src\COMobjects\Release VSTUDIO\mt.write.1.tlog
D:\aestesis\code\elektroSDK\src\COMobjects\Release VSTUDIO\rc.command.1.tlog
D:\aestesis\code\elektroSDK\src\COMobjects\Release VSTUDIO\rc.read.1.tlog
D:\aestesis\code\elektroSDK\src\COMobjects\Release VSTUDIO\rc.write.1.tlog
D:\AESTESIS\CODE\ELEKTROSDK\SRC\COMOBJECTS\RELEASE VSTUDIO\REGISTRY.OBJ
D:\AESTESIS\CODE\ELEKTROSDK\SRC\COMOBJECTS\RELEASE VSTUDIO\STDAFX.OBJ
