Build started 01/09/2011 19:09:31.
     1>Project "D:\aestesis\code\elektroSDK\src\zlib\zlib.vcxproj" on node 2 (build target(s)).
     1>InitializeBuildStatus:
         Creating "Release VSTUDIO\zlib.unsuccessfulbuild" because "AlwaysCreate" was specified.
       ClCompile:
         C:\Program Files (x86)\Microsoft Visual Studio 10.0\VC\bin\CL.exe /c /Zi /nologo /W3 /WX- /O2 /Ob2 /Ot /Oy- /GT /D WIN32 /D NDEBUG /D _LIB /D _MBCS /GF /Gm- /EHsc /MD /GS /Gy- /arch:SSE /fp:precise /Zc:wchar_t /Zc:forScope /Fo".\Release/" /Fd".\Release/vc100.pdb" /Gd /TC /analyze- /errorReport:prompt adler32.c compress.c crc32.c deflate.c infblock.c infcodes.c inffast.c inflate.c inftrees.c infutil.c trees.c uncompr.c zutil.c
         adler32.c
         compress.c
         crc32.c
         deflate.c
         infblock.c
         infcodes.c
         inffast.c
         inflate.c
         inftrees.c
         infutil.c
         trees.c
         uncompr.c
         zutil.c
         Generating Code...
       Lib:
         C:\Program Files (x86)\Microsoft Visual Studio 10.0\VC\bin\Lib.exe /OUT:"D:\aestesis\code\elektroSDK\sdk\lib\zlib.lib" /NOLOGO .\Release/adler32.obj
         .\Release/compress.obj
         .\Release/crc32.obj
         .\Release/deflate.obj
         .\Release/infblock.obj
         .\Release/infcodes.obj
         .\Release/inffast.obj
         .\Release/inflate.obj
         .\Release/inftrees.obj
         .\Release/infutil.obj
         .\Release/trees.obj
         .\Release/uncompr.obj
         .\Release/zutil.obj
         zlib.vcxproj -> D:\aestesis\code\elektroSDK\sdk\lib\zlib.lib
       FinalizeBuildStatus:
         Deleting file "Release VSTUDIO\zlib.unsuccessfulbuild".
         Touching "Release VSTUDIO\zlib.lastbuildstate".
     1>Done Building Project "D:\aestesis\code\elektroSDK\src\zlib\zlib.vcxproj" (build target(s)).

Build succeeded.

Time Elapsed 00:00:01.28
