D:\AESTESIS\CODE\ELEKTROSDK\SDK\LIB\ZLIB.LIB
D:\aestesis\code\elektroSDK\src\zlib\Release VSTUDIO\cl.command.1.tlog
D:\aestesis\code\elektroSDK\src\zlib\Release VSTUDIO\CL.read.1.tlog
D:\aestesis\code\elektroSDK\src\zlib\Release VSTUDIO\CL.write.1.tlog
D:\aestesis\code\elektroSDK\src\zlib\Release VSTUDIO\lib.command.1.tlog
D:\aestesis\code\elektroSDK\src\zlib\Release VSTUDIO\Lib-link.read.1.tlog
D:\aestesis\code\elektroSDK\src\zlib\Release VSTUDIO\Lib-link.write.1.tlog
D:\AESTESIS\CODE\ELEKTROSDK\SRC\ZLIB\RELEASE\ADLER32.OBJ
D:\AESTESIS\CODE\ELEKTROSDK\SRC\ZLIB\RELEASE\COMPRESS.OBJ
D:\AESTESIS\CODE\ELEKTROSDK\SRC\ZLIB\RELEASE\CRC32.OBJ
D:\AESTESIS\CODE\ELEKTROSDK\SRC\ZLIB\RELEASE\DEFLATE.OBJ
D:\AESTESIS\CODE\ELEKTROSDK\SRC\ZLIB\RELEASE\INFBLOCK.OBJ
D:\AESTESIS\CODE\ELEKTROSDK\SRC\ZLIB\RELEASE\INFCODES.OBJ
D:\AESTESIS\CODE\ELEKTROSDK\SRC\ZLIB\RELEASE\INFFAST.OBJ
D:\AESTESIS\CODE\ELEKTROSDK\SRC\ZLIB\RELEASE\INFLATE.OBJ
D:\AESTESIS\CODE\ELEKTROSDK\SRC\ZLIB\RELEASE\INFTREES.OBJ
D:\AESTESIS\CODE\ELEKTROSDK\SRC\ZLIB\RELEASE\INFUTIL.OBJ
D:\AESTESIS\CODE\ELEKTROSDK\SRC\ZLIB\RELEASE\TREES.OBJ
D:\AESTESIS\CODE\ELEKTROSDK\SRC\ZLIB\RELEASE\UNCOMPR.OBJ
D:\AESTESIS\CODE\ELEKTROSDK\SRC\ZLIB\RELEASE\VC100.PDB
D:\AESTESIS\CODE\ELEKTROSDK\SRC\ZLIB\RELEASE\ZUTIL.OBJ
