D:\aestesis\code\elektroSDK\elektronika\cl.command.1.tlog
D:\aestesis\code\elektroSDK\elektronika\CL.read.1.tlog
D:\aestesis\code\elektroSDK\elektronika\CL.write.1.tlog
D:\aestesis\code\elektroSDK\elektronika\COMobjects.exp
D:\aestesis\code\elektroSDK\elektronika\eleKtro.write.1.tlog
D:\aestesis\code\elektroSDK\elektronika\elektronika.exp
D:\aestesis\code\elektroSDK\elektronika\RCX585.tmp
D:\aestesis\code\elektroSDK\elektronika\RCX78.tmp
D:\AESTESIS\CODE\ELEKTROSDK\SRC\ELEKTRO\RELEASE\ACONTROL.OBJ
D:\AESTESIS\CODE\ELEKTROSDK\SRC\ELEKTRO\RELEASE\BPMTRACKER.OBJ
D:\AESTESIS\CODE\ELEKTROSDK\SRC\ELEKTRO\RELEASE\CAPSULE.OBJ
D:\AESTESIS\CODE\ELEKTROSDK\SRC\ELEKTRO\RELEASE\CONNECT.OBJ
D:\AESTESIS\CODE\ELEKTROSDK\SRC\ELEKTRO\RELEASE\CTRLBUTTON.OBJ
D:\AESTESIS\CODE\ELEKTROSDK\SRC\ELEKTRO\RELEASE\EFFECT.OBJ
D:\AESTESIS\CODE\ELEKTROSDK\SRC\ELEKTRO\RELEASE\EFFECT3D.OBJ
D:\AESTESIS\CODE\ELEKTROSDK\SRC\ELEKTRO\RELEASE\EQUALIZER.OBJ
D:\AESTESIS\CODE\ELEKTROSDK\SRC\ELEKTRO\RELEASE\MAIN.OBJ
D:\AESTESIS\CODE\ELEKTROSDK\SRC\ELEKTRO\RELEASE\PADDLE.OBJ
D:\AESTESIS\CODE\ELEKTROSDK\SRC\ELEKTRO\RELEASE\PIN.OBJ
D:\AESTESIS\CODE\ELEKTROSDK\SRC\ELEKTRO\RELEASE\SAMPLE.OBJ
D:\AESTESIS\CODE\ELEKTROSDK\SRC\ELEKTRO\RELEASE\SELCOLOR.OBJ
D:\AESTESIS\CODE\ELEKTROSDK\SRC\ELEKTRO\RELEASE\SELECT.OBJ
D:\AESTESIS\CODE\ELEKTROSDK\SRC\ELEKTRO\RELEASE\SELECTVIEW.OBJ
D:\AESTESIS\CODE\ELEKTROSDK\SRC\ELEKTRO\RELEASE\SELPAD.OBJ
D:\AESTESIS\CODE\ELEKTROSDK\SRC\ELEKTRO\RELEASE\SEQUENCER.OBJ
D:\AESTESIS\CODE\ELEKTROSDK\SRC\ELEKTRO\RELEASE\SIMPLE.OBJ
D:\AESTESIS\CODE\ELEKTROSDK\SRC\ELEKTRO\RELEASE\SLIDER.OBJ
D:\AESTESIS\CODE\ELEKTROSDK\SRC\ELEKTRO\RELEASE\TABLE.OBJ
D:\AESTESIS\CODE\ELEKTROSDK\SRC\ELEKTRO\RELEASE\TCPREMOTE.OBJ
D:\AESTESIS\CODE\ELEKTROSDK\SRC\ELEKTRO\RELEASE\TIMELINE.OBJ
D:\AESTESIS\CODE\ELEKTROSDK\SRC\ELEKTRO\RELEASE\TRANSITION.OBJ
D:\AESTESIS\CODE\ELEKTROSDK\SRC\ELEKTRO\RELEASE\TRIGGER.OBJ
D:\AESTESIS\CODE\ELEKTROSDK\SRC\ELEKTRO\RELEASE\VIDEO.OBJ
D:\AESTESIS\CODE\ELEKTROSDK\SRC\ELEKTRO\RELEASE\ZONE.OBJ
