D:\AESTESIS\CODE\ELEKTROSDK\ELEKTRONIKA\OMPP\VIDEOPLAYER.DLL
D:\AESTESIS\CODE\ELEKTROSDK\ELEKTRONIKA\OMPP\VIDEOPLAYER.ILK
D:\aestesis\code\elektroSDK\ompp\videoPlayer\videoPlayer\Debug\cl.command.1.tlog
D:\aestesis\code\elektroSDK\ompp\videoPlayer\videoPlayer\Debug\CL.read.1.tlog
D:\aestesis\code\elektroSDK\ompp\videoPlayer\videoPlayer\Debug\CL.write.1.tlog
D:\aestesis\code\elektroSDK\ompp\videoPlayer\videoPlayer\Debug\link.5720.read.1.tlog
D:\aestesis\code\elektroSDK\ompp\videoPlayer\videoPlayer\Debug\link.5720.write.1.tlog
D:\aestesis\code\elektroSDK\ompp\videoPlayer\videoPlayer\Debug\link.5720-cvtres.read.1.tlog
D:\aestesis\code\elektroSDK\ompp\videoPlayer\videoPlayer\Debug\link.5720-cvtres.write.1.tlog
D:\aestesis\code\elektroSDK\ompp\videoPlayer\videoPlayer\Debug\link.command.1.tlog
D:\aestesis\code\elektroSDK\ompp\videoPlayer\videoPlayer\Debug\link.read.1.tlog
D:\aestesis\code\elektroSDK\ompp\videoPlayer\videoPlayer\Debug\link.write.1.tlog
D:\aestesis\code\elektroSDK\ompp\videoPlayer\videoPlayer\Debug\link-cvtres.read.1.tlog
D:\aestesis\code\elektroSDK\ompp\videoPlayer\videoPlayer\Debug\link-cvtres.write.1.tlog
D:\aestesis\code\elektroSDK\ompp\videoPlayer\videoPlayer\Debug\mt.command.1.tlog
D:\aestesis\code\elektroSDK\ompp\videoPlayer\videoPlayer\Debug\mt.read.1.tlog
D:\aestesis\code\elektroSDK\ompp\videoPlayer\videoPlayer\Debug\mt.write.1.tlog
D:\AESTESIS\CODE\ELEKTROSDK\OMPP\VIDEOPLAYER\VIDEOPLAYER\DEBUG\QTHELPERS.OBJ
D:\aestesis\code\elektroSDK\ompp\videoPlayer\videoPlayer\Debug\rc.command.1.tlog
D:\aestesis\code\elektroSDK\ompp\videoPlayer\videoPlayer\Debug\rc.read.1.tlog
D:\aestesis\code\elektroSDK\ompp\videoPlayer\videoPlayer\Debug\rc.write.1.tlog
D:\aestesis\code\elektroSDK\ompp\videoPlayer\videoPlayer\Debug\vc100.idb
D:\AESTESIS\CODE\ELEKTROSDK\OMPP\VIDEOPLAYER\VIDEOPLAYER\DEBUG\VC100.PDB
D:\AESTESIS\CODE\ELEKTROSDK\OMPP\VIDEOPLAYER\VIDEOPLAYER\DEBUG\VIDEOPLAYER.DLL.EMBED.MANIFEST
D:\AESTESIS\CODE\ELEKTROSDK\OMPP\VIDEOPLAYER\VIDEOPLAYER\DEBUG\VIDEOPLAYER.DLL.EMBED.MANIFEST.RES
D:\AESTESIS\CODE\ELEKTROSDK\OMPP\VIDEOPLAYER\VIDEOPLAYER\DEBUG\VIDEOPLAYER.DLL.INTERMEDIATE.MANIFEST
D:\AESTESIS\CODE\ELEKTROSDK\OMPP\VIDEOPLAYER\VIDEOPLAYER\DEBUG\VIDEOPLAYER.OBJ
D:\aestesis\code\elektroSDK\ompp\videoPlayer\videoPlayer\Debug\videoPlayer.write.1.tlog
D:\aestesis\code\elektroSDK\ompp\videoPlayer\videoPlayer\Debug\videoPlayer_manifest.rc
D:\aestesis\code\elektroSDK\project\Debug\videoPlayer.exp
D:\aestesis\code\elektroSDK\project\Debug\videoPlayer.lib
D:\AESTESIS\CODE\ELEKTROSDK\PROJECT\DEBUG\VIDEOPLAYER.PDB
