Build started 06/12/2010 06:35:08.
     1>Project "D:\aestesis\code\elektroSDK\ompp\videoPlayer\videoPlayer\videoPlayer.vcxproj" on node 4 (build target(s)).
     1>InitializeBuildStatus:
         Creating "Debug\videoPlayer.unsuccessfulbuild" because "AlwaysCreate" was specified.
       ClCompile:
         C:\Program Files (x86)\Microsoft Visual Studio 10.0\VC\bin\CL.exe /c /I..\..\..\sdk\inc\ALib /I..\..\..\sdk\inc\ompp /I"C:\Program Files (x86)\QuickTime SDK\CIncludes" /ZI /nologo /W3 /WX- /Od /Oy- /D WIN32 /D _DEBUG /D _WINDOWS /D _USRDLL /D VIDEOPLAYER_EXPORTS /D _CRT_SECURE_NO_DEPRECATE /D _WINDLL /D _UNICODE /D UNICODE /Gm /EHsc /RTC1 /MDd /GS /fp:precise /Zc:wchar_t /Zc:forScope /Fo"Debug\\" /Fd"Debug\vc100.pdb" /Gd /TP /analyze- /errorReport:prompt QThelpers.cpp videoPlayer.cpp
         videoPlayer.cpp
         QThelpers.cpp
         Generating Code...
       ManifestResourceCompile:
         C:\Program Files (x86)\Microsoft SDKs\Windows\v7.0A\bin\rc.exe /nologo /fo"Debug\videoPlayer.dll.embed.manifest.res" Debug\videoPlayer_manifest.rc 
     1>C:\Program Files (x86)\MSBuild\Microsoft.Cpp\v4.0\Microsoft.CppBuild.targets(990,5): warning MSB8012: TargetPath(D:\aestesis\code\elektroSDK\project\Debug\videoPlayer.dll) does not match the Linker's OutputFile property value (D:\aestesis\code\elektroSDK\elektronika\ompp\videoPlayer.dll). This may cause your project to build incorrectly. To correct this, please make sure that $(OutDir), $(TargetName) and $(TargetExt) property values match the value specified in %(Link.OutputFile).
       Link:
         C:\Program Files (x86)\Microsoft Visual Studio 10.0\VC\bin\link.exe /ERRORREPORT:PROMPT /OUT:"../../../elektronika/ompp/videoPlayer.dll" /INCREMENTAL /NOLOGO /LIBPATH:"C:\Program Files (x86)\QuickTime SDK\Libraries" kernel32.lib user32.lib gdi32.lib winspool.lib comdlg32.lib advapi32.lib shell32.lib ole32.lib oleaut32.lib uuid.lib odbc32.lib odbccp32.lib /MANIFEST /ManifestFile:"Debug\videoPlayer.dll.intermediate.manifest" /MANIFESTUAC:"level='asInvoker' uiAccess='false'" /DEBUG /PDB:"D:\aestesis\code\elektroSDK\project\Debug\videoPlayer.pdb" /SUBSYSTEM:WINDOWS /TLBID:1 /DYNAMICBASE:NO /IMPLIB:"D:\aestesis\code\elektroSDK\project\Debug\videoPlayer.lib" /MACHINE:X86 /DLL Debug\videoPlayer.dll.embed.manifest.res
         Debug\QThelpers.obj
         Debug\videoPlayer.obj
         ..\..\..\sdk\lib\alib100.lib
         "C:\Program Files\QuickTime SDK\Libraries\qtmlClient.lib"
         D:\aestesis\code\elektroSDK\src\Alib\Debug\alib100.lib
         D:\aestesis\code\elektroSDK\src\eleKtro\Debug\eleKtro.lib
            Creating library D:\aestesis\code\elektroSDK\project\Debug\videoPlayer.lib and object D:\aestesis\code\elektroSDK\project\Debug\videoPlayer.exp
     1>LINK : warning LNK4098: defaultlib 'LIBCMT' conflicts with use of other libs; use /NODEFAULTLIB:library
       Manifest:
         C:\Program Files (x86)\Microsoft SDKs\Windows\v7.0A\bin\mt.exe /nologo /verbose /out:"Debug\videoPlayer.dll.embed.manifest" /manifest Debug\videoPlayer.dll.intermediate.manifest
         C:\Program Files (x86)\Microsoft SDKs\Windows\v7.0A\bin\rc.exe /nologo /fo"Debug\videoPlayer.dll.embed.manifest.res" Debug\videoPlayer_manifest.rc 
       LinkEmbedManifest:
         C:\Program Files (x86)\Microsoft Visual Studio 10.0\VC\bin\link.exe /ERRORREPORT:PROMPT /OUT:"../../../elektronika/ompp/videoPlayer.dll" /INCREMENTAL /NOLOGO /LIBPATH:"C:\Program Files (x86)\QuickTime SDK\Libraries" kernel32.lib user32.lib gdi32.lib winspool.lib comdlg32.lib advapi32.lib shell32.lib ole32.lib oleaut32.lib uuid.lib odbc32.lib odbccp32.lib /MANIFEST /ManifestFile:"Debug\videoPlayer.dll.intermediate.manifest" /MANIFESTUAC:"level='asInvoker' uiAccess='false'" /DEBUG /PDB:"D:\aestesis\code\elektroSDK\project\Debug\videoPlayer.pdb" /SUBSYSTEM:WINDOWS /TLBID:1 /DYNAMICBASE:NO /IMPLIB:"D:\aestesis\code\elektroSDK\project\Debug\videoPlayer.lib" /MACHINE:X86 /DLL Debug\videoPlayer.dll.embed.manifest.res
         Debug\QThelpers.obj
         Debug\videoPlayer.obj
         ..\..\..\sdk\lib\alib100.lib
         "C:\Program Files\QuickTime SDK\Libraries\qtmlClient.lib"
         D:\aestesis\code\elektroSDK\src\Alib\Debug\alib100.lib
         D:\aestesis\code\elektroSDK\src\eleKtro\Debug\eleKtro.lib
            Creating library D:\aestesis\code\elektroSDK\project\Debug\videoPlayer.lib and object D:\aestesis\code\elektroSDK\project\Debug\videoPlayer.exp
     1>LINK : warning LNK4098: defaultlib 'LIBCMT' conflicts with use of other libs; use /NODEFAULTLIB:library
         videoPlayer.vcxproj -> D:\aestesis\code\elektroSDK\project\Debug\videoPlayer.dll
       FinalizeBuildStatus:
         Deleting file "Debug\videoPlayer.unsuccessfulbuild".
         Touching "Debug\videoPlayer.lastbuildstate".
     1>Done Building Project "D:\aestesis\code\elektroSDK\ompp\videoPlayer\videoPlayer\videoPlayer.vcxproj" (build target(s)).

Build succeeded.

Time Elapsed 00:00:18.64
