Build started 11/09/2011 01:29:12.
     1>Project "D:\aestesis\code\elektroSDK\src\remote\remote.vcxproj" on node 6 (build target(s)).
     1>InitializeBuildStatus:
         Creating "Release VSTUDIO\remote.unsuccessfulbuild" because "AlwaysCreate" was specified.
       ClCompile:
         All outputs are up-to-date.
       ResourceCompile:
         All outputs are up-to-date.
     1>C:\Program Files (x86)\MSBuild\Microsoft.Cpp\v4.0\Microsoft.CppBuild.targets(990,5): warning MSB8012: TargetPath(D:\aestesis\code\elektroSDK\src\remote\Release VSTUDIO\remote.exe) does not match the Linker's OutputFile property value (D:\aestesis\code\elektroSDK\remote\remote.exe). This may cause your project to build incorrectly. To correct this, please make sure that $(OutDir), $(TargetName) and $(TargetExt) property values match the value specified in %(Link.OutputFile).
       Link:
         C:\Program Files (x86)\Microsoft Visual Studio 10.0\VC\bin\link.exe /ERRORREPORT:PROMPT /OUT:"../../remote/remote.exe" /INCREMENTAL:NO /NOLOGO /LIBPATH:..\..\sdk\lib /LIBPATH:..\xml\iconv\lib /LIBPATH:..\xml\libxml2\lib /LIBPATH:"C:\Program Files (x86)\Microsoft DirectX SDK (August 2007)\Lib\x86" iconv.lib libxml2.lib amstrmid.lib winmm.lib alib100.lib dsound.lib dxguid.lib ddraw.lib ws2_32.lib strmiids.lib opengl32.lib glu32.lib d3d9.lib d3dx9.lib kernel32.lib user32.lib gdi32.lib winspool.lib comdlg32.lib advapi32.lib shell32.lib ole32.lib oleaut32.lib uuid.lib odbc32.lib odbccp32.lib /MANIFEST /ManifestFile:"Release VSTUDIO\remote.exe.intermediate.manifest" /MANIFESTUAC:"level='asInvoker' uiAccess='false'" /PDB:"D:\aestesis\code\elektroSDK\src\remote\Release VSTUDIO\remote.pdb" /SUBSYSTEM:WINDOWS /LARGEADDRESSAWARE /OPT:REF /OPT:ICF /TLBID:1 /DYNAMICBASE:NO /IMPLIB:"Release VSTUDIO\remote.lib" /MACHINE:X86 "Release VSTUDIO\remote.res"
         "Release VSTUDIO\remote.obj"
         D:\aestesis\code\elektroSDK\src\Alib\Release\alib100.lib
         D:\aestesis\code\elektroSDK\src\eleKtro\Release\eleKtro.lib
         D:\aestesis\code\elektroSDK\sdk\lib\libpng.lib
         D:\aestesis\code\elektroSDK\sdk\lib\zlib.lib
         remote.vcxproj -> D:\aestesis\code\elektroSDK\src\remote\Release VSTUDIO\remote.exe
       Manifest:
         C:\Program Files (x86)\Microsoft SDKs\Windows\v7.0A\bin\mt.exe /nologo /verbose /outputresource:"../../remote/remote.exe;#1" /manifest "Release VSTUDIO\remote.exe.intermediate.manifest"
       CustomBuildStep:
       Skipping target "CustomBuildStep" because all output files are up-to-date with respect to the input files.
       FinalizeBuildStatus:
         Deleting file "Release VSTUDIO\remote.unsuccessfulbuild".
         Touching "Release VSTUDIO\remote.lastbuildstate".
     1>Done Building Project "D:\aestesis\code\elektroSDK\src\remote\remote.vcxproj" (build target(s)).

Build succeeded.

Time Elapsed 00:00:01.71
