D:\aestesis\code\elektroSDK\remote\alib100.dll
D:\AESTESIS\CODE\ELEKTROSDK\REMOTE\REMOTE.EXE
D:\aestesis\code\elektroSDK\src\remote\Release VSTUDIO\cl.command.1.tlog
D:\aestesis\code\elektroSDK\src\remote\Release VSTUDIO\CL.read.1.tlog
D:\aestesis\code\elektroSDK\src\remote\Release VSTUDIO\CL.write.1.tlog
D:\aestesis\code\elektroSDK\src\remote\Release VSTUDIO\link.command.1.tlog
D:\aestesis\code\elektroSDK\src\remote\Release VSTUDIO\link.read.1.tlog
D:\aestesis\code\elektroSDK\src\remote\Release VSTUDIO\link.write.1.tlog
D:\aestesis\code\elektroSDK\src\remote\Release VSTUDIO\link-cvtres.read.1.tlog
D:\aestesis\code\elektroSDK\src\remote\Release VSTUDIO\link-cvtres.write.1.tlog
D:\aestesis\code\elektroSDK\src\remote\Release VSTUDIO\mt.command.1.tlog
D:\aestesis\code\elektroSDK\src\remote\Release VSTUDIO\mt.read.1.tlog
D:\aestesis\code\elektroSDK\src\remote\Release VSTUDIO\mt.write.1.tlog
D:\aestesis\code\elektroSDK\src\remote\Release VSTUDIO\rc.command.1.tlog
D:\aestesis\code\elektroSDK\src\remote\Release VSTUDIO\rc.read.1.tlog
D:\aestesis\code\elektroSDK\src\remote\Release VSTUDIO\rc.write.1.tlog
D:\AESTESIS\CODE\ELEKTROSDK\SRC\REMOTE\RELEASE VSTUDIO\REMOTE.EXE.INTERMEDIATE.MANIFEST
D:\AESTESIS\CODE\ELEKTROSDK\SRC\REMOTE\RELEASE VSTUDIO\REMOTE.OBJ
D:\AESTESIS\CODE\ELEKTROSDK\SRC\REMOTE\RELEASE VSTUDIO\REMOTE.RES
D:\aestesis\code\elektroSDK\src\remote\Release VSTUDIO\remote.write.1.tlog
