D:\AESTESIS\CODE\ELEKTROSDK\REMOTE\REMOTE.EXE
D:\AESTESIS\CODE\ELEKTROSDK\REMOTE\REMOTE.ILK
D:\aestesis\code\elektroSDK\src\remote\debug VSTUDIO\cl.command.1.tlog
D:\aestesis\code\elektroSDK\src\remote\debug VSTUDIO\CL.read.1.tlog
D:\aestesis\code\elektroSDK\src\remote\debug VSTUDIO\CL.write.1.tlog
D:\aestesis\code\elektroSDK\src\remote\debug VSTUDIO\link.command.1.tlog
D:\aestesis\code\elektroSDK\src\remote\debug VSTUDIO\link.read.1.tlog
D:\aestesis\code\elektroSDK\src\remote\debug VSTUDIO\link.write.1.tlog
D:\aestesis\code\elektroSDK\src\remote\debug VSTUDIO\link-cvtres.read.1.tlog
D:\aestesis\code\elektroSDK\src\remote\debug VSTUDIO\link-cvtres.write.1.tlog
D:\aestesis\code\elektroSDK\src\remote\debug VSTUDIO\mt.command.1.tlog
D:\aestesis\code\elektroSDK\src\remote\debug VSTUDIO\mt.read.1.tlog
D:\aestesis\code\elektroSDK\src\remote\debug VSTUDIO\mt.write.1.tlog
D:\aestesis\code\elektroSDK\src\remote\debug VSTUDIO\rc.command.1.tlog
D:\aestesis\code\elektroSDK\src\remote\debug VSTUDIO\rc.read.1.tlog
D:\aestesis\code\elektroSDK\src\remote\debug VSTUDIO\rc.write.1.tlog
D:\AESTESIS\CODE\ELEKTROSDK\SRC\REMOTE\DEBUG VSTUDIO\REMOTE.EXE.EMBED.MANIFEST
D:\AESTESIS\CODE\ELEKTROSDK\SRC\REMOTE\DEBUG VSTUDIO\REMOTE.EXE.EMBED.MANIFEST.RES
D:\AESTESIS\CODE\ELEKTROSDK\SRC\REMOTE\DEBUG VSTUDIO\REMOTE.EXE.INTERMEDIATE.MANIFEST
D:\AESTESIS\CODE\ELEKTROSDK\SRC\REMOTE\DEBUG VSTUDIO\REMOTE.OBJ
D:\AESTESIS\CODE\ELEKTROSDK\SRC\REMOTE\DEBUG VSTUDIO\REMOTE.PDB
D:\AESTESIS\CODE\ELEKTROSDK\SRC\REMOTE\DEBUG VSTUDIO\REMOTE.RES
D:\aestesis\code\elektroSDK\src\remote\debug VSTUDIO\remote.write.1.tlog
D:\aestesis\code\elektroSDK\src\remote\debug VSTUDIO\remote_manifest.rc
D:\aestesis\code\elektroSDK\src\remote\debug VSTUDIO\vc100.idb
D:\AESTESIS\CODE\ELEKTROSDK\SRC\REMOTE\DEBUG VSTUDIO\VC100.PDB
debug VSTUDIO\remote.pdb
