D:\AESTESIS\CODE\ELEKTROSDK\ELEKTRONIKA\ELEKTRONIKA.EXE
D:\AESTESIS\CODE\ELEKTROSDK\ELEKTRONIKA\ELEKTRONIKA.ILK
D:\AESTESIS\CODE\ELEKTROSDK\SRC\ELEKTRONIKA\DEBUG VSTUDIO\AASIO.SBR
D:\AESTESIS\CODE\ELEKTROSDK\SRC\ELEKTRONIKA\DEBUG VSTUDIO\ABOUT.SBR
D:\AESTESIS\CODE\ELEKTROSDK\SRC\ELEKTRONIKA\DEBUG VSTUDIO\AESTESIS.SBR
D:\AESTESIS\CODE\ELEKTROSDK\SRC\ELEKTRONIKA\DEBUG VSTUDIO\ASIO.SBR
D:\AESTESIS\CODE\ELEKTROSDK\SRC\ELEKTRONIKA\DEBUG VSTUDIO\ASIODRIVERS.SBR
D:\AESTESIS\CODE\ELEKTROSDK\SRC\ELEKTRONIKA\DEBUG VSTUDIO\ASIOLIST.SBR
D:\AESTESIS\CODE\ELEKTROSDK\SRC\ELEKTRONIKA\DEBUG VSTUDIO\AUTOMIX.SBR
D:\AESTESIS\CODE\ELEKTROSDK\SRC\ELEKTRONIKA\DEBUG VSTUDIO\BACKGROUND.SBR
D:\AESTESIS\CODE\ELEKTROSDK\SRC\ELEKTRONIKA\DEBUG VSTUDIO\BAND.SBR
D:\aestesis\code\elektroSDK\src\elektronika\debug VSTUDIO\BscMake.command.1.tlog
D:\aestesis\code\elektroSDK\src\elektronika\debug VSTUDIO\bscmake.read.1.tlog
D:\aestesis\code\elektroSDK\src\elektronika\debug VSTUDIO\bscmake.write.1.tlog
D:\aestesis\code\elektroSDK\src\elektronika\debug VSTUDIO\cl.command.1.tlog
D:\aestesis\code\elektroSDK\src\elektronika\debug VSTUDIO\CL.read.1.tlog
D:\aestesis\code\elektroSDK\src\elektronika\debug VSTUDIO\CL.write.1.tlog
D:\AESTESIS\CODE\ELEKTROSDK\SRC\ELEKTRONIKA\DEBUG VSTUDIO\COLOR.SBR
D:\AESTESIS\CODE\ELEKTROSDK\SRC\ELEKTRONIKA\DEBUG VSTUDIO\COMPUTERINFO.SBR
D:\AESTESIS\CODE\ELEKTROSDK\SRC\ELEKTRONIKA\DEBUG VSTUDIO\CONFIG.SBR
D:\AESTESIS\CODE\ELEKTROSDK\SRC\ELEKTRONIKA\DEBUG VSTUDIO\DISPATCH.SBR
D:\AESTESIS\CODE\ELEKTROSDK\SRC\ELEKTRONIKA\DEBUG VSTUDIO\DVCAP.SBR
D:\AESTESIS\CODE\ELEKTROSDK\SRC\ELEKTRONIKA\DEBUG VSTUDIO\DXFILTER.SBR
D:\AESTESIS\CODE\ELEKTROSDK\SRC\ELEKTRONIKA\DEBUG VSTUDIO\EF3D-CUBE.SBR
D:\AESTESIS\CODE\ELEKTROSDK\SRC\ELEKTRONIKA\DEBUG VSTUDIO\EF3D-META.SBR
D:\AESTESIS\CODE\ELEKTROSDK\SRC\ELEKTRONIKA\DEBUG VSTUDIO\EF3D-MORPH.SBR
D:\AESTESIS\CODE\ELEKTROSDK\SRC\ELEKTRONIKA\DEBUG VSTUDIO\EF3D-MORPH2.SBR
D:\AESTESIS\CODE\ELEKTROSDK\SRC\ELEKTRONIKA\DEBUG VSTUDIO\EF3D-NODE.SBR
D:\AESTESIS\CODE\ELEKTROSDK\SRC\ELEKTRONIKA\DEBUG VSTUDIO\EF3D-PIXEL.SBR
D:\AESTESIS\CODE\ELEKTROSDK\SRC\ELEKTRONIKA\DEBUG VSTUDIO\EF3D-STREAM.SBR
D:\AESTESIS\CODE\ELEKTROSDK\SRC\ELEKTRONIKA\DEBUG VSTUDIO\EF3D-TEST.SBR
D:\AESTESIS\CODE\ELEKTROSDK\SRC\ELEKTRONIKA\DEBUG VSTUDIO\EF3D-TEXT.SBR
D:\AESTESIS\CODE\ELEKTROSDK\SRC\ELEKTRONIKA\DEBUG VSTUDIO\EF3D-TUNEL.SBR
D:\AESTESIS\CODE\ELEKTROSDK\SRC\ELEKTRONIKA\DEBUG VSTUDIO\EF3D-VIDEO.SBR
D:\AESTESIS\CODE\ELEKTROSDK\SRC\ELEKTRONIKA\DEBUG VSTUDIO\EF3D-ZOOM.SBR
D:\AESTESIS\CODE\ELEKTROSDK\SRC\ELEKTRONIKA\DEBUG VSTUDIO\ELEKTRONIKA.BSC
D:\AESTESIS\CODE\ELEKTROSDK\SRC\ELEKTRONIKA\DEBUG VSTUDIO\ELEKTRONIKA.EXE.EMBED.MANIFEST
D:\AESTESIS\CODE\ELEKTROSDK\SRC\ELEKTRONIKA\DEBUG VSTUDIO\ELEKTRONIKA.EXE.EMBED.MANIFEST.RES
D:\AESTESIS\CODE\ELEKTROSDK\SRC\ELEKTRONIKA\DEBUG VSTUDIO\ELEKTRONIKA.EXE.INTERMEDIATE.MANIFEST
D:\AESTESIS\CODE\ELEKTROSDK\SRC\ELEKTRONIKA\DEBUG VSTUDIO\ELEKTRONIKA.RES
D:\aestesis\code\elektroSDK\src\elektronika\debug VSTUDIO\elektronika.write.1.tlog
D:\aestesis\code\elektroSDK\src\elektronika\debug VSTUDIO\elektronika_manifest.rc
D:\AESTESIS\CODE\ELEKTROSDK\SRC\ELEKTRONIKA\DEBUG VSTUDIO\EXPLORER.SBR
D:\AESTESIS\CODE\ELEKTROSDK\SRC\ELEKTRONIKA\DEBUG VSTUDIO\EXPORT.SBR
D:\AESTESIS\CODE\ELEKTROSDK\SRC\ELEKTRONIKA\DEBUG VSTUDIO\FFRAME.SBR
D:\AESTESIS\CODE\ELEKTROSDK\SRC\ELEKTRONIKA\DEBUG VSTUDIO\GRAB.SBR
D:\aestesis\code\elektroSDK\src\elektronika\debug VSTUDIO\link.command.1.tlog
D:\aestesis\code\elektroSDK\src\elektronika\debug VSTUDIO\link.read.1.tlog
D:\aestesis\code\elektroSDK\src\elektronika\debug VSTUDIO\link.write.1.tlog
D:\aestesis\code\elektroSDK\src\elektronika\debug VSTUDIO\link-cvtres.read.1.tlog
D:\aestesis\code\elektroSDK\src\elektronika\debug VSTUDIO\link-cvtres.write.1.tlog
D:\AESTESIS\CODE\ELEKTROSDK\SRC\ELEKTRONIKA\DEBUG VSTUDIO\LOOP.SBR
D:\AESTESIS\CODE\ELEKTROSDK\SRC\ELEKTRONIKA\DEBUG VSTUDIO\MAIN.SBR
D:\AESTESIS\CODE\ELEKTROSDK\SRC\ELEKTRONIKA\DEBUG VSTUDIO\MD5.SBR
D:\AESTESIS\CODE\ELEKTROSDK\SRC\ELEKTRONIKA\DEBUG VSTUDIO\MIMIX.SBR
D:\aestesis\code\elektroSDK\src\elektronika\debug VSTUDIO\mt.command.1.tlog
D:\aestesis\code\elektroSDK\src\elektronika\debug VSTUDIO\mt.read.1.tlog
D:\aestesis\code\elektroSDK\src\elektronika\debug VSTUDIO\mt.write.1.tlog
D:\AESTESIS\CODE\ELEKTROSDK\SRC\ELEKTRONIKA\DEBUG VSTUDIO\NETWORK.SBR
D:\AESTESIS\CODE\ELEKTROSDK\SRC\ELEKTRONIKA\DEBUG VSTUDIO\OMPPWRAP.SBR
D:\AESTESIS\CODE\ELEKTROSDK\SRC\ELEKTRONIKA\DEBUG VSTUDIO\PRESETS.SBR
D:\AESTESIS\CODE\ELEKTROSDK\SRC\ELEKTRONIKA\DEBUG VSTUDIO\PREVIEW.SBR
D:\AESTESIS\CODE\ELEKTROSDK\SRC\ELEKTRONIKA\DEBUG VSTUDIO\PUB.SBR
D:\aestesis\code\elektroSDK\src\elektronika\debug VSTUDIO\rc.command.1.tlog
D:\aestesis\code\elektroSDK\src\elektronika\debug VSTUDIO\rc.read.1.tlog
D:\aestesis\code\elektroSDK\src\elektronika\debug VSTUDIO\rc.write.1.tlog
D:\AESTESIS\CODE\ELEKTROSDK\SRC\ELEKTRONIKA\DEBUG VSTUDIO\REGFILE.SBR
D:\AESTESIS\CODE\ELEKTROSDK\SRC\ELEKTRONIKA\DEBUG VSTUDIO\RESELLER.SBR
D:\AESTESIS\CODE\ELEKTROSDK\SRC\ELEKTRONIKA\DEBUG VSTUDIO\RHYTMBOX.SBR
D:\AESTESIS\CODE\ELEKTROSDK\SRC\ELEKTRONIKA\DEBUG VSTUDIO\SOUNDINPUT.SBR
D:\AESTESIS\CODE\ELEKTROSDK\SRC\ELEKTRONIKA\DEBUG VSTUDIO\SOUNDOUTPUT.SBR
D:\AESTESIS\CODE\ELEKTROSDK\SRC\ELEKTRONIKA\DEBUG VSTUDIO\SPHERE.SBR
D:\AESTESIS\CODE\ELEKTROSDK\SRC\ELEKTRONIKA\DEBUG VSTUDIO\STATUS.SBR
D:\AESTESIS\CODE\ELEKTROSDK\SRC\ELEKTRONIKA\DEBUG VSTUDIO\TRAIL.SBR
D:\AESTESIS\CODE\ELEKTROSDK\SRC\ELEKTRONIKA\DEBUG VSTUDIO\TRANS-COLOR.SBR
D:\AESTESIS\CODE\ELEKTROSDK\SRC\ELEKTRONIKA\DEBUG VSTUDIO\TRANS-FADE.SBR
D:\AESTESIS\CODE\ELEKTROSDK\SRC\ELEKTRONIKA\DEBUG VSTUDIO\TRANS-LUMA.SBR
D:\AESTESIS\CODE\ELEKTROSDK\SRC\ELEKTRONIKA\DEBUG VSTUDIO\TRANS-SLICE.SBR
D:\AESTESIS\CODE\ELEKTROSDK\SRC\ELEKTRONIKA\DEBUG VSTUDIO\TRANS-VIDEO.SBR
D:\AESTESIS\CODE\ELEKTROSDK\SRC\ELEKTRONIKA\DEBUG VSTUDIO\V3DOUT.SBR
D:\AESTESIS\CODE\ELEKTROSDK\SRC\ELEKTRONIKA\DEBUG VSTUDIO\VIDEOIN.SBR
D:\AESTESIS\CODE\ELEKTROSDK\SRC\ELEKTRONIKA\DEBUG VSTUDIO\VISWRP.SBR
D:\AESTESIS\CODE\ELEKTROSDK\SRC\ELEKTRONIKA\DEBUG VSTUDIO\VMIX.SBR
D:\AESTESIS\CODE\ELEKTROSDK\SRC\ELEKTRONIKA\DEBUG VSTUDIO\VOUT.SBR
D:\AESTESIS\CODE\ELEKTROSDK\SRC\ELEKTRONIKA\DEBUG VSTUDIO\VP10.SBR
D:\AESTESIS\CODE\ELEKTROSDK\SRC\ELEKTRONIKA\DEBUG VSTUDIO\VPONE.SBR
D:\AESTESIS\CODE\ELEKTROSDK\SRC\ELEKTRONIKA\DEBUG VSTUDIO\WEBCLIENT.SBR
D:\AESTESIS\CODE\ELEKTROSDK\SRC\ELEKTRONIKA\DEBUG VSTUDIO\WEBSRV.SBR
D:\AESTESIS\CODE\ELEKTROSDK\SRC\ELEKTRONIKA\DEBUG VSTUDIO\WMP.SBR
D:\AESTESIS\CODE\ELEKTROSDK\SRC\ELEKTRONIKA\ELEKTRONIKA___WIN32_DEBUG\AASIO.OBJ
D:\AESTESIS\CODE\ELEKTROSDK\SRC\ELEKTRONIKA\ELEKTRONIKA___WIN32_DEBUG\ABOUT.OBJ
D:\AESTESIS\CODE\ELEKTROSDK\SRC\ELEKTRONIKA\ELEKTRONIKA___WIN32_DEBUG\AESTESIS.OBJ
D:\AESTESIS\CODE\ELEKTROSDK\SRC\ELEKTRONIKA\ELEKTRONIKA___WIN32_DEBUG\ASIO.OBJ
D:\AESTESIS\CODE\ELEKTROSDK\SRC\ELEKTRONIKA\ELEKTRONIKA___WIN32_DEBUG\ASIODRIVERS.OBJ
D:\AESTESIS\CODE\ELEKTROSDK\SRC\ELEKTRONIKA\ELEKTRONIKA___WIN32_DEBUG\ASIOLIST.OBJ
D:\AESTESIS\CODE\ELEKTROSDK\SRC\ELEKTRONIKA\ELEKTRONIKA___WIN32_DEBUG\AUTOMIX.OBJ
D:\AESTESIS\CODE\ELEKTROSDK\SRC\ELEKTRONIKA\ELEKTRONIKA___WIN32_DEBUG\BACKGROUND.OBJ
D:\AESTESIS\CODE\ELEKTROSDK\SRC\ELEKTRONIKA\ELEKTRONIKA___WIN32_DEBUG\BAND.OBJ
D:\AESTESIS\CODE\ELEKTROSDK\SRC\ELEKTRONIKA\ELEKTRONIKA___WIN32_DEBUG\COLOR.OBJ
D:\AESTESIS\CODE\ELEKTROSDK\SRC\ELEKTRONIKA\ELEKTRONIKA___WIN32_DEBUG\COMPUTERINFO.OBJ
D:\AESTESIS\CODE\ELEKTROSDK\SRC\ELEKTRONIKA\ELEKTRONIKA___WIN32_DEBUG\CONFIG.OBJ
D:\AESTESIS\CODE\ELEKTROSDK\SRC\ELEKTRONIKA\ELEKTRONIKA___WIN32_DEBUG\DISPATCH.OBJ
D:\AESTESIS\CODE\ELEKTROSDK\SRC\ELEKTRONIKA\ELEKTRONIKA___WIN32_DEBUG\DVCAP.OBJ
D:\AESTESIS\CODE\ELEKTROSDK\SRC\ELEKTRONIKA\ELEKTRONIKA___WIN32_DEBUG\DXFILTER.OBJ
D:\AESTESIS\CODE\ELEKTROSDK\SRC\ELEKTRONIKA\ELEKTRONIKA___WIN32_DEBUG\EF3D-CUBE.OBJ
D:\AESTESIS\CODE\ELEKTROSDK\SRC\ELEKTRONIKA\ELEKTRONIKA___WIN32_DEBUG\EF3D-META.OBJ
D:\AESTESIS\CODE\ELEKTROSDK\SRC\ELEKTRONIKA\ELEKTRONIKA___WIN32_DEBUG\EF3D-MORPH.OBJ
D:\AESTESIS\CODE\ELEKTROSDK\SRC\ELEKTRONIKA\ELEKTRONIKA___WIN32_DEBUG\EF3D-MORPH2.OBJ
D:\AESTESIS\CODE\ELEKTROSDK\SRC\ELEKTRONIKA\ELEKTRONIKA___WIN32_DEBUG\EF3D-NODE.OBJ
D:\AESTESIS\CODE\ELEKTROSDK\SRC\ELEKTRONIKA\ELEKTRONIKA___WIN32_DEBUG\EF3D-PIXEL.OBJ
D:\AESTESIS\CODE\ELEKTROSDK\SRC\ELEKTRONIKA\ELEKTRONIKA___WIN32_DEBUG\EF3D-STREAM.OBJ
D:\AESTESIS\CODE\ELEKTROSDK\SRC\ELEKTRONIKA\ELEKTRONIKA___WIN32_DEBUG\EF3D-TEST.OBJ
D:\AESTESIS\CODE\ELEKTROSDK\SRC\ELEKTRONIKA\ELEKTRONIKA___WIN32_DEBUG\EF3D-TEXT.OBJ
D:\AESTESIS\CODE\ELEKTROSDK\SRC\ELEKTRONIKA\ELEKTRONIKA___WIN32_DEBUG\EF3D-TUNEL.OBJ
D:\AESTESIS\CODE\ELEKTROSDK\SRC\ELEKTRONIKA\ELEKTRONIKA___WIN32_DEBUG\EF3D-VIDEO.OBJ
D:\AESTESIS\CODE\ELEKTROSDK\SRC\ELEKTRONIKA\ELEKTRONIKA___WIN32_DEBUG\EF3D-ZOOM.OBJ
D:\AESTESIS\CODE\ELEKTROSDK\SRC\ELEKTRONIKA\ELEKTRONIKA___WIN32_DEBUG\ELEKTRONIKA.PDB
D:\AESTESIS\CODE\ELEKTROSDK\SRC\ELEKTRONIKA\ELEKTRONIKA___WIN32_DEBUG\EXPLORER.OBJ
D:\AESTESIS\CODE\ELEKTROSDK\SRC\ELEKTRONIKA\ELEKTRONIKA___WIN32_DEBUG\EXPORT.OBJ
D:\AESTESIS\CODE\ELEKTROSDK\SRC\ELEKTRONIKA\ELEKTRONIKA___WIN32_DEBUG\FFRAME.OBJ
D:\AESTESIS\CODE\ELEKTROSDK\SRC\ELEKTRONIKA\ELEKTRONIKA___WIN32_DEBUG\GRAB.OBJ
D:\AESTESIS\CODE\ELEKTROSDK\SRC\ELEKTRONIKA\ELEKTRONIKA___WIN32_DEBUG\LOOP.OBJ
D:\AESTESIS\CODE\ELEKTROSDK\SRC\ELEKTRONIKA\ELEKTRONIKA___WIN32_DEBUG\MAIN.OBJ
D:\AESTESIS\CODE\ELEKTROSDK\SRC\ELEKTRONIKA\ELEKTRONIKA___WIN32_DEBUG\MD5.OBJ
D:\AESTESIS\CODE\ELEKTROSDK\SRC\ELEKTRONIKA\ELEKTRONIKA___WIN32_DEBUG\MIMIX.OBJ
D:\AESTESIS\CODE\ELEKTROSDK\SRC\ELEKTRONIKA\ELEKTRONIKA___WIN32_DEBUG\NETWORK.OBJ
D:\AESTESIS\CODE\ELEKTROSDK\SRC\ELEKTRONIKA\ELEKTRONIKA___WIN32_DEBUG\OMPPWRAP.OBJ
D:\AESTESIS\CODE\ELEKTROSDK\SRC\ELEKTRONIKA\ELEKTRONIKA___WIN32_DEBUG\PRESETS.OBJ
D:\AESTESIS\CODE\ELEKTROSDK\SRC\ELEKTRONIKA\ELEKTRONIKA___WIN32_DEBUG\PREVIEW.OBJ
D:\AESTESIS\CODE\ELEKTROSDK\SRC\ELEKTRONIKA\ELEKTRONIKA___WIN32_DEBUG\PUB.OBJ
D:\AESTESIS\CODE\ELEKTROSDK\SRC\ELEKTRONIKA\ELEKTRONIKA___WIN32_DEBUG\REGFILE.OBJ
D:\AESTESIS\CODE\ELEKTROSDK\SRC\ELEKTRONIKA\ELEKTRONIKA___WIN32_DEBUG\RESELLER.OBJ
D:\AESTESIS\CODE\ELEKTROSDK\SRC\ELEKTRONIKA\ELEKTRONIKA___WIN32_DEBUG\RHYTMBOX.OBJ
D:\AESTESIS\CODE\ELEKTROSDK\SRC\ELEKTRONIKA\ELEKTRONIKA___WIN32_DEBUG\SOUNDINPUT.OBJ
D:\AESTESIS\CODE\ELEKTROSDK\SRC\ELEKTRONIKA\ELEKTRONIKA___WIN32_DEBUG\SOUNDOUTPUT.OBJ
D:\AESTESIS\CODE\ELEKTROSDK\SRC\ELEKTRONIKA\ELEKTRONIKA___WIN32_DEBUG\SPHERE.OBJ
D:\AESTESIS\CODE\ELEKTROSDK\SRC\ELEKTRONIKA\ELEKTRONIKA___WIN32_DEBUG\STATUS.OBJ
D:\AESTESIS\CODE\ELEKTROSDK\SRC\ELEKTRONIKA\ELEKTRONIKA___WIN32_DEBUG\TRAIL.OBJ
D:\AESTESIS\CODE\ELEKTROSDK\SRC\ELEKTRONIKA\ELEKTRONIKA___WIN32_DEBUG\TRANS-COLOR.OBJ
D:\AESTESIS\CODE\ELEKTROSDK\SRC\ELEKTRONIKA\ELEKTRONIKA___WIN32_DEBUG\TRANS-FADE.OBJ
D:\AESTESIS\CODE\ELEKTROSDK\SRC\ELEKTRONIKA\ELEKTRONIKA___WIN32_DEBUG\TRANS-LUMA.OBJ
D:\AESTESIS\CODE\ELEKTROSDK\SRC\ELEKTRONIKA\ELEKTRONIKA___WIN32_DEBUG\TRANS-SLICE.OBJ
D:\AESTESIS\CODE\ELEKTROSDK\SRC\ELEKTRONIKA\ELEKTRONIKA___WIN32_DEBUG\TRANS-VIDEO.OBJ
D:\AESTESIS\CODE\ELEKTROSDK\SRC\ELEKTRONIKA\ELEKTRONIKA___WIN32_DEBUG\V3DOUT.OBJ
D:\AESTESIS\CODE\ELEKTROSDK\SRC\ELEKTRONIKA\ELEKTRONIKA___WIN32_DEBUG\VC100.PDB
D:\AESTESIS\CODE\ELEKTROSDK\SRC\ELEKTRONIKA\ELEKTRONIKA___WIN32_DEBUG\VIDEOIN.OBJ
D:\AESTESIS\CODE\ELEKTROSDK\SRC\ELEKTRONIKA\ELEKTRONIKA___WIN32_DEBUG\VISWRP.OBJ
D:\AESTESIS\CODE\ELEKTROSDK\SRC\ELEKTRONIKA\ELEKTRONIKA___WIN32_DEBUG\VMIX.OBJ
D:\AESTESIS\CODE\ELEKTROSDK\SRC\ELEKTRONIKA\ELEKTRONIKA___WIN32_DEBUG\VOUT.OBJ
D:\AESTESIS\CODE\ELEKTROSDK\SRC\ELEKTRONIKA\ELEKTRONIKA___WIN32_DEBUG\VP10.OBJ
D:\AESTESIS\CODE\ELEKTROSDK\SRC\ELEKTRONIKA\ELEKTRONIKA___WIN32_DEBUG\VPONE.OBJ
D:\AESTESIS\CODE\ELEKTROSDK\SRC\ELEKTRONIKA\ELEKTRONIKA___WIN32_DEBUG\WEBCLIENT.OBJ
D:\AESTESIS\CODE\ELEKTROSDK\SRC\ELEKTRONIKA\ELEKTRONIKA___WIN32_DEBUG\WEBSRV.OBJ
D:\AESTESIS\CODE\ELEKTROSDK\SRC\ELEKTRONIKA\ELEKTRONIKA___WIN32_DEBUG\WMP.OBJ
debug VSTUDIO\elektronika.bsc
