D:\AESTESIS\CODE\ELEKTROSDK\SDK\LIB\LIBPNG.BSC
D:\AESTESIS\CODE\ELEKTROSDK\SDK\LIB\LIBPNG.LIB
D:\aestesis\code\elektroSDK\src\libpng\Release VSTUDIO\BscMake.command.1.tlog
D:\aestesis\code\elektroSDK\src\libpng\Release VSTUDIO\bscmake.read.1.tlog
D:\aestesis\code\elektroSDK\src\libpng\Release VSTUDIO\bscmake.write.1.tlog
D:\aestesis\code\elektroSDK\src\libpng\Release VSTUDIO\cl.command.1.tlog
D:\aestesis\code\elektroSDK\src\libpng\Release VSTUDIO\CL.read.1.tlog
D:\aestesis\code\elektroSDK\src\libpng\Release VSTUDIO\CL.write.1.tlog
D:\AESTESIS\CODE\ELEKTROSDK\SRC\LIBPNG\RELEASE VSTUDIO\EXAMPLE.SBR
D:\aestesis\code\elektroSDK\src\libpng\Release VSTUDIO\lib.command.1.tlog
D:\aestesis\code\elektroSDK\src\libpng\Release VSTUDIO\Lib-link.read.1.tlog
D:\aestesis\code\elektroSDK\src\libpng\Release VSTUDIO\Lib-link.write.1.tlog
D:\aestesis\code\elektroSDK\src\libpng\Release VSTUDIO\libpng.write.1.tlog
D:\AESTESIS\CODE\ELEKTROSDK\SRC\LIBPNG\RELEASE VSTUDIO\PNG.SBR
D:\AESTESIS\CODE\ELEKTROSDK\SRC\LIBPNG\RELEASE VSTUDIO\PNGERROR.SBR
D:\AESTESIS\CODE\ELEKTROSDK\SRC\LIBPNG\RELEASE VSTUDIO\PNGGET.SBR
D:\AESTESIS\CODE\ELEKTROSDK\SRC\LIBPNG\RELEASE VSTUDIO\PNGMEM.SBR
D:\AESTESIS\CODE\ELEKTROSDK\SRC\LIBPNG\RELEASE VSTUDIO\PNGPREAD.SBR
D:\AESTESIS\CODE\ELEKTROSDK\SRC\LIBPNG\RELEASE VSTUDIO\PNGREAD.SBR
D:\AESTESIS\CODE\ELEKTROSDK\SRC\LIBPNG\RELEASE VSTUDIO\PNGRIO.SBR
D:\AESTESIS\CODE\ELEKTROSDK\SRC\LIBPNG\RELEASE VSTUDIO\PNGRTRAN.SBR
D:\AESTESIS\CODE\ELEKTROSDK\SRC\LIBPNG\RELEASE VSTUDIO\PNGRUTIL.SBR
D:\AESTESIS\CODE\ELEKTROSDK\SRC\LIBPNG\RELEASE VSTUDIO\PNGSET.SBR
D:\AESTESIS\CODE\ELEKTROSDK\SRC\LIBPNG\RELEASE VSTUDIO\PNGTEST.SBR
D:\AESTESIS\CODE\ELEKTROSDK\SRC\LIBPNG\RELEASE VSTUDIO\PNGTRANS.SBR
D:\AESTESIS\CODE\ELEKTROSDK\SRC\LIBPNG\RELEASE VSTUDIO\PNGVCRD.SBR
D:\AESTESIS\CODE\ELEKTROSDK\SRC\LIBPNG\RELEASE VSTUDIO\PNGWIO.SBR
D:\AESTESIS\CODE\ELEKTROSDK\SRC\LIBPNG\RELEASE VSTUDIO\PNGWRITE.SBR
D:\AESTESIS\CODE\ELEKTROSDK\SRC\LIBPNG\RELEASE VSTUDIO\PNGWTRAN.SBR
D:\AESTESIS\CODE\ELEKTROSDK\SRC\LIBPNG\RELEASE VSTUDIO\PNGWUTIL.SBR
D:\AESTESIS\CODE\ELEKTROSDK\SRC\LIBPNG\RELEASE\EXAMPLE.OBJ
D:\AESTESIS\CODE\ELEKTROSDK\SRC\LIBPNG\RELEASE\PNG.OBJ
D:\AESTESIS\CODE\ELEKTROSDK\SRC\LIBPNG\RELEASE\PNGERROR.OBJ
D:\AESTESIS\CODE\ELEKTROSDK\SRC\LIBPNG\RELEASE\PNGGET.OBJ
D:\AESTESIS\CODE\ELEKTROSDK\SRC\LIBPNG\RELEASE\PNGMEM.OBJ
D:\AESTESIS\CODE\ELEKTROSDK\SRC\LIBPNG\RELEASE\PNGPREAD.OBJ
D:\AESTESIS\CODE\ELEKTROSDK\SRC\LIBPNG\RELEASE\PNGREAD.OBJ
D:\AESTESIS\CODE\ELEKTROSDK\SRC\LIBPNG\RELEASE\PNGRIO.OBJ
D:\AESTESIS\CODE\ELEKTROSDK\SRC\LIBPNG\RELEASE\PNGRTRAN.OBJ
D:\AESTESIS\CODE\ELEKTROSDK\SRC\LIBPNG\RELEASE\PNGRUTIL.OBJ
D:\AESTESIS\CODE\ELEKTROSDK\SRC\LIBPNG\RELEASE\PNGSET.OBJ
D:\AESTESIS\CODE\ELEKTROSDK\SRC\LIBPNG\RELEASE\PNGTEST.OBJ
D:\AESTESIS\CODE\ELEKTROSDK\SRC\LIBPNG\RELEASE\PNGTRANS.OBJ
D:\AESTESIS\CODE\ELEKTROSDK\SRC\LIBPNG\RELEASE\PNGVCRD.OBJ
D:\AESTESIS\CODE\ELEKTROSDK\SRC\LIBPNG\RELEASE\PNGWIO.OBJ
D:\AESTESIS\CODE\ELEKTROSDK\SRC\LIBPNG\RELEASE\PNGWRITE.OBJ
D:\AESTESIS\CODE\ELEKTROSDK\SRC\LIBPNG\RELEASE\PNGWTRAN.OBJ
D:\AESTESIS\CODE\ELEKTROSDK\SRC\LIBPNG\RELEASE\PNGWUTIL.OBJ
D:\AESTESIS\CODE\ELEKTROSDK\SRC\LIBPNG\RELEASE\VC100.PDB
