Build started 06/12/2010 06:35:31.
     1>Project "D:\aestesis\code\elektroSDK\modules\zool\zool.vcxproj" on node 4 (build target(s)).
     1>InitializeBuildStatus:
         Creating "debug VSTUDIO\zool.unsuccessfulbuild" because "AlwaysCreate" was specified.
       ClCompile:
         C:\Program Files (x86)\Microsoft Visual Studio 10.0\VC\bin\CL.exe /c /I..\..\sdk\inc\ompp /I..\..\sdk\inc\alib /I..\..\sdk\inc\elektro /ZI /nologo /W3 /WX- /Od /Oy- /D WIN32 /D _DEBUG /D _WINDOWS /D _USRDLL /D ZOOL_EXPORTS /D _CRT_SECURE_NO_DEPRECATE /D _WINDLL /D _MBCS /Gm- /EHsc /RTC1 /MD /GS /fp:precise /Zc:wchar_t /Zc:forScope /Fo".\Debug/" /Fd".\Debug/vc100.pdb" /FR"debug VSTUDIO\\" /Gd /TP /analyze- /errorReport:prompt source\main.cpp
         main.cpp
       ResourceCompile:
         C:\Program Files (x86)\Microsoft SDKs\Windows\v7.0A\bin\rc.exe /D _DEBUG /l"0x0409" /Isource /nologo /fo"debug VSTUDIO\resource.res" source\resource.rc 
       ManifestResourceCompile:
         C:\Program Files (x86)\Microsoft SDKs\Windows\v7.0A\bin\rc.exe /nologo /fo"debug VSTUDIO\zool.dll.embed.manifest.res" "debug VSTUDIO\zool_manifest.rc" 
     1>C:\Program Files (x86)\MSBuild\Microsoft.Cpp\v4.0\Microsoft.CppBuild.targets(990,5): warning MSB8012: TargetPath(D:\aestesis\code\elektroSDK\modules\zool\debug VSTUDIO\zool.dll) does not match the Linker's OutputFile property value (D:\aestesis\code\elektroSDK\elektronika\plugins\zool.dll). This may cause your project to build incorrectly. To correct this, please make sure that $(OutDir), $(TargetName) and $(TargetExt) property values match the value specified in %(Link.OutputFile).
       Link:
         C:\Program Files (x86)\Microsoft Visual Studio 10.0\VC\bin\link.exe /ERRORREPORT:PROMPT /OUT:"../../elektronika/plugins/zool.dll" /INCREMENTAL /NOLOGO /LIBPATH:..\..\sdk\lib odbc32.lib odbccp32.lib alib100.lib elektro.lib opengl32.lib glu32.lib kernel32.lib user32.lib gdi32.lib winspool.lib comdlg32.lib advapi32.lib shell32.lib ole32.lib oleaut32.lib uuid.lib odbc32.lib odbccp32.lib /MANIFEST /ManifestFile:"debug VSTUDIO\zool.dll.intermediate.manifest" /MANIFESTUAC:"level='asInvoker' uiAccess='false'" /DEBUG /PDB:".\Debug/zool.pdb" /TLBID:1 /DYNAMICBASE:NO /IMPLIB:".\Debug/zool.lib" /MACHINE:X86 /DLL "debug VSTUDIO\resource.res"
         "debug VSTUDIO\zool.dll.embed.manifest.res"
         .\Debug/main.obj
         D:\aestesis\code\elektroSDK\src\Alib\Debug\alib100.lib
         D:\aestesis\code\elektroSDK\src\eleKtro\Debug\eleKtro.lib
         D:\aestesis\code\elektroSDK\sdk\lib\zlib.lib
         D:\aestesis\code\elektroSDK\sdk\lib\libpng.lib /MACHINE:I386 
            Creating library .\Debug/zool.lib and object .\Debug/zool.exp
       Manifest:
         C:\Program Files (x86)\Microsoft SDKs\Windows\v7.0A\bin\mt.exe /nologo /verbose /out:"debug VSTUDIO\zool.dll.embed.manifest" /manifest "debug VSTUDIO\zool.dll.intermediate.manifest"
         C:\Program Files (x86)\Microsoft SDKs\Windows\v7.0A\bin\rc.exe /nologo /fo"debug VSTUDIO\zool.dll.embed.manifest.res" "debug VSTUDIO\zool_manifest.rc" 
       LinkEmbedManifest:
         C:\Program Files (x86)\Microsoft Visual Studio 10.0\VC\bin\link.exe /ERRORREPORT:PROMPT /OUT:"../../elektronika/plugins/zool.dll" /INCREMENTAL /NOLOGO /LIBPATH:..\..\sdk\lib odbc32.lib odbccp32.lib alib100.lib elektro.lib opengl32.lib glu32.lib kernel32.lib user32.lib gdi32.lib winspool.lib comdlg32.lib advapi32.lib shell32.lib ole32.lib oleaut32.lib uuid.lib odbc32.lib odbccp32.lib /MANIFEST /ManifestFile:"debug VSTUDIO\zool.dll.intermediate.manifest" /MANIFESTUAC:"level='asInvoker' uiAccess='false'" /DEBUG /PDB:".\Debug/zool.pdb" /TLBID:1 /DYNAMICBASE:NO /IMPLIB:".\Debug/zool.lib" /MACHINE:X86 /DLL "debug VSTUDIO\resource.res"
         "debug VSTUDIO\zool.dll.embed.manifest.res"
         .\Debug/main.obj
         D:\aestesis\code\elektroSDK\src\Alib\Debug\alib100.lib
         D:\aestesis\code\elektroSDK\src\eleKtro\Debug\eleKtro.lib
         D:\aestesis\code\elektroSDK\sdk\lib\zlib.lib
         D:\aestesis\code\elektroSDK\sdk\lib\libpng.lib /MACHINE:I386 
         zool.vcxproj -> D:\aestesis\code\elektroSDK\modules\zool\debug VSTUDIO\zool.dll
       BscMake:
         C:\Program Files (x86)\Microsoft Visual Studio 10.0\VC\bin\bscmake.exe /nologo /o"debug VSTUDIO\zool.bsc" "debug VSTUDIO\main.sbr"
       FinalizeBuildStatus:
         Deleting file "debug VSTUDIO\zool.unsuccessfulbuild".
         Touching "debug VSTUDIO\zool.lastbuildstate".
     1>Done Building Project "D:\aestesis\code\elektroSDK\modules\zool\zool.vcxproj" (build target(s)).

Build succeeded.

Time Elapsed 00:00:11.42
