D:\AESTESIS\CODE\ELEKTROSDK\ELEKTRONIKA\PLUGINS\ZOOL.DLL
D:\AESTESIS\CODE\ELEKTROSDK\ELEKTRONIKA\PLUGINS\ZOOL.ILK
D:\aestesis\code\elektroSDK\modules\zool\debug VSTUDIO\BscMake.command.1.tlog
D:\aestesis\code\elektroSDK\modules\zool\debug VSTUDIO\bscmake.read.1.tlog
D:\aestesis\code\elektroSDK\modules\zool\debug VSTUDIO\bscmake.write.1.tlog
D:\aestesis\code\elektroSDK\modules\zool\debug VSTUDIO\cl.command.1.tlog
D:\aestesis\code\elektroSDK\modules\zool\debug VSTUDIO\CL.read.1.tlog
D:\aestesis\code\elektroSDK\modules\zool\debug VSTUDIO\CL.write.1.tlog
D:\aestesis\code\elektroSDK\modules\zool\debug VSTUDIO\link.command.1.tlog
D:\aestesis\code\elektroSDK\modules\zool\debug VSTUDIO\link.read.1.tlog
D:\aestesis\code\elektroSDK\modules\zool\debug VSTUDIO\link.write.1.tlog
D:\aestesis\code\elektroSDK\modules\zool\debug VSTUDIO\link-cvtres.read.1.tlog
D:\aestesis\code\elektroSDK\modules\zool\debug VSTUDIO\link-cvtres.write.1.tlog
D:\AESTESIS\CODE\ELEKTROSDK\MODULES\ZOOL\DEBUG VSTUDIO\MAIN.SBR
D:\aestesis\code\elektroSDK\modules\zool\debug VSTUDIO\mt.command.1.tlog
D:\aestesis\code\elektroSDK\modules\zool\debug VSTUDIO\mt.read.1.tlog
D:\aestesis\code\elektroSDK\modules\zool\debug VSTUDIO\mt.write.1.tlog
D:\aestesis\code\elektroSDK\modules\zool\debug VSTUDIO\rc.command.1.tlog
D:\aestesis\code\elektroSDK\modules\zool\debug VSTUDIO\rc.read.1.tlog
D:\aestesis\code\elektroSDK\modules\zool\debug VSTUDIO\rc.write.1.tlog
D:\AESTESIS\CODE\ELEKTROSDK\MODULES\ZOOL\DEBUG VSTUDIO\RESOURCE.RES
D:\AESTESIS\CODE\ELEKTROSDK\MODULES\ZOOL\DEBUG VSTUDIO\ZOOL.BSC
D:\AESTESIS\CODE\ELEKTROSDK\MODULES\ZOOL\DEBUG VSTUDIO\ZOOL.DLL.EMBED.MANIFEST
D:\AESTESIS\CODE\ELEKTROSDK\MODULES\ZOOL\DEBUG VSTUDIO\ZOOL.DLL.EMBED.MANIFEST.RES
D:\AESTESIS\CODE\ELEKTROSDK\MODULES\ZOOL\DEBUG VSTUDIO\ZOOL.DLL.INTERMEDIATE.MANIFEST
D:\aestesis\code\elektroSDK\modules\zool\debug VSTUDIO\zool.write.1.tlog
D:\aestesis\code\elektroSDK\modules\zool\debug VSTUDIO\zool_manifest.rc
D:\AESTESIS\CODE\ELEKTROSDK\MODULES\ZOOL\DEBUG\MAIN.OBJ
D:\AESTESIS\CODE\ELEKTROSDK\MODULES\ZOOL\DEBUG\VC100.PDB
D:\aestesis\code\elektroSDK\modules\zool\Debug\zool.exp
D:\aestesis\code\elektroSDK\modules\zool\Debug\zool.lib
D:\AESTESIS\CODE\ELEKTROSDK\MODULES\ZOOL\DEBUG\ZOOL.PDB
debug VSTUDIO\zool.bsc
