D:\AESTESIS\CODE\ELEKTROSDK\ELEKTRONIKA\PLUGINS\ZOOL.DLL
D:\aestesis\code\elektroSDK\modules\zool\Release VSTUDIO\cl.command.1.tlog
D:\aestesis\code\elektroSDK\modules\zool\Release VSTUDIO\CL.read.1.tlog
D:\aestesis\code\elektroSDK\modules\zool\Release VSTUDIO\CL.write.1.tlog
D:\aestesis\code\elektroSDK\modules\zool\Release VSTUDIO\link.command.1.tlog
D:\aestesis\code\elektroSDK\modules\zool\Release VSTUDIO\link.read.1.tlog
D:\aestesis\code\elektroSDK\modules\zool\Release VSTUDIO\link.write.1.tlog
D:\aestesis\code\elektroSDK\modules\zool\Release VSTUDIO\link-cvtres.read.1.tlog
D:\aestesis\code\elektroSDK\modules\zool\Release VSTUDIO\link-cvtres.write.1.tlog
D:\aestesis\code\elektroSDK\modules\zool\Release VSTUDIO\mt.command.1.tlog
D:\aestesis\code\elektroSDK\modules\zool\Release VSTUDIO\mt.read.1.tlog
D:\aestesis\code\elektroSDK\modules\zool\Release VSTUDIO\mt.write.1.tlog
D:\aestesis\code\elektroSDK\modules\zool\Release VSTUDIO\rc.command.1.tlog
D:\aestesis\code\elektroSDK\modules\zool\Release VSTUDIO\rc.read.1.tlog
D:\aestesis\code\elektroSDK\modules\zool\Release VSTUDIO\rc.write.1.tlog
D:\AESTESIS\CODE\ELEKTROSDK\MODULES\ZOOL\RELEASE VSTUDIO\RESOURCE.RES
D:\AESTESIS\CODE\ELEKTROSDK\MODULES\ZOOL\RELEASE VSTUDIO\ZOOL.DLL.INTERMEDIATE.MANIFEST
D:\aestesis\code\elektroSDK\modules\zool\Release VSTUDIO\zool.write.1.tlog
D:\AESTESIS\CODE\ELEKTROSDK\MODULES\ZOOL\RELEASE\MAIN.OBJ
D:\AESTESIS\CODE\ELEKTROSDK\MODULES\ZOOL\RELEASE\VC100.PDB
D:\aestesis\code\elektroSDK\modules\zool\Release\zool.exp
D:\aestesis\code\elektroSDK\modules\zool\Release\zool.lib
