Build started 11/09/2011 01:29:14.
     1>Project "D:\aestesis\code\elektroSDK\modules\zool\zool.vcxproj" on node 5 (build target(s)).
     1>InitializeBuildStatus:
         Creating "Release VSTUDIO\zool.unsuccessfulbuild" because "AlwaysCreate" was specified.
       ClCompile:
         All outputs are up-to-date.
       ResourceCompile:
         All outputs are up-to-date.
     1>C:\Program Files (x86)\MSBuild\Microsoft.Cpp\v4.0\Microsoft.CppBuild.targets(990,5): warning MSB8012: TargetPath(D:\aestesis\code\elektroSDK\modules\zool\Release VSTUDIO\zool.dll) does not match the Linker's OutputFile property value (D:\aestesis\code\elektroSDK\elektronika\plugins\zool.dll). This may cause your project to build incorrectly. To correct this, please make sure that $(OutDir), $(TargetName) and $(TargetExt) property values match the value specified in %(Link.OutputFile).
       Link:
         C:\Program Files (x86)\Microsoft Visual Studio 10.0\VC\bin\link.exe /ERRORREPORT:PROMPT /OUT:"../../elektronika/plugins/zool.dll" /INCREMENTAL:NO /NOLOGO /LIBPATH:..\..\sdk\lib odbc32.lib odbccp32.lib alib100.lib elektro.lib opengl32.lib glu32.lib kernel32.lib user32.lib gdi32.lib winspool.lib comdlg32.lib advapi32.lib shell32.lib ole32.lib oleaut32.lib uuid.lib odbc32.lib odbccp32.lib /MANIFEST /ManifestFile:"Release VSTUDIO\zool.dll.intermediate.manifest" /MANIFESTUAC:"level='asInvoker' uiAccess='false'" /PDB:".\Release/zool.pdb" /LARGEADDRESSAWARE /TLBID:1 /DYNAMICBASE:NO /IMPLIB:".\Release/zool.lib" /MACHINE:X86 /DLL "Release VSTUDIO\resource.res"
         .\Release/main.obj
         D:\aestesis\code\elektroSDK\src\Alib\Release\alib100.lib
         D:\aestesis\code\elektroSDK\src\eleKtro\Release\eleKtro.lib
         D:\aestesis\code\elektroSDK\sdk\lib\libpng.lib
         D:\aestesis\code\elektroSDK\sdk\lib\zlib.lib /MACHINE:I386 
            Creating library .\Release/zool.lib and object .\Release/zool.exp
         zool.vcxproj -> D:\aestesis\code\elektroSDK\modules\zool\Release VSTUDIO\zool.dll
       Manifest:
         C:\Program Files (x86)\Microsoft SDKs\Windows\v7.0A\bin\mt.exe /nologo /verbose /outputresource:"../../elektronika/plugins/zool.dll;#2" /manifest "Release VSTUDIO\zool.dll.intermediate.manifest"
       FinalizeBuildStatus:
         Deleting file "Release VSTUDIO\zool.unsuccessfulbuild".
         Touching "Release VSTUDIO\zool.lastbuildstate".
     1>Done Building Project "D:\aestesis\code\elektroSDK\modules\zool\zool.vcxproj" (build target(s)).

Build succeeded.

Time Elapsed 00:00:00.73
