.\Debug\SoundTouch.bsc
D:\AESTESIS\CODE\ELEKTROSDK\SDK\SOUNDTOUCH\SOURCE\SOUNDTOUCH\DEBUG\3DNOW_WIN.OBJ
D:\AESTESIS\CODE\ELEKTROSDK\SDK\SOUNDTOUCH\SOURCE\SOUNDTOUCH\DEBUG\3DNOW_WIN.SBR
D:\AESTESIS\CODE\ELEKTROSDK\SDK\SOUNDTOUCH\SOURCE\SOUNDTOUCH\DEBUG\AAFILTER.OBJ
D:\AESTESIS\CODE\ELEKTROSDK\SDK\SOUNDTOUCH\SOURCE\SOUNDTOUCH\DEBUG\AAFILTER.SBR
D:\aestesis\code\elektroSDK\sdk\SoundTouch\source\SoundTouch\Debug\BscMake.command.1.tlog
D:\aestesis\code\elektroSDK\sdk\SoundTouch\source\SoundTouch\Debug\bscmake.read.1.tlog
D:\aestesis\code\elektroSDK\sdk\SoundTouch\source\SoundTouch\Debug\bscmake.write.1.tlog
D:\aestesis\code\elektroSDK\sdk\SoundTouch\source\SoundTouch\Debug\cl.command.1.tlog
D:\aestesis\code\elektroSDK\sdk\SoundTouch\source\SoundTouch\Debug\CL.read.1.tlog
D:\aestesis\code\elektroSDK\sdk\SoundTouch\source\SoundTouch\Debug\CL.write.1.tlog
D:\AESTESIS\CODE\ELEKTROSDK\SDK\SOUNDTOUCH\SOURCE\SOUNDTOUCH\DEBUG\CPU_DETECT_X86_WIN.OBJ
D:\AESTESIS\CODE\ELEKTROSDK\SDK\SOUNDTOUCH\SOURCE\SOUNDTOUCH\DEBUG\CPU_DETECT_X86_WIN.SBR
D:\AESTESIS\CODE\ELEKTROSDK\SDK\SOUNDTOUCH\SOURCE\SOUNDTOUCH\DEBUG\FIFOSAMPLEBUFFER.OBJ
D:\AESTESIS\CODE\ELEKTROSDK\SDK\SOUNDTOUCH\SOURCE\SOUNDTOUCH\DEBUG\FIFOSAMPLEBUFFER.SBR
D:\AESTESIS\CODE\ELEKTROSDK\SDK\SOUNDTOUCH\SOURCE\SOUNDTOUCH\DEBUG\FIRFILTER.OBJ
D:\AESTESIS\CODE\ELEKTROSDK\SDK\SOUNDTOUCH\SOURCE\SOUNDTOUCH\DEBUG\FIRFILTER.SBR
D:\aestesis\code\elektroSDK\sdk\SoundTouch\source\SoundTouch\Debug\lib.command.1.tlog
D:\aestesis\code\elektroSDK\sdk\SoundTouch\source\SoundTouch\Debug\Lib-link.read.1.tlog
D:\aestesis\code\elektroSDK\sdk\SoundTouch\source\SoundTouch\Debug\Lib-link.write.1.tlog
D:\AESTESIS\CODE\ELEKTROSDK\SDK\SOUNDTOUCH\SOURCE\SOUNDTOUCH\DEBUG\MMX_WIN.OBJ
D:\AESTESIS\CODE\ELEKTROSDK\SDK\SOUNDTOUCH\SOURCE\SOUNDTOUCH\DEBUG\MMX_WIN.SBR
D:\AESTESIS\CODE\ELEKTROSDK\SDK\SOUNDTOUCH\SOURCE\SOUNDTOUCH\DEBUG\RATETRANSPOSER.OBJ
D:\AESTESIS\CODE\ELEKTROSDK\SDK\SOUNDTOUCH\SOURCE\SOUNDTOUCH\DEBUG\RATETRANSPOSER.SBR
D:\AESTESIS\CODE\ELEKTROSDK\SDK\SOUNDTOUCH\SOURCE\SOUNDTOUCH\DEBUG\SOUNDTOUCH.BSC
D:\AESTESIS\CODE\ELEKTROSDK\SDK\SOUNDTOUCH\SOURCE\SOUNDTOUCH\DEBUG\SOUNDTOUCH.OBJ
D:\AESTESIS\CODE\ELEKTROSDK\SDK\SOUNDTOUCH\SOURCE\SOUNDTOUCH\DEBUG\SOUNDTOUCH.SBR
D:\aestesis\code\elektroSDK\sdk\SoundTouch\source\SoundTouch\Debug\SoundTouch.write.1.tlog
D:\AESTESIS\CODE\ELEKTROSDK\SDK\SOUNDTOUCH\SOURCE\SOUNDTOUCH\DEBUG\SOUNDTOUCHD.LIB
D:\AESTESIS\CODE\ELEKTROSDK\SDK\SOUNDTOUCH\SOURCE\SOUNDTOUCH\DEBUG\SSE_WIN.OBJ
D:\AESTESIS\CODE\ELEKTROSDK\SDK\SOUNDTOUCH\SOURCE\SOUNDTOUCH\DEBUG\SSE_WIN.SBR
D:\AESTESIS\CODE\ELEKTROSDK\SDK\SOUNDTOUCH\SOURCE\SOUNDTOUCH\DEBUG\TDSTRETCH.OBJ
D:\AESTESIS\CODE\ELEKTROSDK\SDK\SOUNDTOUCH\SOURCE\SOUNDTOUCH\DEBUG\TDSTRETCH.SBR
D:\aestesis\code\elektroSDK\sdk\SoundTouch\source\SoundTouch\Debug\vc100.idb
D:\AESTESIS\CODE\ELEKTROSDK\SDK\SOUNDTOUCH\SOURCE\SOUNDTOUCH\DEBUG\VC100.PDB
