D:\AESTESIS\CODE\ELEKTROSDK\ELEKTRONIKA\PLUGINS\EXAMPLE02.DLL
D:\AESTESIS\CODE\ELEKTROSDK\ELEKTRONIKA\PLUGINS\EXAMPLE02.ILK
D:\aestesis\code\elektroSDK\modules\example02\debug VSTUDIO\cl.command.1.tlog
D:\aestesis\code\elektroSDK\modules\example02\debug VSTUDIO\CL.read.1.tlog
D:\aestesis\code\elektroSDK\modules\example02\debug VSTUDIO\CL.write.1.tlog
D:\AESTESIS\CODE\ELEKTROSDK\MODULES\EXAMPLE02\DEBUG VSTUDIO\EXAMPLE02.DLL.EMBED.MANIFEST
D:\AESTESIS\CODE\ELEKTROSDK\MODULES\EXAMPLE02\DEBUG VSTUDIO\EXAMPLE02.DLL.EMBED.MANIFEST.RES
D:\AESTESIS\CODE\ELEKTROSDK\MODULES\EXAMPLE02\DEBUG VSTUDIO\EXAMPLE02.DLL.INTERMEDIATE.MANIFEST
D:\aestesis\code\elektroSDK\modules\example02\debug VSTUDIO\example02.write.1.tlog
D:\aestesis\code\elektroSDK\modules\example02\debug VSTUDIO\example02_manifest.rc
D:\aestesis\code\elektroSDK\modules\example02\debug VSTUDIO\link.3560.read.1.tlog
D:\aestesis\code\elektroSDK\modules\example02\debug VSTUDIO\link.3560.write.1.tlog
D:\aestesis\code\elektroSDK\modules\example02\debug VSTUDIO\link.3560-cvtres.read.1.tlog
D:\aestesis\code\elektroSDK\modules\example02\debug VSTUDIO\link.3560-cvtres.write.1.tlog
D:\aestesis\code\elektroSDK\modules\example02\debug VSTUDIO\link.command.1.tlog
D:\aestesis\code\elektroSDK\modules\example02\debug VSTUDIO\link.read.1.tlog
D:\aestesis\code\elektroSDK\modules\example02\debug VSTUDIO\link.write.1.tlog
D:\aestesis\code\elektroSDK\modules\example02\debug VSTUDIO\link-cvtres.read.1.tlog
D:\aestesis\code\elektroSDK\modules\example02\debug VSTUDIO\link-cvtres.write.1.tlog
D:\aestesis\code\elektroSDK\modules\example02\debug VSTUDIO\mt.command.1.tlog
D:\aestesis\code\elektroSDK\modules\example02\debug VSTUDIO\mt.read.1.tlog
D:\aestesis\code\elektroSDK\modules\example02\debug VSTUDIO\mt.write.1.tlog
D:\aestesis\code\elektroSDK\modules\example02\debug VSTUDIO\rc.command.1.tlog
D:\aestesis\code\elektroSDK\modules\example02\debug VSTUDIO\rc.read.1.tlog
D:\aestesis\code\elektroSDK\modules\example02\debug VSTUDIO\rc.write.1.tlog
D:\aestesis\code\elektroSDK\modules\example02\Debug\example02.exp
D:\aestesis\code\elektroSDK\modules\example02\Debug\example02.lib
D:\AESTESIS\CODE\ELEKTROSDK\MODULES\EXAMPLE02\DEBUG\EXAMPLE02.PDB
D:\AESTESIS\CODE\ELEKTROSDK\MODULES\EXAMPLE02\DEBUG\MAIN.OBJ
D:\AESTESIS\CODE\ELEKTROSDK\MODULES\EXAMPLE02\DEBUG\VC100.PDB
