Build started 06/12/2010 06:35:08.
     1>Project "D:\aestesis\code\elektroSDK\modules\example02\example02.vcxproj" on node 5 (build target(s)).
     1>InitializeBuildStatus:
         Creating "debug VSTUDIO\example02.unsuccessfulbuild" because "AlwaysCreate" was specified.
       ClCompile:
         C:\Program Files (x86)\Microsoft Visual Studio 10.0\VC\bin\CL.exe /c /I..\..\sdk\inc\ompp /I..\..\sdk\inc\alib /I..\..\sdk\inc\elektro /ZI /nologo /W3 /WX- /Od /Oy- /D WIN32 /D _DEBUG /D _WINDOWS /D _USRDLL /D EXAMPLE02_EXPORTS /D _CRT_SECURE_NO_DEPRECATE /D _WINDLL /D _MBCS /Gm- /EHsc /RTC1 /MD /GS /fp:precise /Zc:wchar_t /Zc:forScope /Fo".\Debug/" /Fd".\Debug/vc100.pdb" /Gd /TP /analyze- /errorReport:prompt main.cpp
         main.cpp
       ManifestResourceCompile:
         C:\Program Files (x86)\Microsoft SDKs\Windows\v7.0A\bin\rc.exe /nologo /fo"debug VSTUDIO\example02.dll.embed.manifest.res" "debug VSTUDIO\example02_manifest.rc" 
     1>C:\Program Files (x86)\MSBuild\Microsoft.Cpp\v4.0\Microsoft.CppBuild.targets(990,5): warning MSB8012: TargetPath(D:\aestesis\code\elektroSDK\modules\example02\debug VSTUDIO\example02.dll) does not match the Linker's OutputFile property value (D:\aestesis\code\elektroSDK\elektronika\plugins\example02.dll). This may cause your project to build incorrectly. To correct this, please make sure that $(OutDir), $(TargetName) and $(TargetExt) property values match the value specified in %(Link.OutputFile).
       Link:
         C:\Program Files (x86)\Microsoft Visual Studio 10.0\VC\bin\link.exe /ERRORREPORT:PROMPT /OUT:"../../elektronika/plugins/example02.dll" /INCREMENTAL /NOLOGO /LIBPATH:..\..\sdk\lib odbc32.lib odbccp32.lib alib100.lib elektro.lib kernel32.lib user32.lib gdi32.lib winspool.lib comdlg32.lib advapi32.lib shell32.lib ole32.lib oleaut32.lib uuid.lib odbc32.lib odbccp32.lib /MANIFEST /ManifestFile:"debug VSTUDIO\example02.dll.intermediate.manifest" /MANIFESTUAC:"level='asInvoker' uiAccess='false'" /DEBUG /PDB:".\Debug/example02.pdb" /TLBID:1 /DYNAMICBASE:NO /IMPLIB:".\Debug/example02.lib" /MACHINE:X86 /DLL "debug VSTUDIO\example02.dll.embed.manifest.res"
         .\Debug/main.obj
         D:\aestesis\code\elektroSDK\src\Alib\Debug\alib100.lib
         D:\aestesis\code\elektroSDK\src\eleKtro\Debug\eleKtro.lib
         D:\aestesis\code\elektroSDK\sdk\lib\zlib.lib
         D:\aestesis\code\elektroSDK\sdk\lib\libpng.lib /MACHINE:I386 
            Creating library .\Debug/example02.lib and object .\Debug/example02.exp
       Manifest:
         C:\Program Files (x86)\Microsoft SDKs\Windows\v7.0A\bin\mt.exe /nologo /verbose /out:"debug VSTUDIO\example02.dll.embed.manifest" /manifest "debug VSTUDIO\example02.dll.intermediate.manifest"
         C:\Program Files (x86)\Microsoft SDKs\Windows\v7.0A\bin\rc.exe /nologo /fo"debug VSTUDIO\example02.dll.embed.manifest.res" "debug VSTUDIO\example02_manifest.rc" 
       LinkEmbedManifest:
         C:\Program Files (x86)\Microsoft Visual Studio 10.0\VC\bin\link.exe /ERRORREPORT:PROMPT /OUT:"../../elektronika/plugins/example02.dll" /INCREMENTAL /NOLOGO /LIBPATH:..\..\sdk\lib odbc32.lib odbccp32.lib alib100.lib elektro.lib kernel32.lib user32.lib gdi32.lib winspool.lib comdlg32.lib advapi32.lib shell32.lib ole32.lib oleaut32.lib uuid.lib odbc32.lib odbccp32.lib /MANIFEST /ManifestFile:"debug VSTUDIO\example02.dll.intermediate.manifest" /MANIFESTUAC:"level='asInvoker' uiAccess='false'" /DEBUG /PDB:".\Debug/example02.pdb" /TLBID:1 /DYNAMICBASE:NO /IMPLIB:".\Debug/example02.lib" /MACHINE:X86 /DLL "debug VSTUDIO\example02.dll.embed.manifest.res"
         .\Debug/main.obj
         D:\aestesis\code\elektroSDK\src\Alib\Debug\alib100.lib
         D:\aestesis\code\elektroSDK\src\eleKtro\Debug\eleKtro.lib
         D:\aestesis\code\elektroSDK\sdk\lib\zlib.lib
         D:\aestesis\code\elektroSDK\sdk\lib\libpng.lib /MACHINE:I386 
            Creating library .\Debug/example02.lib and object .\Debug/example02.exp
         example02.vcxproj -> D:\aestesis\code\elektroSDK\modules\example02\debug VSTUDIO\example02.dll
       FinalizeBuildStatus:
         Deleting file "debug VSTUDIO\example02.unsuccessfulbuild".
         Touching "debug VSTUDIO\example02.lastbuildstate".
     1>Done Building Project "D:\aestesis\code\elektroSDK\modules\example02\example02.vcxproj" (build target(s)).

Build succeeded.

Time Elapsed 00:00:03.84
