D:\AESTESIS\CODE\ELEKTROSDK\ELEKTRONIKA\PLUGINS\FLASHP.DLL
D:\aestesis\code\elektroSDK\src\flash\Release VSTUDIO\cl.command.1.tlog
D:\aestesis\code\elektroSDK\src\flash\Release VSTUDIO\CL.read.1.tlog
D:\aestesis\code\elektroSDK\src\flash\Release VSTUDIO\CL.write.1.tlog
D:\AESTESIS\CODE\ELEKTROSDK\SRC\FLASH\RELEASE VSTUDIO\FLASH.DLL.INTERMEDIATE.MANIFEST
D:\aestesis\code\elektroSDK\src\flash\Release VSTUDIO\flash.write.1.tlog
D:\AESTESIS\CODE\ELEKTROSDK\SRC\FLASH\RELEASE VSTUDIO\FLASHPLAYER.RES
D:\aestesis\code\elektroSDK\src\flash\Release VSTUDIO\link.command.1.tlog
D:\aestesis\code\elektroSDK\src\flash\Release VSTUDIO\link.read.1.tlog
D:\aestesis\code\elektroSDK\src\flash\Release VSTUDIO\link.write.1.tlog
D:\aestesis\code\elektroSDK\src\flash\Release VSTUDIO\link-cvtres.read.1.tlog
D:\aestesis\code\elektroSDK\src\flash\Release VSTUDIO\link-cvtres.write.1.tlog
D:\aestesis\code\elektroSDK\src\flash\Release VSTUDIO\mt.command.1.tlog
D:\aestesis\code\elektroSDK\src\flash\Release VSTUDIO\mt.read.1.tlog
D:\aestesis\code\elektroSDK\src\flash\Release VSTUDIO\mt.write.1.tlog
D:\aestesis\code\elektroSDK\src\flash\Release VSTUDIO\rc.command.1.tlog
D:\aestesis\code\elektroSDK\src\flash\Release VSTUDIO\rc.read.1.tlog
D:\aestesis\code\elektroSDK\src\flash\Release VSTUDIO\rc.write.1.tlog
D:\AESTESIS\CODE\ELEKTROSDK\SRC\FLASH\RELEASE\APIHIJACK.OBJ
D:\AESTESIS\CODE\ELEKTROSDK\SRC\FLASH\RELEASE\FLASH.PCH
D:\aestesis\code\elektroSDK\src\flash\Release\flashp.exp
D:\aestesis\code\elektroSDK\src\flash\Release\flashp.lib
D:\AESTESIS\CODE\ELEKTROSDK\SRC\FLASH\RELEASE\FLASHPLAYER.OBJ
D:\AESTESIS\CODE\ELEKTROSDK\SRC\FLASH\RELEASE\SHOCKWAVEFLASH.OBJ
D:\AESTESIS\CODE\ELEKTROSDK\SRC\FLASH\RELEASE\STDAFX.OBJ
D:\AESTESIS\CODE\ELEKTROSDK\SRC\FLASH\RELEASE\VC100.PDB
