D:\AESTESIS\CODE\ELEKTROSDK\ELEKTRONIKA\PLUGINS\98.DLL
D:\AESTESIS\CODE\ELEKTROSDK\SRC\98\RELEASE VSTUDIO\98.DLL.INTERMEDIATE.MANIFEST
D:\aestesis\code\elektroSDK\src\98\Release VSTUDIO\98.write.1.tlog
D:\aestesis\code\elektroSDK\src\98\Release VSTUDIO\cl.command.1.tlog
D:\aestesis\code\elektroSDK\src\98\Release VSTUDIO\CL.read.1.tlog
D:\aestesis\code\elektroSDK\src\98\Release VSTUDIO\CL.write.1.tlog
D:\aestesis\code\elektroSDK\src\98\Release VSTUDIO\link.command.1.tlog
D:\aestesis\code\elektroSDK\src\98\Release VSTUDIO\link.read.1.tlog
D:\aestesis\code\elektroSDK\src\98\Release VSTUDIO\link.write.1.tlog
D:\aestesis\code\elektroSDK\src\98\Release VSTUDIO\link-cvtres.read.1.tlog
D:\aestesis\code\elektroSDK\src\98\Release VSTUDIO\link-cvtres.write.1.tlog
D:\aestesis\code\elektroSDK\src\98\Release VSTUDIO\mt.command.1.tlog
D:\aestesis\code\elektroSDK\src\98\Release VSTUDIO\mt.read.1.tlog
D:\aestesis\code\elektroSDK\src\98\Release VSTUDIO\mt.write.1.tlog
D:\aestesis\code\elektroSDK\src\98\Release VSTUDIO\rc.command.1.tlog
D:\aestesis\code\elektroSDK\src\98\Release VSTUDIO\rc.read.1.tlog
D:\aestesis\code\elektroSDK\src\98\Release VSTUDIO\rc.write.1.tlog
D:\AESTESIS\CODE\ELEKTROSDK\SRC\98\RELEASE VSTUDIO\SCRIPT1.RES
D:\aestesis\code\elektroSDK\src\98\Release\98.exp
D:\aestesis\code\elektroSDK\src\98\Release\98.lib
D:\AESTESIS\CODE\ELEKTROSDK\SRC\98\RELEASE\DSGLURF.OBJ
D:\AESTESIS\CODE\ELEKTROSDK\SRC\98\RELEASE\FLAMMES.OBJ
D:\AESTESIS\CODE\ELEKTROSDK\SRC\98\RELEASE\HOUSE.OBJ
D:\AESTESIS\CODE\ELEKTROSDK\SRC\98\RELEASE\MAIN.OBJ
D:\AESTESIS\CODE\ELEKTROSDK\SRC\98\RELEASE\PATCHLY.OBJ
D:\AESTESIS\CODE\ELEKTROSDK\SRC\98\RELEASE\PLAYER.OBJ
D:\AESTESIS\CODE\ELEKTROSDK\SRC\98\RELEASE\VC100.PDB
D:\AESTESIS\CODE\ELEKTROSDK\SRC\98\RELEASE\XTIME.OBJ
D:\AESTESIS\CODE\ELEKTROSDK\SRC\98\RELEASE\ZYGO.OBJ
