D:\AESTESIS\CODE\ELEKTROSDK\ELEKTRONIKA\ELEKTRO.DLL
D:\aestesis\code\elektroSDK\src\eleKtro\Release VSTUDIO\cl.command.1.tlog
D:\aestesis\code\elektroSDK\src\eleKtro\Release VSTUDIO\CL.read.1.tlog
D:\aestesis\code\elektroSDK\src\eleKtro\Release VSTUDIO\CL.write.1.tlog
D:\AESTESIS\CODE\ELEKTROSDK\SRC\ELEKTRO\RELEASE VSTUDIO\ELEKTRO.DLL.INTERMEDIATE.MANIFEST
D:\AESTESIS\CODE\ELEKTROSDK\SRC\ELEKTRO\RELEASE VSTUDIO\ELEKTRO.RES
D:\aestesis\code\elektroSDK\src\eleKtro\Release VSTUDIO\eleKtro.write.1.tlog
D:\aestesis\code\elektroSDK\src\eleKtro\Release VSTUDIO\link.command.1.tlog
D:\aestesis\code\elektroSDK\src\eleKtro\Release VSTUDIO\link.read.1.tlog
D:\aestesis\code\elektroSDK\src\eleKtro\Release VSTUDIO\link.write.1.tlog
D:\aestesis\code\elektroSDK\src\eleKtro\Release VSTUDIO\link-cvtres.read.1.tlog
D:\aestesis\code\elektroSDK\src\eleKtro\Release VSTUDIO\link-cvtres.write.1.tlog
D:\aestesis\code\elektroSDK\src\eleKtro\Release VSTUDIO\mt.command.1.tlog
D:\aestesis\code\elektroSDK\src\eleKtro\Release VSTUDIO\mt.read.1.tlog
D:\aestesis\code\elektroSDK\src\eleKtro\Release VSTUDIO\mt.write.1.tlog
D:\aestesis\code\elektroSDK\src\eleKtro\Release VSTUDIO\rc.command.1.tlog
D:\aestesis\code\elektroSDK\src\eleKtro\Release VSTUDIO\rc.read.1.tlog
D:\aestesis\code\elektroSDK\src\eleKtro\Release VSTUDIO\rc.write.1.tlog
D:\AESTESIS\CODE\ELEKTROSDK\SRC\ELEKTRO\RELEASE\ACONTROL.OBJ
D:\AESTESIS\CODE\ELEKTROSDK\SRC\ELEKTRO\RELEASE\BPMTRACKER.OBJ
D:\AESTESIS\CODE\ELEKTROSDK\SRC\ELEKTRO\RELEASE\CAPSULE.OBJ
D:\AESTESIS\CODE\ELEKTROSDK\SRC\ELEKTRO\RELEASE\CONNECT.OBJ
D:\AESTESIS\CODE\ELEKTROSDK\SRC\ELEKTRO\RELEASE\CTRLBUTTON.OBJ
D:\AESTESIS\CODE\ELEKTROSDK\SRC\ELEKTRO\RELEASE\EFFECT.OBJ
D:\AESTESIS\CODE\ELEKTROSDK\SRC\ELEKTRO\RELEASE\EFFECT3D.OBJ
D:\aestesis\code\elektroSDK\src\eleKtro\Release\eleKtro.exp
D:\aestesis\code\elektroSDK\src\eleKtro\Release\eleKtro.lib
D:\AESTESIS\CODE\ELEKTROSDK\SRC\ELEKTRO\RELEASE\EQUALIZER.OBJ
D:\AESTESIS\CODE\ELEKTROSDK\SRC\ELEKTRO\RELEASE\MAIN.OBJ
D:\AESTESIS\CODE\ELEKTROSDK\SRC\ELEKTRO\RELEASE\PADDLE.OBJ
D:\AESTESIS\CODE\ELEKTROSDK\SRC\ELEKTRO\RELEASE\PIN.OBJ
D:\AESTESIS\CODE\ELEKTROSDK\SRC\ELEKTRO\RELEASE\SAMPLE.OBJ
D:\AESTESIS\CODE\ELEKTROSDK\SRC\ELEKTRO\RELEASE\SELCOLOR.OBJ
D:\AESTESIS\CODE\ELEKTROSDK\SRC\ELEKTRO\RELEASE\SELECT.OBJ
D:\AESTESIS\CODE\ELEKTROSDK\SRC\ELEKTRO\RELEASE\SELECTVIEW.OBJ
D:\AESTESIS\CODE\ELEKTROSDK\SRC\ELEKTRO\RELEASE\SELPAD.OBJ
D:\AESTESIS\CODE\ELEKTROSDK\SRC\ELEKTRO\RELEASE\SEQUENCER.OBJ
D:\AESTESIS\CODE\ELEKTROSDK\SRC\ELEKTRO\RELEASE\SIMPLE.OBJ
D:\AESTESIS\CODE\ELEKTROSDK\SRC\ELEKTRO\RELEASE\SLIDER.OBJ
D:\AESTESIS\CODE\ELEKTROSDK\SRC\ELEKTRO\RELEASE\TABLE.OBJ
D:\AESTESIS\CODE\ELEKTROSDK\SRC\ELEKTRO\RELEASE\TCPREMOTE.OBJ
D:\AESTESIS\CODE\ELEKTROSDK\SRC\ELEKTRO\RELEASE\TIMELINE.OBJ
D:\AESTESIS\CODE\ELEKTROSDK\SRC\ELEKTRO\RELEASE\TRANSITION.OBJ
D:\AESTESIS\CODE\ELEKTROSDK\SRC\ELEKTRO\RELEASE\TRIGGER.OBJ
D:\AESTESIS\CODE\ELEKTROSDK\SRC\ELEKTRO\RELEASE\VC100.PDB
D:\AESTESIS\CODE\ELEKTROSDK\SRC\ELEKTRO\RELEASE\VIDEO.OBJ
D:\AESTESIS\CODE\ELEKTROSDK\SRC\ELEKTRO\RELEASE\ZONE.OBJ
