Build started 11/09/2011 01:29:12.
     1>Project "D:\aestesis\code\elektroSDK\ompp\videoPlayer\videoPlayer\videoPlayer.vcxproj" on node 2 (build target(s)).
     1>InitializeBuildStatus:
         Creating "Release\videoPlayer.unsuccessfulbuild" because "AlwaysCreate" was specified.
       ClCompile:
         All outputs are up-to-date.
     1>C:\Program Files (x86)\MSBuild\Microsoft.Cpp\v4.0\Microsoft.CppBuild.targets(990,5): warning MSB8012: TargetPath(D:\aestesis\code\elektroSDK\project\Release\videoPlayer.dll) does not match the Linker's OutputFile property value (D:\aestesis\code\elektroSDK\elektronika\ompp\videoPlayer.dll). This may cause your project to build incorrectly. To correct this, please make sure that $(OutDir), $(TargetName) and $(TargetExt) property values match the value specified in %(Link.OutputFile).
       Link:
         C:\Program Files (x86)\Microsoft Visual Studio 10.0\VC\bin\link.exe /ERRORREPORT:PROMPT /OUT:"../../../elektronika/ompp/videoPlayer.dll" /INCREMENTAL:NO /NOLOGO /LIBPATH:"C:\Program Files (x86)\QuickTime SDK\Libraries" kernel32.lib user32.lib gdi32.lib winspool.lib comdlg32.lib advapi32.lib shell32.lib ole32.lib oleaut32.lib uuid.lib odbc32.lib odbccp32.lib /MANIFEST /ManifestFile:"Release\videoPlayer.dll.intermediate.manifest" /MANIFESTUAC:"level='asInvoker' uiAccess='false'" /DEBUG /PDB:"D:\aestesis\code\elektroSDK\project\Release\videoPlayer.pdb" /SUBSYSTEM:WINDOWS /OPT:REF /OPT:ICF /LTCG /TLBID:1 /DYNAMICBASE:NO /IMPLIB:"D:\aestesis\code\elektroSDK\project\Release\videoPlayer.lib" /MACHINE:X86 /DLL Release\QThelpers.obj
         Release\videoPlayer.obj
         ..\..\..\sdk\lib\alib100.lib
         "C:\Program Files\QuickTime SDK\Libraries\qtmlClient.lib"
         D:\aestesis\code\elektroSDK\src\Alib\Release\alib100.lib
         D:\aestesis\code\elektroSDK\src\eleKtro\Release\eleKtro.lib
            Creating library D:\aestesis\code\elektroSDK\project\Release\videoPlayer.lib and object D:\aestesis\code\elektroSDK\project\Release\videoPlayer.exp
     1>LINK : warning LNK4098: defaultlib 'LIBCMT' conflicts with use of other libs; use /NODEFAULTLIB:library
         Generating code
         Finished generating code
         videoPlayer.vcxproj -> D:\aestesis\code\elektroSDK\project\Release\videoPlayer.dll
       Manifest:
         C:\Program Files (x86)\Microsoft SDKs\Windows\v7.0A\bin\mt.exe /nologo /verbose /outputresource:"../../../elektronika/ompp/videoPlayer.dll;#2" /manifest Release\videoPlayer.dll.intermediate.manifest
       FinalizeBuildStatus:
         Deleting file "Release\videoPlayer.unsuccessfulbuild".
         Touching "Release\videoPlayer.lastbuildstate".
     1>Done Building Project "D:\aestesis\code\elektroSDK\ompp\videoPlayer\videoPlayer\videoPlayer.vcxproj" (build target(s)).

Build succeeded.

Time Elapsed 00:00:01.67
